1.000000e-03 1.000000e-03 -4242.074370 300 334.942000 14.514405
1.000000e-03 4.000000e-03 -4240.746911 300 334.219000 14.650635
1.000000e-03 1.000000e-02 -4239.169842 244 274.164000 8.778581
1.000000e-03 4.000000e-02 -4239.168352 300 332.890000 8.784068
1.000000e-03 4.000000e-02 -4239.168352 300 332.890000 8.784068
1.000000e-03 1.000000e-01 -4236.718211 300 335.433000 11.160484
1.000000e-03 4.000000e-01 -4239.089664 300 334.387000 8.767336
1.000000e-03 5.000000e-01 -4236.799635 300 334.006000 12.920935
4.000000e-03 1.000000e-03 -4239.242807 300 335.200000 10.669640
4.000000e-03 4.000000e-03 -4239.178101 300 335.185000 10.643043
4.000000e-03 1.000000e-02 -4237.459646 300 334.331000 14.236408
4.000000e-03 4.000000e-02 -4238.983718 300 333.698000 10.617601
4.000000e-03 4.000000e-02 -4238.983718 300 333.698000 10.617601
4.000000e-03 1.000000e-01 -4240.160541 300 334.184000 10.667341
4.000000e-03 4.000000e-01 -4239.171190 300 334.611000 8.780700
4.000000e-03 5.000000e-01 -4239.251411 300 334.947000 10.513468
1.000000e-02 1.000000e-03 -4239.161401 300 337.339000 8.771669
1.000000e-02 4.000000e-03 -4239.144111 300 335.640000 3.901417
1.000000e-02 1.000000e-02 -4241.617565 300 335.768000 9.180262
1.000000e-02 4.000000e-02 -4239.172139 246 276.605000 8.778661
1.000000e-02 4.000000e-02 -4239.172139 246 276.605000 8.778661
1.000000e-02 1.000000e-01 -4239.149974 300 337.287000 8.751376
1.000000e-02 4.000000e-01 -4239.171344 300 335.599000 8.778956
1.000000e-02 5.000000e-01 -4239.105420 300 334.708000 8.689428
4.000000e-02 1.000000e-03 -4239.173734 157 175.709000 10.643806
4.000000e-02 4.000000e-03 -4239.174532 85 96.858000 10.643833
4.000000e-02 1.000000e-02 -4239.174350 150 168.846000 10.643832
4.000000e-02 4.000000e-02 -4239.214752 300 332.488000 11.922082
4.000000e-02 4.000000e-02 -4239.214752 300 332.488000 11.922082
4.000000e-02 1.000000e-01 -4238.402361 300 335.086000 16.522366
4.000000e-02 4.000000e-01 -4239.174353 135 151.839000 10.643783
4.000000e-02 5.000000e-01 -4239.206657 300 335.879000 7.035895
5.000000e-02 1.000000e-03 -4239.174242 300 335.392000 10.642711
5.000000e-02 4.000000e-03 -4239.174280 300 334.505000 10.644491
5.000000e-02 1.000000e-02 -4239.174525 300 333.888000 10.643311
5.000000e-02 4.000000e-02 -4239.152282 300 333.126000 11.861601
5.000000e-02 4.000000e-02 -4239.152282 300 333.126000 11.861601
5.000000e-02 1.000000e-01 -4237.414655 300 335.476000 11.090216
5.000000e-02 4.000000e-01 -4239.305301 300 346.752000 13.236041
5.000000e-02 5.000000e-01 -4239.637943 300 334.934000 12.129651
1.000000e-01 1.000000e-03 -4239.305222 300 334.553000 16.517986
1.000000e-01 4.000000e-03 -4239.880341 300 333.436000 16.601848
1.000000e-01 1.000000e-02 -4240.079723 300 334.678000 16.942709
1.000000e-01 4.000000e-02 -4239.221204 300 333.200000 16.472992
1.000000e-01 4.000000e-02 -4239.221204 300 333.200000 16.472992
1.000000e-01 1.000000e-01 -4237.648464 300 335.129000 14.097002
1.000000e-01 4.000000e-01 -4239.141580 300 334.114000 11.896472
1.000000e-01 5.000000e-01 -4237.432417 300 335.531000 11.002094
4.000000e-01 1.000000e-03 -4239.171777 300 334.273000 8.777341
4.000000e-01 4.000000e-03 -4239.169574 300 335.775000 8.779978
4.000000e-01 1.000000e-02 -4239.171456 300 338.132000 8.777550
4.000000e-01 4.000000e-02 -4239.172152 300 333.055000 8.774942
4.000000e-01 4.000000e-02 -4239.172152 300 333.055000 8.774942
4.000000e-01 1.000000e-01 -4239.170664 300 335.538000 8.772956
4.000000e-01 4.000000e-01 -4239.156958 300 334.431000 8.776438
4.000000e-01 5.000000e-01 -4232.562118 300 336.910000 15.002404
5.000000e-01 1.000000e-03 -4239.167143 300 335.023000 8.743693
5.000000e-01 4.000000e-03 -4239.172151 300 334.493000 8.744047
5.000000e-01 1.000000e-02 -4239.178234 300 334.515000 8.745082
5.000000e-01 4.000000e-02 -4239.156577 300 334.755000 8.746041
5.000000e-01 4.000000e-02 -4239.156577 300 334.755000 8.746041
5.000000e-01 1.000000e-01 -4239.175342 300 335.522000 8.761302
5.000000e-01 4.000000e-01 -4238.901216 300 334.976000 9.659104
5.000000e-01 5.000000e-01 -4239.314938 300 334.407000 8.736144
