
Lmod is automatically replacing "cce/11.0.4" with "gcc/10.2.0".


Lmod is automatically replacing "PrgEnv-cray/8.0.0" with "PrgEnv-gnu/8.0.0".


Due to MODULEPATH changes, the following have been reloaded:
  1) cray-mpich/8.1.4


The following have been reloaded with a version change:
  1) PrgEnv-gnu/8.0.0 => PrgEnv-gnu/8.1.0
  2) cray-libsci/21.04.1.1 => cray-libsci/21.08.1.2
  3) cray-mpich/8.1.4 => cray-mpich/8.1.9
  4) craype/2.7.6 => craype/2.7.10
  5) gcc/10.2.0 => gcc/11.2.0

Unloading the cpe module is insufficient to restore the system defaults.
Please run 'source
/opt/cray/pe/cpe/21.09/restore_lmod_system_defaults.[csh|sh]'. 

Program received signal SIGABRT: Process abort signal.

Backtrace for this error:
#0  0x2b6faa4b449f in ???
#1  0x2b6faa4b4420 in ???
#2  0x2b6faa4b5a00 in ???
#3  0x2a3bb86 in __cp_output_handling_MOD_cp_print_key_unit_nr
	at /mnt/lustre/a2fs-work1/work/y07/shared/apps/core/cp2k/cp2k-2023.1/src/input/cp_output_handling.F:948
#4  0x9fe13f in __qs_mo_io_MOD_write_mo_set_to_restart
	at /mnt/lustre/a2fs-work1/work/y07/shared/apps/core/cp2k/cp2k-2023.1/src/qs_mo_io.F:147
#5  0x1b003d0 in __qs_scf_MOD_scf_env_do_scf
	at /mnt/lustre/a2fs-work1/work/y07/shared/apps/core/cp2k/cp2k-2023.1/src/qs_scf.F:537
#6  0x1b0dc17 in __qs_scf_MOD_scf
	at /mnt/lustre/a2fs-work1/work/y07/shared/apps/core/cp2k/cp2k-2023.1/src/qs_scf.F:246
#7  0x10e498b in __qs_energy_MOD_qs_energies
	at /mnt/lustre/a2fs-work1/work/y07/shared/apps/core/cp2k/cp2k-2023.1/src/qs_energy.F:111
#8  0x906134 in __force_env_methods_MOD_force_env_calc_energy_force
	at /mnt/lustre/a2fs-work1/work/y07/shared/apps/core/cp2k/cp2k-2023.1/src/force_env_methods.F:259
#9  0x507804 in cp2k_run
	at /mnt/lustre/a2fs-work1/work/y07/shared/apps/core/cp2k/cp2k-2023.1/src/start/cp2k_runs.F:356
#10  0x50a159 in __cp2k_runs_MOD_run_input
	at /mnt/lustre/a2fs-work1/work/y07/shared/apps/core/cp2k/cp2k-2023.1/src/start/cp2k_runs.F:997
#11  0x5048bd in cp2k
	at /mnt/lustre/a2fs-work1/work/y07/shared/apps/core/cp2k/cp2k-2023.1/src/start/cp2k.F:379
#12  0x4d86dc in main
	at /mnt/lustre/a2fs-work1/work/y07/shared/apps/core/cp2k/cp2k-2023.1/src/start/cp2k.F:44
srun: error: nid005468: task 0: Aborted (core dumped)
srun: launch/slurm: _step_signal: Terminating StepId=3038886.0
slurmstepd: error: *** STEP 3038886.0 ON nid005468 CANCELLED AT 2023-02-06T16:38:36 ***
srun: error: nid005468: tasks 1-127: Terminated
srun: Force Terminated StepId=3038886.0
