
Lmod is automatically replacing "cce/11.0.4" with "gcc/10.2.0".


Lmod is automatically replacing "PrgEnv-cray/8.0.0" with "PrgEnv-gnu/8.0.0".


Due to MODULEPATH changes, the following have been reloaded:
  1) cray-mpich/8.1.4


The following have been reloaded with a version change:
  1) PrgEnv-gnu/8.0.0 => PrgEnv-gnu/8.1.0
  2) cray-libsci/21.04.1.1 => cray-libsci/21.08.1.2
  3) cray-mpich/8.1.4 => cray-mpich/8.1.9
  4) craype/2.7.6 => craype/2.7.10
  5) gcc/10.2.0 => gcc/11.2.0

slurmstepd: error: *** STEP 3095503.0 ON nid004129 CANCELLED AT 2023-02-15T12:29:36 DUE TO TIME LIMIT ***
slurmstepd: error: *** JOB 3095503 ON nid004129 CANCELLED AT 2023-02-15T12:29:36 DUE TO TIME LIMIT ***
process_vm_readv: No such process
PE 120: process_vm_readv returned: Invalid argument
Assertion failed in file ../src/mpid/ch4/shm/cray_common/cray_common_memops.c at line 426: 0
/opt/cray/pe/lib64/libmpi_gnu_91.so.12(MPL_backtrace_show+0x26) [0x2b07d9197c7b]
/opt/cray/pe/lib64/libmpi_gnu_91.so.12(+0x20e2744) [0x2b07d8b2c744]
/opt/cray/pe/lib64/libmpi_gnu_91.so.12(+0x25a2b49) [0x2b07d8fecb49]
/opt/cray/pe/lib64/libmpi_gnu_91.so.12(+0x25cdd58) [0x2b07d9017d58]
/opt/cray/pe/lib64/libmpi_gnu_91.so.12(+0x259a168) [0x2b07d8fe4168]
/opt/cray/pe/lib64/libmpi_gnu_91.so.12(+0xf456a2) [0x2b07d798f6a2]
/opt/cray/pe/lib64/libmpi_gnu_91.so.12(+0xfa48f6) [0x2b07d79ee8f6]
/opt/cray/pe/lib64/libmpi_gnu_91.so.12(+0x1ddb0f6) [0x2b07d88250f6]
/opt/cray/pe/lib64/libmpi_gnu_91.so.12(+0x1cadfb2) [0x2b07d86f7fb2]
/opt/cray/pe/lib64/libmpi_gnu_91.so.12(+0x1986f6) [0x2b07d6be26f6]
/opt/cray/pe/lib64/libmpi_gnu_91.so.12(+0x198858) [0x2b07d6be2858]
/opt/cray/pe/lib64/libmpi_gnu_91.so.12(PMPI_Alltoallv+0xc3a) [0x2b07d6be384a]
/opt/cray/pe/lib64/libmpifort_gnu_91.so.12(pmpi_alltoallv_+0x52) [0x2b07d680cdc2]
/work/e05/e05/cahart/cp2k/cp2k-2023.1/cp2k-2023.1-dev-3/exe/ARCHER2/cp2k.psmp() [0x2e1bef1]
/work/e05/e05/cahart/cp2k/cp2k-2023.1/cp2k-2023.1-dev-3/exe/ARCHER2/cp2k.psmp() [0xc2fc11]
/work/e05/e05/cahart/cp2k/cp2k-2023.1/cp2k-2023.1-dev-3/exe/ARCHER2/cp2k.psmp() [0x1122db9]
/work/e05/e05/cahart/cp2k/cp2k-2023.1/cp2k-2023.1-dev-3/exe/ARCHER2/cp2k.psmp() [0x13a6423]
/work/e05/e05/cahart/cp2k/cp2k-2023.1/cp2k-2023.1-dev-3/exe/ARCHER2/cp2k.psmp() [0x9562c3]
/work/e05/e05/cahart/cp2k/cp2k-2023.1/cp2k-2023.1-dev-3/exe/ARCHER2/cp2k.psmp() [0x959cb0]
/work/e05/e05/cahart/cp2k/cp2k-2023.1/cp2k-2023.1-dev-3/exe/ARCHER2/cp2k.psmp() [0x1409c2f]
/work/e05/e05/cahart/cp2k/cp2k-2023.1/cp2k-2023.1-dev-3/exe/ARCHER2/cp2k.psmp() [0x14179e8]
/work/e05/e05/cahart/cp2k/cp2k-2023.1/cp2k-2023.1-dev-3/exe/ARCHER2/cp2k.psmp() [0xd567fc]
/work/e05/e05/cahart/cp2k/cp2k-2023.1/cp2k-2023.1-dev-3/exe/ARCHER2/cp2k.psmp() [0xb2d153]
/work/e05/e05/cahart/cp2k/cp2k-2023.1/cp2k-2023.1-dev-3/exe/ARCHER2/cp2k.psmp() [0x50e4a3]
/work/e05/e05/cahart/cp2k/cp2k-2023.1/cp2k-2023.1-dev-3/exe/ARCHER2/cp2k.psmp() [0x510f9a]
/work/e05/e05/cahart/cp2k/cp2k-2023.1/cp2k-2023.1-dev-3/exe/ARCHER2/cp2k.psmp() [0x50487e]
/work/e05/e05/cahart/cp2k/cp2k-2023.1/cp2k-2023.1-dev-3/exe/ARCHER2/cp2k.psmp() [0x4d868d]
/lib64/libc.so.6(__libc_start_main+0xea) [0x2b07d9bb934a]
/work/e05/e05/cahart/cp2k/cp2k-2023.1/cp2k-2023.1-dev-3/exe/ARCHER2/cp2k.psmp() [0x502c3a]
MPICH ERROR [Rank 120] [job id 3095503.0] [Wed Feb 15 12:29:36 2023] [nid004129] - Abort(1): Internal error

