1.000000e-03 1.000000e-03 -5417.682407 500 280.661000 25.075500
1.000000e-03 4.000000e-03 -5417.856253 500 275.879000 25.024201
1.000000e-03 1.000000e-02 -5417.777928 500 275.399000 25.077199
1.000000e-03 4.000000e-02 -5417.843830 500 277.606000 25.147506
1.000000e-03 4.000000e-02 -5417.843830 500 277.606000 25.147506
1.000000e-03 1.000000e-01 -5417.985560 500 276.986000 25.092888
1.000000e-03 4.000000e-01 -5417.808166 500 275.761000 25.059655
1.000000e-03 5.000000e-01 -5417.856875 500 274.811000 25.064589
4.000000e-03 1.000000e-03 -5418.545905 500 274.977000 6.446072
4.000000e-03 4.000000e-03 -5417.824797 500 274.732000 25.069450
4.000000e-03 1.000000e-02 -5413.912140 500 275.053000 7.385849
4.000000e-03 4.000000e-02 -5417.839713 500 276.809000 25.062071
4.000000e-03 4.000000e-02 -5417.839713 500 276.809000 25.062071
4.000000e-03 1.000000e-01 -5417.841000 500 275.357000 25.073706
4.000000e-03 4.000000e-01 -5417.845236 500 275.396000 25.096477
4.000000e-03 5.000000e-01 -5417.840986 500 275.086000 25.072928
1.000000e-02 1.000000e-03 -5417.657753 500 275.756000 25.092098
1.000000e-02 4.000000e-03 -5417.832562 500 277.222000 25.057650
1.000000e-02 1.000000e-02 -5417.861815 500 275.593000 25.077186
1.000000e-02 4.000000e-02 -5417.828651 500 276.042000 25.075005
1.000000e-02 4.000000e-02 -5417.828651 500 276.042000 25.075005
1.000000e-02 1.000000e-01 -5417.830898 500 275.508000 25.070456
1.000000e-02 4.000000e-01 -5417.830855 500 275.120000 25.070938
1.000000e-02 5.000000e-01 -5417.831716 500 275.085000 25.069883
4.000000e-02 1.000000e-03 -5417.831976 500 274.676000 25.073444
4.000000e-02 4.000000e-03 -5417.835732 500 274.913000 24.957490
4.000000e-02 1.000000e-02 -5417.833450 500 274.985000 25.059054
4.000000e-02 4.000000e-02 -5417.851258 500 275.161000 25.125550
4.000000e-02 4.000000e-02 -5417.851258 500 275.161000 25.125550
4.000000e-02 1.000000e-01 -5417.835896 500 276.414000 25.105645
4.000000e-02 4.000000e-01 -5417.829796 500 276.375000 25.060445
4.000000e-02 5.000000e-01 -5417.905735 500 275.183000 25.033448
5.000000e-02 1.000000e-03 -5417.838379 500 276.144000 25.024118
5.000000e-02 4.000000e-03 -5417.825402 500 276.725000 25.030193
5.000000e-02 1.000000e-02 -5418.647441 500 276.887000 26.312107
5.000000e-02 4.000000e-02 -5417.962659 500 277.559000 25.114250
5.000000e-02 4.000000e-02 -5417.962659 500 277.559000 25.114250
5.000000e-02 1.000000e-01 -5417.837886 500 276.871000 25.055724
5.000000e-02 4.000000e-01 -5417.315744 500 277.526000 4.485785
5.000000e-02 5.000000e-01 -5417.802163 500 277.387000 24.546470
1.000000e-01 1.000000e-03 -5417.976199 500 276.956000 24.926910
1.000000e-01 4.000000e-03 -5418.111085 500 276.249000 24.645841
1.000000e-01 1.000000e-02 -5416.312414 500 277.076000 23.017312
1.000000e-01 4.000000e-02 -5417.831987 500 276.915000 25.078783
1.000000e-01 4.000000e-02 -5417.831987 500 276.915000 25.078783
1.000000e-01 1.000000e-01 -5417.882248 500 276.717000 24.994085
1.000000e-01 4.000000e-01 -5417.830712 500 276.813000 25.070355
1.000000e-01 5.000000e-01 -5417.830712 500 277.059000 25.070355
4.000000e-01 1.000000e-03 -5417.830712 500 276.910000 25.070355
4.000000e-01 4.000000e-03 -5417.830712 500 275.729000 25.070355
4.000000e-01 1.000000e-02 -5417.830712 500 276.234000 25.070355
4.000000e-01 4.000000e-02 -5417.830712 500 275.687000 25.070355
4.000000e-01 4.000000e-02 -5417.830712 500 275.687000 25.070355
4.000000e-01 1.000000e-01 -5417.830712 500 276.216000 25.070355
4.000000e-01 4.000000e-01 -5417.830712 500 277.072000 25.070355
4.000000e-01 5.000000e-01 -5417.830712 500 275.104000 25.070355
5.000000e-01 1.000000e-03 -5417.830711 500 275.080000 25.070355
5.000000e-01 4.000000e-03 -5417.830711 500 275.249000 25.070355
5.000000e-01 1.000000e-02 -5417.830712 500 275.737000 25.070355
5.000000e-01 4.000000e-02 -5417.830712 500 274.855000 25.070355
5.000000e-01 4.000000e-02 -5417.830712 500 274.855000 25.070355
5.000000e-01 1.000000e-01 -5417.830711 500 276.410000 25.070355
5.000000e-01 4.000000e-01 -5417.830712 500 275.792000 25.070355
5.000000e-01 5.000000e-01 -5417.830712 500 274.651000 25.070355
