2.000000e-01 5.000000e-01 -5417.875102 89 145.479000 2.350239
2.000000e-01 6.000000e-01 0.000000 0 0.000000 0.000000
2.000000e-01 7.000000e-01 -5417.750544 12 20.989000 17.988274
2.000000e-01 8.000000e-01 -5417.683642 12 22.763000 19.587341
2.100000e-01 5.000000e-01 -5410.938727 89 144.183000 20.983784
2.100000e-01 6.000000e-01 0.000000 0 0.000000 0.000000
2.100000e-01 7.000000e-01 -5417.737261 12 21.055000 18.182799
2.100000e-01 8.000000e-01 -5418.965250 38 63.461000 22.632595
2.200000e-01 5.000000e-01 0.000000 0 0.000000 0.000000
2.200000e-01 6.000000e-01 0.000000 0 0.000000 0.000000
2.200000e-01 7.000000e-01 -5417.723983 12 21.908000 18.367693
2.200000e-01 8.000000e-01 0.000000 0 0.000000 0.000000
2.300000e-01 5.000000e-01 -5417.293935 10 19.789000 12.783199
2.300000e-01 6.000000e-01 -5418.225948 89 143.863000 13.974451
2.300000e-01 7.000000e-01 -5417.712304 12 21.064000 18.543746
2.300000e-01 8.000000e-01 0.000000 0 0.000000 0.000000
2.400000e-01 5.000000e-01 -5417.290252 10 19.757000 12.954840
2.400000e-01 6.000000e-01 -5418.352712 195 311.228000 4.271064
2.400000e-01 7.000000e-01 -5417.701781 12 21.038000 18.708850
2.400000e-01 8.000000e-01 -5417.770411 84 137.172000 15.897298
2.500000e-01 5.000000e-01 -5417.287030 10 19.250000 13.129883
2.500000e-01 6.000000e-01 -5417.531117 44 73.510000 9.542046
2.500000e-01 7.000000e-01 -5417.692866 12 21.022000 18.860774
2.500000e-01 8.000000e-01 0.000000 0 0.000000 0.000000
2.600000e-01 5.000000e-01 -5417.284003 10 19.236000 13.309044
2.600000e-01 6.000000e-01 -5417.651542 65 105.558000 24.254673
2.600000e-01 7.000000e-01 -5417.684975 12 21.049000 19.001015
2.600000e-01 8.000000e-01 -5419.079510 79 127.754000 16.543800
2.700000e-01 5.000000e-01 -5417.280997 10 20.233000 13.492500
2.700000e-01 6.000000e-01 -5416.958087 11 21.347000 15.407707
2.700000e-01 7.000000e-01 -5417.678549 12 21.340000 19.136128
2.700000e-01 8.000000e-01 0.000000 0 0.000000 0.000000
2.800000e-01 5.000000e-01 -5417.278355 10 18.800000 13.681061
2.800000e-01 6.000000e-01 -5416.965259 11 20.049000 15.646865
2.800000e-01 7.000000e-01 -5417.673167 12 21.170000 19.276715
2.800000e-01 8.000000e-01 0.000000 0 0.000000 0.000000
2.900000e-01 5.000000e-01 -5417.276024 10 20.081000 13.875262
2.900000e-01 6.000000e-01 -5416.981575 11 19.539000 15.894502
2.900000e-01 7.000000e-01 -5417.668735 12 21.035000 19.430975
2.900000e-01 8.000000e-01 -5417.256637 17 29.260000 18.776873
3.000000e-01 5.000000e-01 -5417.274255 10 18.791000 14.075590
3.000000e-01 6.000000e-01 -5416.999790 11 19.770000 16.148436
3.000000e-01 7.000000e-01 -5417.664504 12 21.044000 19.603929
3.000000e-01 8.000000e-01 -5417.591159 12 22.772000 20.245861
3.100000e-01 5.000000e-01 -5417.273201 10 20.088000 14.282527
3.100000e-01 6.000000e-01 -5417.017486 11 19.969000 16.407694
3.100000e-01 7.000000e-01 -5417.659755 12 21.081000 19.798682
3.100000e-01 8.000000e-01 -5417.591118 12 22.262000 20.464512
3.200000e-01 5.000000e-01 -5417.272173 10 20.056000 14.496302
3.200000e-01 6.000000e-01 -5417.033753 11 19.728000 16.672344
3.200000e-01 7.000000e-01 -5417.654511 12 21.194000 20.005959
3.200000e-01 8.000000e-01 -5417.589963 12 22.063000 20.664068
3.300000e-01 5.000000e-01 0.000000 0 0.000000 0.000000
3.300000e-01 6.000000e-01 -5417.046665 11 21.271000 16.944273
3.300000e-01 7.000000e-01 -5417.647747 12 21.387000 20.201306
3.300000e-01 8.000000e-01 -5417.587783 12 21.584000 20.847894
3.400000e-01 5.000000e-01 -5418.099708 36 61.919000 7.549952
3.400000e-01 6.000000e-01 -5417.060858 11 20.469000 17.227377
3.400000e-01 7.000000e-01 -5417.638185 12 21.477000 20.328192
3.400000e-01 8.000000e-01 -5417.584257 12 22.046000 21.022211
3.500000e-01 5.000000e-01 -5416.745458 33 57.426000 6.506243
3.500000e-01 6.000000e-01 -5417.094422 11 19.795000 17.530249
3.500000e-01 7.000000e-01 0.000000 0 0.000000 0.000000
3.500000e-01 8.000000e-01 -5417.579576 12 21.422000 21.185983
3.600000e-01 5.000000e-01 -5416.352087 162 264.111000 9.098715
3.600000e-01 6.000000e-01 -5417.121388 11 21.221000 17.861805
3.600000e-01 7.000000e-01 -5416.854965 26 44.236000 20.281594
3.600000e-01 8.000000e-01 -5417.574043 12 26.243000 21.337339
3.700000e-01 5.000000e-01 -5417.959153 119 193.375000 8.545921
3.700000e-01 6.000000e-01 0.000000 0 0.000000 0.000000
3.700000e-01 7.000000e-01 0.000000 0 0.000000 0.000000
3.700000e-01 8.000000e-01 -5417.567706 12 22.970000 21.481795
3.800000e-01 5.000000e-01 -5415.152623 101 166.856000 6.822111
3.800000e-01 6.000000e-01 0.000000 0 0.000000 0.000000
3.800000e-01 7.000000e-01 -5417.157014 143 230.799000 23.182844
3.800000e-01 8.000000e-01 -5417.561223 12 21.910000 21.626764
3.900000e-01 5.000000e-01 -5417.023314 12 21.756000 15.589510
3.900000e-01 6.000000e-01 -5417.257063 11 23.143000 19.424665
3.900000e-01 7.000000e-01 -5418.187710 42 69.007000 20.075966
3.900000e-01 8.000000e-01 -5417.554646 12 21.692000 21.769331
4.000000e-01 5.000000e-01 -5419.762201 57 95.478000 24.268031
4.000000e-01 6.000000e-01 -5417.289490 11 20.324000 19.886987
4.000000e-01 7.000000e-01 0.000000 0 0.000000 0.000000
4.000000e-01 8.000000e-01 -5417.547952 12 21.887000 21.901029
4.100000e-01 5.000000e-01 0.000000 0 0.000000 0.000000
4.100000e-01 6.000000e-01 -5417.219716 16 28.148000 19.295127
4.100000e-01 7.000000e-01 0.000000 0 0.000000 0.000000
4.100000e-01 8.000000e-01 -5417.542837 12 22.203000 22.020653
4.200000e-01 5.000000e-01 0.000000 0 0.000000 0.000000
4.200000e-01 6.000000e-01 -5417.343578 11 20.511000 20.555317
4.200000e-01 7.000000e-01 -5415.919353 36 60.793000 22.598833
4.200000e-01 8.000000e-01 -5417.541140 12 23.407000 22.139719
4.300000e-01 5.000000e-01 -5416.974032 12 24.296000 16.477842
4.300000e-01 6.000000e-01 0.000000 0 0.000000 0.000000
4.300000e-01 7.000000e-01 -5417.933575 40 65.665000 22.212971
4.300000e-01 8.000000e-01 -5417.546885 12 24.113000 22.263373
4.400000e-01 5.000000e-01 -5417.023078 12 23.693000 16.600455
4.400000e-01 6.000000e-01 0.000000 0 0.000000 0.000000
4.400000e-01 7.000000e-01 -5417.911572 48 79.425000 23.734769
4.400000e-01 8.000000e-01 -5417.561275 12 26.278000 22.395597
4.500000e-01 5.000000e-01 -5417.671656 166 265.284000 22.868247
4.500000e-01 6.000000e-01 -5416.849801 29 49.019000 19.625179
4.500000e-01 7.000000e-01 -5417.362613 11 19.998000 21.665920
4.500000e-01 8.000000e-01 -5417.584462 12 26.278000 22.537334
4.600000e-01 5.000000e-01 0.000000 0 0.000000 0.000000
4.600000e-01 6.000000e-01 -5417.845549 121 195.369000 23.446993
4.600000e-01 7.000000e-01 -5417.266500 9 17.851000 21.677939
4.600000e-01 8.000000e-01 -5417.614198 12 26.243000 22.693591
4.700000e-01 5.000000e-01 -5418.694848 32 53.503000 22.360278
4.700000e-01 6.000000e-01 -5417.442029 11 22.592000 21.151055
4.700000e-01 7.000000e-01 -5417.424629 11 21.849000 21.794767
4.700000e-01 8.000000e-01 -5417.648943 12 26.263000 22.856072
4.800000e-01 5.000000e-01 -5418.082044 75 121.004000 24.907596
4.800000e-01 6.000000e-01 -5417.413374 11 23.061000 21.354039
4.800000e-01 7.000000e-01 -5417.459232 11 19.722000 21.873349
4.800000e-01 8.000000e-01 -5417.683246 12 23.400000 23.016746
4.900000e-01 5.000000e-01 -5417.285613 32 53.450000 21.585581
4.900000e-01 6.000000e-01 -5417.746701 16 30.376000 21.158436
4.900000e-01 7.000000e-01 -5417.586578 13 22.818000 21.857571
4.900000e-01 8.000000e-01 -5417.712887 12 23.402000 23.165432
5.000000e-01 5.000000e-01 -5417.329827 49 84.109000 19.971783
5.000000e-01 6.000000e-01 -5418.349193 27 48.400000 24.006699
5.000000e-01 7.000000e-01 -5417.331712 9 18.302000 21.987530
5.000000e-01 8.000000e-01 -5417.734245 12 23.524000 23.294873
5.100000e-01 5.000000e-01 -5419.672154 37 60.588000 24.202035
5.100000e-01 6.000000e-01 -5417.310524 24 43.760000 22.241824
5.100000e-01 7.000000e-01 -5417.338536 9 18.377000 22.041779
5.100000e-01 8.000000e-01 -5417.752755 12 21.576000 23.394776
5.200000e-01 5.000000e-01 -5417.804903 88 141.440000 23.838593
5.200000e-01 6.000000e-01 -5418.894313 38 68.971000 24.188484
5.200000e-01 7.000000e-01 -5418.377783 35 58.132000 24.097390
5.200000e-01 8.000000e-01 -5417.774407 12 23.665000 23.462213
5.300000e-01 5.000000e-01 -5417.794819 106 171.112000 23.390911
5.300000e-01 6.000000e-01 -5417.833706 79 126.989000 23.500126
5.300000e-01 7.000000e-01 -5417.750124 12 21.396000 22.542382
5.300000e-01 8.000000e-01 -5417.811462 12 21.494000 23.492928
5.400000e-01 5.000000e-01 -5416.863622 34 56.134000 21.572337
5.400000e-01 6.000000e-01 -5417.570641 21 39.434000 21.772864
5.400000e-01 7.000000e-01 -5417.704619 33 54.303000 22.989740
5.400000e-01 8.000000e-01 -5417.840668 12 22.738000 23.477370
5.500000e-01 5.000000e-01 -5418.144049 129 206.683000 23.933237
5.500000e-01 6.000000e-01 -5417.111250 9 23.633000 21.703845
5.500000e-01 7.000000e-01 -5417.669354 20 34.917000 22.827837
5.500000e-01 8.000000e-01 -5417.094940 9 17.841000 22.784529
5.600000e-01 5.000000e-01 -5417.834805 89 145.315000 23.524274
5.600000e-01 6.000000e-01 -5417.820975 20 37.501000 22.233458
5.600000e-01 7.000000e-01 -5417.553753 14 25.745000 22.673814
5.600000e-01 8.000000e-01 -5417.122239 9 18.861000 22.820177
5.700000e-01 5.000000e-01 -5417.847601 79 133.251000 23.544689
5.700000e-01 6.000000e-01 -5418.008790 38 65.395000 23.784577
5.700000e-01 7.000000e-01 -5417.528861 13 23.791000 22.704333
5.700000e-01 8.000000e-01 -5417.182103 9 18.857000 22.848661
5.800000e-01 5.000000e-01 -5417.830058 22 41.836000 21.800841
5.800000e-01 6.000000e-01 -5417.860264 24 47.348000 22.617974
5.800000e-01 7.000000e-01 -5417.514348 13 23.754000 22.790243
5.800000e-01 8.000000e-01 -5417.226699 9 18.862000 22.863402
5.900000e-01 5.000000e-01 -5418.037236 237 382.033000 23.591833
5.900000e-01 6.000000e-01 -5417.287061 10 20.842000 21.882386
5.900000e-01 7.000000e-01 -5417.517560 13 24.208000 22.874172
5.900000e-01 8.000000e-01 -5417.539281 18 31.295000 23.609153
6.000000e-01 5.000000e-01 -5417.730753 45 78.069000 21.761792
6.000000e-01 6.000000e-01 -5417.322494 11 22.397000 22.038813
6.000000e-01 7.000000e-01 -5417.535609 13 23.166000 22.952331
6.000000e-01 8.000000e-01 -5417.896624 16 29.614000 23.590068
6.100000e-01 5.000000e-01 -5418.242251 48 81.696000 24.119490
6.100000e-01 6.000000e-01 -5417.376489 11 20.647000 22.231399
6.100000e-01 7.000000e-01 -5417.562623 13 23.785000 23.026167
6.100000e-01 8.000000e-01 -5417.666114 13 22.621000 23.344982
6.200000e-01 5.000000e-01 -5418.562344 43 74.233000 21.280638
6.200000e-01 6.000000e-01 -5417.373706 11 21.623000 22.409311
6.200000e-01 7.000000e-01 -5417.591182 13 24.857000 23.107422
6.200000e-01 8.000000e-01 -5417.777820 16 27.873000 23.571483
6.300000e-01 5.000000e-01 0.000000 0 0.000000 0.000000
6.300000e-01 6.000000e-01 -5417.323966 13 24.351000 22.346271
6.300000e-01 7.000000e-01 -5417.609976 13 24.421000 23.193245
6.300000e-01 8.000000e-01 -5417.353310 14 25.616000 23.320705
6.400000e-01 5.000000e-01 -5417.417858 74 124.119000 23.684281
6.400000e-01 6.000000e-01 -5417.684755 25 43.548000 22.997426
6.400000e-01 7.000000e-01 -5417.617033 13 23.704000 23.262212
6.400000e-01 8.000000e-01 -5417.143878 14 27.931000 23.288378
6.500000e-01 5.000000e-01 -5418.272622 55 91.173000 23.387580
6.500000e-01 6.000000e-01 -5417.985469 16 29.114000 22.909644
6.500000e-01 7.000000e-01 -5417.606563 13 24.688000 23.323313
6.500000e-01 8.000000e-01 -5417.472155 12 22.035000 23.248450
6.600000e-01 5.000000e-01 -5417.387158 16 29.143000 21.802208
6.600000e-01 6.000000e-01 -5417.480394 12 21.207000 22.817571
6.600000e-01 7.000000e-01 -5417.540866 13 25.435000 23.421456
6.600000e-01 8.000000e-01 -5417.423636 12 21.203000 23.222474
6.700000e-01 5.000000e-01 -5417.471608 11 23.019000 21.529292
6.700000e-01 6.000000e-01 -5417.514906 12 21.004000 22.953064
6.700000e-01 7.000000e-01 -5417.436417 14 26.321000 23.542638
6.700000e-01 8.000000e-01 -5417.334532 12 25.370000 23.203660
6.800000e-01 5.000000e-01 -5417.478288 11 19.999000 21.617456
6.800000e-01 6.000000e-01 -5417.530758 12 22.565000 23.051945
6.800000e-01 7.000000e-01 -5417.600825 27 47.446000 23.453077
6.800000e-01 8.000000e-01 -5417.303925 12 25.831000 23.192994
6.900000e-01 5.000000e-01 -5417.502336 11 21.807000 21.718305
6.900000e-01 6.000000e-01 -5417.543737 12 21.340000 23.148803
6.900000e-01 7.000000e-01 -5417.466938 15 28.032000 23.648491
6.900000e-01 8.000000e-01 -5417.491573 21 40.524000 23.416180
7.000000e-01 5.000000e-01 -5417.529596 11 21.415000 21.844115
7.000000e-01 6.000000e-01 -5417.578187 12 22.128000 23.194940
7.000000e-01 7.000000e-01 -5417.454117 15 25.866000 23.631017
7.000000e-01 8.000000e-01 -5417.218747 13 26.590000 23.233266
7.100000e-01 5.000000e-01 -5417.831488 48 80.098000 22.795748
7.100000e-01 6.000000e-01 -5417.566180 20 34.803000 23.340706
7.100000e-01 7.000000e-01 -5417.832629 13 23.998000 23.559686
7.100000e-01 8.000000e-01 -5417.918120 11 23.759000 23.249342
7.200000e-01 5.000000e-01 -5417.716676 32 57.206000 22.310818
7.200000e-01 6.000000e-01 -5417.390066 9 17.974000 22.682611
7.200000e-01 7.000000e-01 -5417.805692 25 42.272000 23.712860
7.200000e-01 8.000000e-01 -5418.020995 18 30.626000 24.239270
7.300000e-01 5.000000e-01 -5417.375249 12 25.076000 22.162454
7.300000e-01 6.000000e-01 -5417.380346 9 17.931000 22.652740
7.300000e-01 7.000000e-01 -5417.798577 20 33.496000 23.774327
7.300000e-01 8.000000e-01 -5417.493020 26 47.264000 23.390759
7.400000e-01 5.000000e-01 -5417.378648 12 23.421000 22.249992
7.400000e-01 6.000000e-01 -5417.365232 9 17.677000 22.640173
7.400000e-01 7.000000e-01 -5417.773028 13 22.690000 23.184676
7.400000e-01 8.000000e-01 -5416.476671 22 40.837000 24.049229
7.500000e-01 5.000000e-01 -5417.374003 12 21.236000 22.328756
7.500000e-01 6.000000e-01 -5417.747573 11 20.417000 22.685987
7.500000e-01 7.000000e-01 -5417.666016 33 54.374000 24.027797
7.500000e-01 8.000000e-01 -5417.707366 21 39.576000 24.163673
7.600000e-01 5.000000e-01 -5417.364036 12 21.364000 22.401776
7.600000e-01 6.000000e-01 -5417.829436 14 25.025000 23.123420
7.600000e-01 7.000000e-01 -5417.740780 18 31.267000 23.940693
7.600000e-01 8.000000e-01 -5417.803105 15 25.682000 23.822851
7.700000e-01 5.000000e-01 -5417.349026 12 22.269000 22.470096
7.700000e-01 6.000000e-01 -5417.750407 22 40.098000 23.272194
7.700000e-01 7.000000e-01 -5417.799716 19 35.123000 23.191628
7.700000e-01 8.000000e-01 -5417.826947 15 25.940000 23.765042
7.800000e-01 5.000000e-01 -5417.329327 12 21.376000 22.534783
7.800000e-01 6.000000e-01 -5417.798001 52 85.261000 23.259018
7.800000e-01 7.000000e-01 -5417.156559 12 22.095000 23.652418
7.800000e-01 8.000000e-01 -5416.869152 19 31.718000 23.417665
7.900000e-01 5.000000e-01 -5417.303685 12 21.149000 22.595146
7.900000e-01 6.000000e-01 -5417.852523 53 85.596000 23.051278
7.900000e-01 7.000000e-01 -5417.275460 14 26.022000 23.437657
7.900000e-01 8.000000e-01 -5417.017437 32 52.584000 23.435248
8.000000e-01 5.000000e-01 -5417.889541 37 60.409000 23.141539
8.000000e-01 6.000000e-01 -5417.888959 24 40.600000 23.277460
8.000000e-01 7.000000e-01 -5417.806363 35 59.629000 24.030023
8.000000e-01 8.000000e-01 -5417.417171 125 199.790000 23.363197
