1.000000e-03 1.000000e-03 -4240.844860 300 334.618000 14.910971
1.000000e-03 4.000000e-03 -4240.977700 300 336.444000 13.589899
1.000000e-03 1.000000e-02 -4239.190025 120 134.998000 8.777527
1.000000e-03 4.000000e-02 -4239.166602 255 284.212000 8.771366
1.000000e-03 4.000000e-02 -4239.166602 255 284.212000 8.771366
1.000000e-03 1.000000e-01 -4228.774353 300 334.563000 9.164444
1.000000e-03 4.000000e-01 -4239.188319 300 334.581000 7.051117
1.000000e-03 5.000000e-01 -4238.505100 300 334.907000 13.910346
4.000000e-03 1.000000e-03 -4239.925377 300 334.464000 10.667403
4.000000e-03 4.000000e-03 -4239.175467 270 302.189000 10.643368
4.000000e-03 1.000000e-02 -4239.258991 300 334.711000 10.660949
4.000000e-03 4.000000e-02 -4239.119190 300 333.110000 10.630511
4.000000e-03 4.000000e-02 -4239.119190 300 333.110000 10.630511
4.000000e-03 1.000000e-01 -4235.013607 300 333.922000 8.988802
4.000000e-03 4.000000e-01 -4239.170404 267 298.920000 8.778848
4.000000e-03 5.000000e-01 -4239.437738 300 334.392000 16.173233
1.000000e-02 1.000000e-03 -4239.173186 300 336.557000 8.764583
1.000000e-02 4.000000e-03 -4239.141581 216 243.701000 3.893027
1.000000e-02 1.000000e-02 -4239.181975 185 210.506000 8.777056
1.000000e-02 4.000000e-02 -4239.139944 270 302.975000 0.233786
1.000000e-02 4.000000e-02 -4239.139944 270 302.975000 0.233786
1.000000e-02 1.000000e-01 -4239.155186 286 320.623000 8.770834
1.000000e-02 4.000000e-01 -4240.230439 300 335.228000 16.241060
1.000000e-02 5.000000e-01 -4239.170673 270 302.353000 8.777403
4.000000e-02 1.000000e-03 -4239.170291 119 134.341000 10.643263
4.000000e-02 4.000000e-03 -4239.179245 56 64.494000 10.643173
4.000000e-02 1.000000e-02 -4239.175981 131 149.294000 10.644869
4.000000e-02 4.000000e-02 -4239.086341 300 333.874000 9.040388
4.000000e-02 4.000000e-02 -4239.086341 300 333.874000 9.040388
4.000000e-02 1.000000e-01 -4239.137113 300 334.619000 10.520828
4.000000e-02 4.000000e-01 -4239.168259 94 106.526000 10.644664
4.000000e-02 5.000000e-01 -4239.173631 266 298.245000 8.779392
5.000000e-02 1.000000e-03 -4239.178789 300 336.966000 10.644841
5.000000e-02 4.000000e-03 -4239.174818 252 283.043000 10.643859
5.000000e-02 1.000000e-02 -4239.173858 148 166.863000 10.644416
5.000000e-02 4.000000e-02 -4239.800073 300 333.597000 12.071947
5.000000e-02 4.000000e-02 -4239.800073 300 333.597000 12.071947
5.000000e-02 1.000000e-01 -4238.760749 300 335.603000 10.677632
5.000000e-02 4.000000e-01 -4240.899774 300 337.073000 9.180252
5.000000e-02 5.000000e-01 -4243.199805 300 335.218000 14.945382
1.000000e-01 1.000000e-03 -4238.283701 300 335.380000 13.702014
1.000000e-01 4.000000e-03 -4239.222650 300 335.364000 16.266663
1.000000e-01 1.000000e-02 -4237.311644 300 337.219000 15.209364
1.000000e-01 4.000000e-02 -4240.636546 300 332.364000 16.823232
1.000000e-01 4.000000e-02 -4240.636546 300 332.364000 16.823232
1.000000e-01 1.000000e-01 -4239.176578 300 334.666000 16.045040
1.000000e-01 4.000000e-01 -4237.897350 300 333.820000 9.721628
1.000000e-01 5.000000e-01 -4239.682286 300 335.233000 11.089417
4.000000e-01 1.000000e-03 -4239.176536 300 334.846000 8.784218
4.000000e-01 4.000000e-03 -4239.171266 300 338.726000 8.777980
4.000000e-01 1.000000e-02 -4239.170054 300 338.734000 8.778973
4.000000e-01 4.000000e-02 -4239.169458 300 335.340000 8.777412
4.000000e-01 4.000000e-02 -4239.169458 300 335.340000 8.777412
4.000000e-01 1.000000e-01 -4239.171043 300 336.015000 8.776957
4.000000e-01 4.000000e-01 -4239.192485 300 336.213000 8.767892
4.000000e-01 5.000000e-01 -4238.287848 300 334.670000 11.216930
5.000000e-01 1.000000e-03 -4239.167354 300 335.010000 8.743704
5.000000e-01 4.000000e-03 -4239.172325 300 336.230000 8.744062
5.000000e-01 1.000000e-02 -4239.178295 300 336.719000 8.745082
5.000000e-01 4.000000e-02 -4239.155419 300 337.167000 8.713158
5.000000e-01 4.000000e-02 -4239.155419 300 337.167000 8.713158
5.000000e-01 1.000000e-01 -4239.175345 300 335.189000 8.761302
5.000000e-01 4.000000e-01 -4239.101803 300 334.984000 8.593175
5.000000e-01 5.000000e-01 -4238.769626 300 336.016000 8.740861
