4.000000e+00 0.000000e+00 -4239.171451 300 334.165000 8.779433
4.000000e+00 2.000000e+00 -4239.173439 300 335.360000 8.778300
4.000000e+00 4.000000e+00 -4239.141980 300 335.265000 3.891646
4.000000e+00 6.000000e+00 -4239.146309 300 335.135000 3.896469
4.000000e+00 8.000000e+00 -4239.161707 300 334.638000 10.645126
4.000000e+00 1.000000e+01 -4239.185382 300 334.183000 10.634076
4.000000e+00 1.200000e+01 -4239.189168 300 335.906000 10.594023
4.000000e+00 1.400000e+01 -4239.166473 300 336.358000 8.753031
6.000000e+00 0.000000e+00 -4239.171502 300 333.994000 8.780335
6.000000e+00 2.000000e+00 -4239.139451 300 335.535000 0.038499
6.000000e+00 4.000000e+00 -4239.138089 300 335.536000 3.903432
6.000000e+00 6.000000e+00 -4239.166846 300 335.532000 7.043260
6.000000e+00 8.000000e+00 -4239.174493 250 280.567000 10.643864
6.000000e+00 1.000000e+01 -4238.877984 300 334.543000 11.413889
6.000000e+00 1.200000e+01 -4239.145154 300 335.149000 3.882842
6.000000e+00 1.400000e+01 -4239.171387 300 334.996000 8.778670
8.000000e+00 0.000000e+00 -4239.141842 300 334.626000 3.889904
8.000000e+00 2.000000e+00 -4239.171385 144 162.746000 8.778803
8.000000e+00 4.000000e+00 -4239.642064 300 334.423000 12.240098
8.000000e+00 6.000000e+00 -4239.142242 300 334.249000 3.890090
8.000000e+00 8.000000e+00 -4239.172449 300 335.289000 7.045073
8.000000e+00 1.000000e+01 -4238.923574 300 335.748000 16.151127
8.000000e+00 1.200000e+01 -4239.171389 300 336.869000 8.778795
8.000000e+00 1.400000e+01 -4239.171611 65 76.943000 8.778685
1.000000e+01 0.000000e+00 -4238.610794 300 337.401000 10.505825
1.000000e+01 2.000000e+00 -4238.842768 300 336.661000 17.228157
1.000000e+01 4.000000e+00 -4239.097117 300 335.752000 3.880258
1.000000e+01 6.000000e+00 -4239.171153 300 336.279000 7.042277
1.000000e+01 8.000000e+00 -4239.169108 300 335.126000 8.747839
1.000000e+01 1.000000e+01 -4239.141653 300 334.111000 3.891986
1.000000e+01 1.200000e+01 -4239.170770 300 334.377000 7.041561
1.000000e+01 1.400000e+01 -4239.178553 300 334.069000 10.673531
1.200000e+01 0.000000e+00 -4239.759066 300 335.502000 9.586129
1.200000e+01 2.000000e+00 -4239.362882 300 334.972000 10.557079
1.200000e+01 4.000000e+00 -4238.785389 300 334.982000 10.823384
1.200000e+01 6.000000e+00 -4239.171185 114 128.782000 8.778853
1.200000e+01 8.000000e+00 -4239.174378 300 335.169000 10.643720
1.200000e+01 1.000000e+01 -4239.659194 300 336.087000 12.021564
1.200000e+01 1.200000e+01 -4239.171629 109 125.860000 8.778735
1.200000e+01 1.400000e+01 -4239.171388 300 336.816000 8.778729
1.400000e+01 0.000000e+00 -4239.154577 300 337.094000 7.035434
1.400000e+01 2.000000e+00 -4239.174454 300 334.640000 10.643380
1.400000e+01 4.000000e+00 -4239.174092 133 150.465000 10.643832
1.400000e+01 6.000000e+00 -4239.174574 300 333.960000 10.644003
1.400000e+01 8.000000e+00 -4239.171505 85 98.379000 8.778589
1.400000e+01 1.000000e+01 -4239.171340 120 135.714000 8.778797
1.400000e+01 1.200000e+01 -4239.141433 300 334.102000 3.901750
1.400000e+01 1.400000e+01 -4237.496868 300 334.009000 11.852787
1.600000e+01 0.000000e+00 -4239.174038 101 116.661000 10.643824
1.600000e+01 2.000000e+00 -4239.174599 300 334.691000 10.643880
1.600000e+01 4.000000e+00 -4239.174493 300 334.761000 10.643860
1.600000e+01 6.000000e+00 -4239.171592 129 146.885000 8.778863
1.600000e+01 8.000000e+00 -4239.170508 300 335.156000 10.644515
1.600000e+01 1.000000e+01 -4239.173331 300 334.341000 10.643896
1.600000e+01 1.200000e+01 -4239.176260 300 337.263000 10.643180
1.600000e+01 1.400000e+01 -4239.174291 300 337.357000 10.644073
