4.000000e+00 0.000000e+00 -4239.171894 300 333.992000 8.783882
4.000000e+00 2.000000e+00 -4239.170924 300 335.488000 8.778208
4.000000e+00 4.000000e+00 -4239.141272 300 335.222000 3.888757
4.000000e+00 6.000000e+00 -4239.138225 300 336.095000 3.878950
4.000000e+00 8.000000e+00 -4239.180371 300 334.558000 10.644520
4.000000e+00 1.000000e+01 -4239.182615 300 335.075000 10.650734
4.000000e+00 1.200000e+01 -4239.170634 300 334.260000 10.632559
4.000000e+00 1.400000e+01 -4239.171407 300 335.687000 8.778341
6.000000e+00 0.000000e+00 -4239.169116 300 334.718000 8.782705
6.000000e+00 2.000000e+00 -4239.139578 300 335.082000 0.086815
6.000000e+00 4.000000e+00 -4239.145540 300 335.397000 3.803852
6.000000e+00 6.000000e+00 -4239.795911 300 335.091000 12.272213
6.000000e+00 8.000000e+00 -4239.171390 300 334.449000 8.778786
6.000000e+00 1.000000e+01 -4239.543882 300 333.982000 11.342092
6.000000e+00 1.200000e+01 -4239.139472 300 334.415000 3.893341
6.000000e+00 1.400000e+01 -4239.171377 300 335.312000 8.778715
8.000000e+00 0.000000e+00 -4239.141930 300 334.222000 3.901848
8.000000e+00 2.000000e+00 -4239.171395 156 175.889000 8.778760
8.000000e+00 4.000000e+00 -4239.171879 300 335.431000 7.019914
8.000000e+00 6.000000e+00 -4239.137295 300 335.357000 3.887270
8.000000e+00 8.000000e+00 -4239.170657 300 335.421000 7.039889
8.000000e+00 1.000000e+01 -4239.811113 300 335.254000 16.734479
8.000000e+00 1.200000e+01 -4239.171428 117 131.242000 8.778790
8.000000e+00 1.400000e+01 -4239.171402 90 103.074000 8.778777
1.000000e+01 0.000000e+00 -4239.170961 300 335.422000 7.041739
1.000000e+01 2.000000e+00 -4239.162475 300 335.430000 10.543375
1.000000e+01 4.000000e+00 -4239.138583 300 335.587000 0.702998
1.000000e+01 6.000000e+00 -4239.170584 300 335.456000 7.039743
1.000000e+01 8.000000e+00 -4239.269343 300 334.437000 8.870477
1.000000e+01 1.000000e+01 -4239.132940 300 334.298000 3.877314
1.000000e+01 1.200000e+01 -4239.170807 300 334.189000 7.041654
1.000000e+01 1.400000e+01 -4239.162121 300 335.532000 10.595167
1.200000e+01 0.000000e+00 -4237.555521 300 336.158000 8.452884
1.200000e+01 2.000000e+00 -4239.175823 300 335.359000 7.043384
1.200000e+01 4.000000e+00 -4237.968884 300 336.832000 7.210288
1.200000e+01 6.000000e+00 -4239.171368 129 146.746000 8.778756
1.200000e+01 8.000000e+00 -4239.174932 300 337.368000 10.643847
1.200000e+01 1.000000e+01 -4238.265189 300 334.823000 11.422210
1.200000e+01 1.200000e+01 -4239.171419 120 135.312000 8.778779
1.200000e+01 1.400000e+01 -4239.171414 300 334.843000 8.778776
1.400000e+01 0.000000e+00 -4236.118529 300 334.766000 10.236524
1.400000e+01 2.000000e+00 -4239.174474 300 335.773000 10.643858
1.400000e+01 4.000000e+00 -4239.174736 300 335.330000 10.643874
1.400000e+01 6.000000e+00 -4239.527634 300 335.283000 10.685235
1.400000e+01 8.000000e+00 -4239.171384 105 120.133000 8.778477
1.400000e+01 1.000000e+01 -4239.171406 132 149.686000 8.778787
1.400000e+01 1.200000e+01 -4239.140441 300 335.081000 3.886908
1.400000e+01 1.400000e+01 -4239.900063 300 333.991000 10.626345
1.600000e+01 0.000000e+00 -4239.174487 133 150.821000 10.643855
1.600000e+01 2.000000e+00 -4239.174488 300 334.739000 10.643859
1.600000e+01 4.000000e+00 -4239.174419 300 335.175000 10.643854
1.600000e+01 6.000000e+00 -4239.174469 300 334.642000 10.643858
1.600000e+01 8.000000e+00 -4239.181428 300 335.603000 10.641941
1.600000e+01 1.000000e+01 -4239.172227 300 336.871000 10.642560
1.600000e+01 1.200000e+01 -4239.174836 300 335.831000 10.643463
1.600000e+01 1.400000e+01 -4240.369833 300 335.832000 10.685409
