cpu-bind=MASK - cn1154, task  0  0 [20425]: mask 0xffffffffffffffff set
5E-3 5E-4 4E-4 3E-4 2E-4 1E-4 5E-5 5E-6
5E-3
5E-6
8


16.00
16
547.50000000000000000000
532.50000000000000000000
--------------------------------------------------------------------------
Open MPI failed an OFI Libfabric library call (fi_domain).  This is highly
unusual; your job may behave unpredictably (and/or abort) after this.

  Local host: cn1154
  Location: mtl_ofi_component.c:928
  Error: No data available (61)
--------------------------------------------------------------------------
[cn1154.scarf.rl.ac.uk:21443] 95 more processes have sent help message help-mtl-ofi.txt / OFI call fail
[cn1154.scarf.rl.ac.uk:21443] Set MCA parameter "orte_base_help_aggregate" to 0 to see all help / error messages
--------------------------------------------------------------------------
MPI_ABORT was invoked on rank 0 in communicator MPI_COMM_WORLD
with errorcode 1.

NOTE: invoking MPI_ABORT causes Open MPI to kill all MPI processes.
You may or may not see output from other processes, depending on
exactly when Open MPI kills them.
--------------------------------------------------------------------------
[cn1154.scarf.rl.ac.uk:21443] 95 more processes have sent help message help-mpi-api.txt / mpi-abort
