1.000000e-03 1.000000e-03 0.000000 0 0.000000 0.000000
1.000000e-03 4.000000e-03 0.000000 0 0.000000 0.000000
1.000000e-03 1.000000e-02 0.000000 0 0.000000 0.000000
1.000000e-03 4.000000e-02 0.000000 0 0.000000 0.000000
1.000000e-03 8.000000e-02 0.000000 0 0.000000 0.000000
1.000000e-03 1.000000e-01 0.000000 0 0.000000 0.000000
1.000000e-03 4.000000e-01 -5310.955209 2 8.973000 16.534780
1.000000e-03 1.000000e+00 -5310.938043 2 8.927000 16.534158
1.000000e-03 1.500000e+00 -5310.922512 2 9.228000 16.531872
4.000000e-03 1.000000e-03 -5417.494334 50 84.103000 22.981594
4.000000e-03 4.000000e-03 -5417.754756 168 269.442000 23.470122
4.000000e-03 1.000000e-02 -5417.542329 107 175.441000 23.277395
4.000000e-03 4.000000e-02 -5417.579080 228 365.793000 23.027096
4.000000e-03 8.000000e-02 0.000000 0 0.000000 0.000000
4.000000e-03 1.000000e-01 -5417.830349 190 305.226000 23.699007
4.000000e-03 4.000000e-01 0.000000 0 0.000000 0.000000
4.000000e-03 1.000000e+00 0.000000 0 0.000000 0.000000
4.000000e-03 1.500000e+00 -5417.727648 157 251.437000 22.521817
1.000000e-02 1.000000e-03 -5418.330777 77 126.575000 22.978376
1.000000e-02 4.000000e-03 -5417.818700 64 110.193000 23.017919
1.000000e-02 1.000000e-02 0.000000 0 0.000000 0.000000
1.000000e-02 4.000000e-02 -5417.833253 121 198.594000 22.429167
1.000000e-02 8.000000e-02 -5418.124049 76 125.432000 22.361696
1.000000e-02 1.000000e-01 -5416.999141 30 50.127000 22.641897
1.000000e-02 4.000000e-01 0.000000 0 0.000000 0.000000
1.000000e-02 1.000000e+00 0.000000 0 0.000000 0.000000
1.000000e-02 1.500000e+00 -5418.109198 94 157.865000 23.835605
4.000000e-02 1.000000e-03 0.000000 0 0.000000 0.000000
4.000000e-02 4.000000e-03 0.000000 0 0.000000 0.000000
4.000000e-02 1.000000e-02 -5417.828248 47 80.298000 23.771222
4.000000e-02 4.000000e-02 0.000000 0 0.000000 0.000000
4.000000e-02 8.000000e-02 -5417.719477 49 80.801000 23.613361
4.000000e-02 1.000000e-01 -5417.687265 51 86.149000 23.516865
4.000000e-02 4.000000e-01 -5417.783080 95 155.545000 23.487554
4.000000e-02 1.000000e+00 -5417.427101 68 113.708000 23.406877
4.000000e-02 1.500000e+00 0.000000 0 0.000000 0.000000
8.000000e-02 1.000000e-03 0.000000 0 0.000000 0.000000
8.000000e-02 4.000000e-03 0.000000 0 0.000000 0.000000
8.000000e-02 1.000000e-02 0.000000 0 0.000000 0.000000
8.000000e-02 4.000000e-02 0.000000 0 0.000000 0.000000
8.000000e-02 8.000000e-02 0.000000 0 0.000000 0.000000
8.000000e-02 1.000000e-01 -5417.675912 23 40.079000 23.774986
8.000000e-02 4.000000e-01 0.000000 0 0.000000 0.000000
8.000000e-02 1.000000e+00 0.000000 0 0.000000 0.000000
8.000000e-02 1.500000e+00 -5417.698860 349 556.376000 23.737747
1.000000e-01 1.000000e-03 0.000000 0 0.000000 0.000000
1.000000e-01 4.000000e-03 0.000000 0 0.000000 0.000000
1.000000e-01 1.000000e-02 0.000000 0 0.000000 0.000000
1.000000e-01 4.000000e-02 0.000000 0 0.000000 0.000000
1.000000e-01 8.000000e-02 0.000000 0 0.000000 0.000000
1.000000e-01 1.000000e-01 0.000000 0 0.000000 0.000000
1.000000e-01 4.000000e-01 0.000000 0 0.000000 0.000000
1.000000e-01 1.000000e+00 0.000000 0 0.000000 0.000000
1.000000e-01 1.500000e+00 -5417.635489 30 53.176000 23.228231
4.000000e-01 1.000000e-03 0.000000 0 0.000000 0.000000
4.000000e-01 4.000000e-03 0.000000 0 0.000000 0.000000
4.000000e-01 1.000000e-02 0.000000 0 0.000000 0.000000
4.000000e-01 4.000000e-02 0.000000 0 0.000000 0.000000
4.000000e-01 8.000000e-02 -5417.777548 249 398.071000 23.651847
4.000000e-01 1.000000e-01 0.000000 0 0.000000 0.000000
4.000000e-01 4.000000e-01 0.000000 0 0.000000 0.000000
4.000000e-01 1.000000e+00 0.000000 0 0.000000 0.000000
4.000000e-01 1.500000e+00 0.000000 0 0.000000 0.000000
