
Lmod is automatically replacing "cce/11.0.4" with "gcc/10.2.0".


Lmod is automatically replacing "PrgEnv-cray/8.0.0" with "PrgEnv-gnu/8.0.0".


Due to MODULEPATH changes, the following have been reloaded:
  1) cray-mpich/8.1.4


The following have been reloaded with a version change:
  1) PrgEnv-gnu/8.0.0 => PrgEnv-gnu/8.1.0
  2) cray-libsci/21.04.1.1 => cray-libsci/21.08.1.2
  3) cray-mpich/8.1.4 => cray-mpich/8.1.9
  4) craype/2.7.6 => craype/2.7.10
  5) gcc/10.2.0 => gcc/11.2.0

PWD scf-1e-7
Number of runs 26
Submitting job
cp: missing destination file operand after 'scf-1e-7'
Try 'cp --help' for more information.
/var/spool/slurmd/job2949447/slurm_script: line 37: cd: /home/e05/e05/cahart: No such file or directory
sed: can't read cp2k.inp: No such file or directory
rm: cannot remove 'log.out': No such file or directory
rm: cannot remove 'Pt3Ni*': No such file or directory
rm: cannot remove 'slurm-*': No such file or directory
cp: cannot stat '../scf-1e-7/Pt3Ni-RESTART.kp': No such file or directory
sbatch: error: Unable to open file submit.slurm
