1.000000e+01 0.000000 0 0.000000 0.000000
5.000000e+01 0.000000 0 0.000000 0.000000
1.000000e+02 0.000000 0 0.000000 0.000000
2.000000e+02 0.000000 0 0.000000 0.000000
3.000000e+02 0.000000 0 0.000000 0.000000
4.000000e+02 -5418.427192 113 188.015000 25.705245
5.000000e+02 0.000000 0 0.000000 0.000000
6.000000e+02 0.000000 0 0.000000 0.000000
7.000000e+02 0.000000 0 0.000000 0.000000
8.000000e+02 0.000000 0 0.000000 0.000000
9.000000e+02 0.000000 0 0.000000 0.000000
1.000000e+03 0.000000 0 0.000000 0.000000
1.500000e+03 0.000000 0 0.000000 0.000000
2.000000e+03 -5417.820479 189 309.860000 23.979804
2.500000e+03 -5417.401763 26 45.951000 20.654567
3.000000e+03 -5417.958851 36 61.866000 16.393536
3.500000e+03 -5416.850813 24 46.505000 12.523329
4.000000e+03 -5417.881882 106 178.016000 4.002242
4.500000e+03 -5418.247587 221 364.695000 1.956051
5.000000e+03 -5418.301641 263 430.738000 0.320597
5.500000e+03 0.000000 0 0.000000 0.000000
6.000000e+03 -5418.509467 82 141.476000 0.196679
6.500000e+03 -5419.695104 80 138.667000 2.841776
7.000000e+03 -5418.281789 142 235.257000 7.942917
