0.000000e+00 -4239.174217 111 125.625000 10.735955
1.000000e+02 -4239.174387 300 334.647000 10.735961
2.000000e+02 -4239.174272 187 214.765000 10.727347
3.000000e+02 -4239.174543 98 110.699000 10.643884
4.000000e+02 -4239.144405 300 334.507000 3.360580
5.000000e+02 -4233.841490 300 334.462000 16.405781
6.000000e+02 -4239.141841 300 336.519000 0.590916
7.000000e+02 -4239.278455 300 335.368000 13.987480
8.000000e+02 -4237.390963 300 334.296000 12.919938
9.000000e+02 -4236.222204 300 334.514000 20.582958
1.000000e+03 -4239.173550 201 226.699000 0.025044
1.100000e+03 -4239.179084 287 322.259000 0.021759
1.200000e+03 -4239.184830 142 160.780000 0.009722
1.300000e+03 -4239.190793 117 134.778000 0.002856
1.400000e+03 -4239.196980 208 235.814000 0.017558
1.500000e+03 -4239.199866 300 336.241000 0.314370
1.600000e+03 -4237.942560 300 334.935000 7.991360
1.700000e+03 -4239.216873 166 187.479000 0.019088
1.800000e+03 -4239.223962 113 128.530000 0.001330
1.900000e+03 -4239.231285 197 221.213000 0.001067
2.000000e+03 -4239.241948 145 164.796000 6.776408
2.100000e+03 -4239.246640 106 122.702000 0.004129
2.200000e+03 -4239.256627 291 325.915000 6.107585
2.300000e+03 -4239.262944 86 99.274000 0.000377
2.400000e+03 -4239.272169 248 278.349000 5.161345
2.500000e+03 -4239.280218 181 206.534000 0.040591
2.600000e+03 -4239.288498 260 291.561000 3.795664
2.700000e+03 -4239.297195 300 336.374000 2.637692
2.800000e+03 -4239.308333 300 336.839000 2.365849
2.900000e+03 -4239.282767 300 335.980000 1.633377
3.000000e+03 -4239.327663 72 83.384000 0.004340
