
 *******************************************************************************
 *   ___                                                                       *
 *  /   \                                                                      *
 * [ABORT]                                                                     *
 *  \___/    A floating point type object was expected, found <4E-4_3E>, File: *
 *    |              'cp2k.inp', Line: 21, Column: 3, Chunk: <4E-4_3E>         *
 *  O/|                                                                        *
 * /| |                                                                        *
 * / \                                          input/cp_parser_methods.F:1163 *
 *******************************************************************************


 ===== Routine Calling Stack ===== 

            6 val_create_parsing
            5 section_vals_parse
            4 section_vals_parse
            3 section_vals_parse
            2 section_vals_parse
            1 read_input

 *******************************************************************************
 *   ___                                                                       *
 *  /   \                                                                      *
 * [ABORT]                                                                     *
 *  \___/    A floating point type object was expected, found <4E-4_3E>, File: *
 *    |                  '', Line: 21, Column: 3, Chunk: <4E-4_3E>             *
 *  O/|                                                                        *
 * /| |                                                                        *
 * / \                                          input/cp_parser_methods.F:1163 *
 *******************************************************************************


 ===== Routine Calling Stack ===== 

            6 val_create_parsing
            5 section_vals_parse
            4 section_vals_parse
            3 section_vals_parse
            2 section_vals_parse
            1 read_input

 *******************************************************************************
 *   ___                                                                       *
 *  /   \                                                                      *
 * [ABORT]                                                                     *
 *  \___/    A floating point type object was expected, found <4E-4_3E>, File: *
 *    |                  '', Line: 21, Column: 3, Chunk: <4E-4_3E>             *
 *  O/|                                                                        *
 * /| |                                                                        *
 * / \                                          input/cp_parser_methods.F:1163 *
 *******************************************************************************


 ===== Routine Calling Stack ===== 

            6 val_create_parsing
            5 section_vals_parse
            4 section_vals_parse
            3 section_vals_parse
            2 section_vals_parse
            1 read_input

 *******************************************************************************
 *   ___                                                                       *
 *  /   \                                                                      *
 * [ABORT]                                                                     *
 *  \___/    A floating point type object was expected, found <4E-4_3E>, File: *
 *    |                  '', Line: 21, Column: 3, Chunk: <4E-4_3E>             *
 *  O/|                                                                        *
 * /| |                                                                        *
 * / \                                          input/cp_parser_methods.F:1163 *
 *******************************************************************************


 ===== Routine Calling Stack ===== 

            6 val_create_parsing
            5 section_vals_parse
            4 section_vals_parse
            3 section_vals_parse
            2 section_vals_parse
            1 read_input

 *******************************************************************************
 *   ___                                                                       *
 *  /   \                                                                      *
 * [ABORT]                                                                     *
 *  \___/    A floating point type object was expected, found <4E-4_3E>, File: *
 *    |                  '', Line: 21, Column: 3, Chunk: <4E-4_3E>             *
 *  O/|                                                                        *
 * /| |                                                                        *
 * / \                                          input/cp_parser_methods.F:1163 *
 *******************************************************************************


 ===== Routine Calling Stack ===== 

            6 val_create_parsing
            5 section_vals_parse
            4 section_vals_parse
            3 section_vals_parse
            2 section_vals_parse
            1 read_input

 *******************************************************************************
 *   ___                                                                       *
 *  /   \                                                                      *
 * [ABORT]                                                                     *
 *  \___/    A floating point type object was expected, found <4E-4_3E>, File: *
 *    |                  '', Line: 21, Column: 3, Chunk: <4E-4_3E>             *
 *  O/|                                                                        *
 * /| |                                                                        *
 * / \                                          input/cp_parser_methods.F:1163 *
 *******************************************************************************


 ===== Routine Calling Stack ===== 

            6 val_create_parsing
            5 section_vals_parse
            4 section_vals_parse
            3 section_vals_parse
            2 section_vals_parse
            1 read_input

 *******************************************************************************
 *   ___                                                                       *
 *  /   \                                                                      *
 * [ABORT]                                                                     *
 *  \___/    A floating point type object was expected, found <4E-4_3E>, File: *
 *    |                  '', Line: 21, Column: 3, Chunk: <4E-4_3E>             *
 *  O/|                                                                        *
 * /| |                                                                        *
 * / \                                          input/cp_parser_methods.F:1163 *
 *******************************************************************************


 ===== Routine Calling Stack ===== 

            6 val_create_parsing
            5 section_vals_parse
            4 section_vals_parse
            3 section_vals_parse
            2 section_vals_parse
            1 read_input

 *******************************************************************************
 *   ___                                                                       *
 *  /   \                                                                      *
 * [ABORT]                                                                     *
 *  \___/    A floating point type object was expected, found <4E-4_3E>, File: *
 *    |                  '', Line: 21, Column: 3, Chunk: <4E-4_3E>             *
 *  O/|                                                                        *
 * /| |                                                                        *
 * / \                                          input/cp_parser_methods.F:1163 *
 *******************************************************************************


 ===== Routine Calling Stack ===== 

            6 val_create_parsing
            5 section_vals_parse
            4 section_vals_parse
            3 section_vals_parse
            2 section_vals_parse
            1 read_input

 *******************************************************************************
 *   ___                                                                       *
 *  /   \                                                                      *
 * [ABORT]                                                                     *
 *  \___/    A floating point type object was expected, found <4E-4_3E>, File: *
 *    |                  '', Line: 21, Column: 3, Chunk: <4E-4_3E>             *
 *  O/|                                                                        *
 * /| |                                                                        *
 * / \                                          input/cp_parser_methods.F:1163 *
 *******************************************************************************


 ===== Routine Calling Stack ===== 

            6 val_create_parsing
            5 section_vals_parse
            4 section_vals_parse
            3 section_vals_parse
            2 section_vals_parse
            1 read_input

 *******************************************************************************
 *   ___                                                                       *
 *  /   \                                                                      *
 * [ABORT]                                                                     *
 *  \___/    A floating point type object was expected, found <4E-4_3E>, File: *
 *    |                  '', Line: 21, Column: 3, Chunk: <4E-4_3E>             *
 *  O/|                                                                        *
 * /| |                                                                        *
 * / \                                          input/cp_parser_methods.F:1163 *
 *******************************************************************************


 ===== Routine Calling Stack ===== 

            6 val_create_parsing
            5 section_vals_parse
            4 section_vals_parse
            3 section_vals_parse
            2 section_vals_parse
            1 read_input

 *******************************************************************************
 *   ___                                                                       *
 *  /   \                                                                      *
 * [ABORT]                                                                     *
 *  \___/    A floating point type object was expected, found <4E-4_3E>, File: *
 *    |                  '', Line: 21, Column: 3, Chunk: <4E-4_3E>             *
 *  O/|                                                                        *
 * /| |                                                                        *
 * / \                                          input/cp_parser_methods.F:1163 *
 *******************************************************************************


 ===== Routine Calling Stack ===== 

            6 val_create_parsing
            5 section_vals_parse
            4 section_vals_parse
            3 section_vals_parse
            2 section_vals_parse
            1 read_input

 *******************************************************************************
 *   ___                                                                       *
 *  /   \                                                                      *
 * [ABORT]                                                                     *
 *  \___/    A floating point type object was expected, found <4E-4_3E>, File: *
 *    |                  '', Line: 21, Column: 3, Chunk: <4E-4_3E>             *
 *  O/|                                                                        *
 * /| |                                                                        *
 * / \                                          input/cp_parser_methods.F:1163 *
 *******************************************************************************


 ===== Routine Calling Stack ===== 

            6 val_create_parsing
            5 section_vals_parse
            4 section_vals_parse
            3 section_vals_parse
            2 section_vals_parse
            1 read_input

 *******************************************************************************
 *   ___                                                                       *
 *  /   \                                                                      *
 * [ABORT]                                                                     *
 *  \___/    A floating point type object was expected, found <4E-4_3E>, File: *
 *    |                  '', Line: 21, Column: 3, Chunk: <4E-4_3E>             *
 *  O/|                                                                        *
 * /| |                                                                        *
 * / \                                          input/cp_parser_methods.F:1163 *
 *******************************************************************************


 ===== Routine Calling Stack ===== 

            6 val_create_parsing
            5 section_vals_parse
            4 section_vals_parse
            3 section_vals_parse
            2 section_vals_parse
            1 read_input

 *******************************************************************************
 *   ___                                                                       *
 *  /   \                                                                      *
 * [ABORT]                                                                     *
 *  \___/    A floating point type object was expected, found <4E-4_3E>, File: *
 *    |                  '', Line: 21, Column: 3, Chunk: <4E-4_3E>             *
 *  O/|                                                                        *
 * /| |                                                                        *
 * / \                                          input/cp_parser_methods.F:1163 *
 *******************************************************************************


 ===== Routine Calling Stack ===== 

            6 val_create_parsing
            5 section_vals_parse
            4 section_vals_parse
            3 section_vals_parse
            2 section_vals_parse
            1 read_input

 *******************************************************************************
 *   ___                                                                       *
 *  /   \                                                                      *
 * [ABORT]                                                                     *
 *  \___/    A floating point type object was expected, found <4E-4_3E>, File: *
 *    |                  '', Line: 21, Column: 3, Chunk: <4E-4_3E>             *
 *  O/|                                                                        *
 * /| |                                                                        *
 * / \                                          input/cp_parser_methods.F:1163 *
 *******************************************************************************


 ===== Routine Calling Stack ===== 

            6 val_create_parsing
            5 section_vals_parse
            4 section_vals_parse
            3 section_vals_parse
            2 section_vals_parse
            1 read_input

 *******************************************************************************
 *   ___                                                                       *
 *  /   \                                                                      *
 * [ABORT]                                                                     *
 *  \___/    A floating point type object was expected, found <4E-4_3E>, File: *
 *    |                  '', Line: 21, Column: 3, Chunk: <4E-4_3E>             *
 *  O/|                                                                        *
 * /| |                                                                        *
 * / \                                          input/cp_parser_methods.F:1163 *
 *******************************************************************************


 ===== Routine Calling Stack ===== 

            6 val_create_parsing
            5 section_vals_parse
            4 section_vals_parse
            3 section_vals_parse
            2 section_vals_parse
            1 read_input

 *******************************************************************************
 *   ___                                                                       *
 *  /   \                                                                      *
 * [ABORT]                                                                     *
 *  \___/    A floating point type object was expected, found <4E-4_3E>, File: *
 *    |                  '', Line: 21, Column: 3, Chunk: <4E-4_3E>             *
 *  O/|                                                                        *
 * /| |                                                                        *
 * / \                                          input/cp_parser_methods.F:1163 *
 *******************************************************************************


 ===== Routine Calling Stack ===== 

            6 val_create_parsing
            5 section_vals_parse
            4 section_vals_parse
            3 section_vals_parse
            2 section_vals_parse
            1 read_input

 *******************************************************************************
 *   ___                                                                       *
 *  /   \                                                                      *
 * [ABORT]                                                                     *
 *  \___/    A floating point type object was expected, found <4E-4_3E>, File: *
 *    |                  '', Line: 21, Column: 3, Chunk: <4E-4_3E>             *
 *  O/|                                                                        *
 * /| |                                                                        *
 * / \                                          input/cp_parser_methods.F:1163 *
 *******************************************************************************


 ===== Routine Calling Stack ===== 

            6 val_create_parsing
            5 section_vals_parse
            4 section_vals_parse
            3 section_vals_parse
            2 section_vals_parse
            1 read_input

 *******************************************************************************
 *   ___                                                                       *
 *  /   \                                                                      *
 * [ABORT]                                                                     *
 *  \___/    A floating point type object was expected, found <4E-4_3E>, File: *
 *    |                  '', Line: 21, Column: 3, Chunk: <4E-4_3E>             *
 *  O/|                                                                        *
 * /| |                                                                        *
 * / \                                          input/cp_parser_methods.F:1163 *
 *******************************************************************************


 ===== Routine Calling Stack ===== 

            6 val_create_parsing
            5 section_vals_parse
            4 section_vals_parse
            3 section_vals_parse
            2 section_vals_parse
            1 read_input

 *******************************************************************************
 *   ___                                                                       *
 *  /   \                                                                      *
 * [ABORT]                                                                     *
 *  \___/    A floating point type object was expected, found <4E-4_3E>, File: *
 *    |                  '', Line: 21, Column: 3, Chunk: <4E-4_3E>             *
 *  O/|                                                                        *
 * /| |                                                                        *
 * / \                                          input/cp_parser_methods.F:1163 *
 *******************************************************************************


 ===== Routine Calling Stack ===== 

            6 val_create_parsing
            5 section_vals_parse
            4 section_vals_parse
            3 section_vals_parse
            2 section_vals_parse
            1 read_input

 *******************************************************************************
 *   ___                                                                       *
 *  /   \                                                                      *
 * [ABORT]                                                                     *
 *  \___/    A floating point type object was expected, found <4E-4_3E>, File: *
 *    |                  '', Line: 21, Column: 3, Chunk: <4E-4_3E>             *
 *  O/|                                                                        *
 * /| |                                                                        *
 * / \                                          input/cp_parser_methods.F:1163 *
 *******************************************************************************


 ===== Routine Calling Stack ===== 

            6 val_create_parsing
            5 section_vals_parse
            4 section_vals_parse
            3 section_vals_parse
            2 section_vals_parse
            1 read_input

 *******************************************************************************
 *   ___                                                                       *
 *  /   \                                                                      *
 * [ABORT]                                                                     *
 *  \___/    A floating point type object was expected, found <4E-4_3E>, File: *
 *    |                  '', Line: 21, Column: 3, Chunk: <4E-4_3E>             *
 *  O/|                                                                        *
 * /| |                                                                        *
 * / \                                          input/cp_parser_methods.F:1163 *
 *******************************************************************************


 ===== Routine Calling Stack ===== 

            6 val_create_parsing
            5 section_vals_parse
            4 section_vals_parse
            3 section_vals_parse
            2 section_vals_parse
            1 read_input

 *******************************************************************************
 *   ___                                                                       *
 *  /   \                                                                      *
 * [ABORT]                                                                     *
 *  \___/    A floating point type object was expected, found <4E-4_3E>, File: *
 *    |                  '', Line: 21, Column: 3, Chunk: <4E-4_3E>             *
 *  O/|                                                                        *
 * /| |                                                                        *
 * / \                                          input/cp_parser_methods.F:1163 *
 *******************************************************************************


 ===== Routine Calling Stack ===== 

            6 val_create_parsing
            5 section_vals_parse
            4 section_vals_parse
            3 section_vals_parse
            2 section_vals_parse
            1 read_input

 *******************************************************************************
 *   ___                                                                       *
 *  /   \                                                                      *
 * [ABORT]                                                                     *
 *  \___/    A floating point type object was expected, found <4E-4_3E>, File: *
 *    |                  '', Line: 21, Column: 3, Chunk: <4E-4_3E>             *
 *  O/|                                                                        *
 * /| |                                                                        *
 * / \                                          input/cp_parser_methods.F:1163 *
 *******************************************************************************


 ===== Routine Calling Stack ===== 

            6 val_create_parsing
            5 section_vals_parse
            4 section_vals_parse
            3 section_vals_parse
            2 section_vals_parse
            1 read_input

 *******************************************************************************
 *   ___                                                                       *
 *  /   \                                                                      *
 * [ABORT]                                                                     *
 *  \___/    A floating point type object was expected, found <4E-4_3E>, File: *
 *    |                  '', Line: 21, Column: 3, Chunk: <4E-4_3E>             *
 *  O/|                                                                        *
 * /| |                                                                        *
 * / \                                          input/cp_parser_methods.F:1163 *
 *******************************************************************************


 ===== Routine Calling Stack ===== 

            6 val_create_parsing
            5 section_vals_parse
            4 section_vals_parse
            3 section_vals_parse
            2 section_vals_parse
            1 read_input

 *******************************************************************************
 *   ___                                                                       *
 *  /   \                                                                      *
 * [ABORT]                                                                     *
 *  \___/    A floating point type object was expected, found <4E-4_3E>, File: *
 *    |                  '', Line: 21, Column: 3, Chunk: <4E-4_3E>             *
 *  O/|                                                                        *
 * /| |                                                                        *
 * / \                                          input/cp_parser_methods.F:1163 *
 *******************************************************************************


 ===== Routine Calling Stack ===== 

            6 val_create_parsing
            5 section_vals_parse
            4 section_vals_parse
            3 section_vals_parse
            2 section_vals_parse
            1 read_input

 *******************************************************************************
 *   ___                                                                       *
 *  /   \                                                                      *
 * [ABORT]                                                                     *
 *  \___/    A floating point type object was expected, found <4E-4_3E>, File: *
 *    |                  '', Line: 21, Column: 3, Chunk: <4E-4_3E>             *
 *  O/|                                                                        *
 * /| |                                                                        *
 * / \                                          input/cp_parser_methods.F:1163 *
 *******************************************************************************


 ===== Routine Calling Stack ===== 

            6 val_create_parsing
            5 section_vals_parse
            4 section_vals_parse
            3 section_vals_parse
            2 section_vals_parse
            1 read_input

 *******************************************************************************
 *   ___                                                                       *
 *  /   \                                                                      *
 * [ABORT]                                                                     *
 *  \___/    A floating point type object was expected, found <4E-4_3E>, File: *
 *    |                  '', Line: 21, Column: 3, Chunk: <4E-4_3E>             *
 *  O/|                                                                        *
 * /| |                                                                        *
 * / \                                          input/cp_parser_methods.F:1163 *
 *******************************************************************************


 ===== Routine Calling Stack ===== 

            6 val_create_parsing
            5 section_vals_parse
            4 section_vals_parse
            3 section_vals_parse
            2 section_vals_parse
            1 read_input

 *******************************************************************************
 *   ___                                                                       *
 *  /   \                                                                      *
 * [ABORT]                                                                     *
 *  \___/    A floating point type object was expected, found <4E-4_3E>, File: *
 *    |                  '', Line: 21, Column: 3, Chunk: <4E-4_3E>             *
 *  O/|                                                                        *
 * /| |                                                                        *
 * / \                                          input/cp_parser_methods.F:1163 *
 *******************************************************************************


 ===== Routine Calling Stack ===== 

            6 val_create_parsing
            5 section_vals_parse
            4 section_vals_parse
            3 section_vals_parse
            2 section_vals_parse
            1 read_input

 *******************************************************************************
 *   ___                                                                       *
 *  /   \                                                                      *
 * [ABORT]                                                                     *
 *  \___/    A floating point type object was expected, found <4E-4_3E>, File: *
 *    |                  '', Line: 21, Column: 3, Chunk: <4E-4_3E>             *
 *  O/|                                                                        *
 * /| |                                                                        *
 * / \                                          input/cp_parser_methods.F:1163 *
 *******************************************************************************


 ===== Routine Calling Stack ===== 

            6 val_create_parsing
            5 section_vals_parse
            4 section_vals_parse
            3 section_vals_parse
            2 section_vals_parse
            1 read_input

 *******************************************************************************
 *   ___                                                                       *
 *  /   \                                                                      *
 * [ABORT]                                                                     *
 *  \___/    A floating point type object was expected, found <4E-4_3E>, File: *
 *    |                  '', Line: 21, Column: 3, Chunk: <4E-4_3E>             *
 *  O/|                                                                        *
 * /| |                                                                        *
 * / \                                          input/cp_parser_methods.F:1163 *
 *******************************************************************************


 ===== Routine Calling Stack ===== 

            6 val_create_parsing
            5 section_vals_parse
            4 section_vals_parse
            3 section_vals_parse
            2 section_vals_parse
            1 read_input

 *******************************************************************************
 *   ___                                                                       *
 *  /   \                                                                      *
 * [ABORT]                                                                     *
 *  \___/    A floating point type object was expected, found <4E-4_3E>, File: *
 *    |                  '', Line: 21, Column: 3, Chunk: <4E-4_3E>             *
 *  O/|                                                                        *
 * /| |                                                                        *
 * / \                                          input/cp_parser_methods.F:1163 *
 *******************************************************************************


 ===== Routine Calling Stack ===== 

            6 val_create_parsing
            5 section_vals_parse
            4 section_vals_parse
            3 section_vals_parse
            2 section_vals_parse
            1 read_input

 *******************************************************************************
 *   ___                                                                       *
 *  /   \                                                                      *
 * [ABORT]                                                                     *
 *  \___/    A floating point type object was expected, found <4E-4_3E>, File: *
 *    |                  '', Line: 21, Column: 3, Chunk: <4E-4_3E>             *
 *  O/|                                                                        *
 * /| |                                      
 *******************************************************************************
 *   ___                                                                       *
 *  /   \                                                                      *
 * [ABORT]                                                                     *
 *  \___/    A floating point type object was expected, found <4E-4_3E>, File: *
 *    |                  '', Line: 21, Column: 3, Chunk: <4E-4_3E>             *
 *  O/|                                                                        *
 * /| |                                                                                                          *
 * / \                                          input/cp_parser_methods.F:1163 *
 *******************************************************************************


 ===== Routine Calling Stack ===== 

            6 val_create_parsing
            5 section_vals_parse
            4 section_vals_parse
            3 section_vals_parse
            2 section_vals_parse
            1 read_input
*
 * / \                                          input/cp_parser_methods.F:1163 *
 *******************************************************************************


 ===== Routine Calling Stack ===== 

            6 val_create_parsing
            5 section_vals_parse
            4 section_vals_parse
            3 section_vals_parse
            2 section_vals_parse
            1 read_input

 *******************************************************************************
 *   ___                                                                       *
 *  /   \                                                                      *
 * [ABORT]                                                                     *
 *  \___/    A floating point type object was expected, found <4E-4_3E>, File: *
 *    |                  '', Line: 21, Column: 3, Chunk: <4E-4_3E>             *
 *  O/|                                                                        *
 * /| |                                                                        *
 * / \                                          input/cp_parser_methods.F:1163 *
 *******************************************************************************


 ===== Routine Calling Stack ===== 

            6 val_create_parsing

 *******************************************************************************
 *   ___                                                                       *
 *  /   \                                                                      *
 * [ABORT]                                                                     *
 *  \___/    A floating point type object was expected, found <4E-4_3E>, File: *
 *    |                  '', Line: 21, Column: 3, Chunk: <4E-4_3E>             *
 *  O/|                                                                        *
 * /| |                                                                        *
 * / \                                          input/cp_parser_methods.F:1163 *
 *******************************************************************************


 ===== Routine Calling Stack ===== 

            6 val_create_parsing
            5 section_vals_parse
            4 section_vals_parse
            3 section_vals_parse
            2 section_vals_parse
            1 read_input
            5 section_vals_parse
            4 section_vals_parse
            3 section_vals_parse
            2 section_vals_parse
            1 read_input

 *******************************************************************************

 *******************************************************************************
 *   ___                                                                       *
 *  /   \                                                                      *
 * [ABORT]                                                                     *
 *  \___/    A floating point type object was expected, found <4E-4_3E>, File: *
 *    |                  '', Line: 21, Column: 3, Chunk: <4E-4_3E>             *
 *  O/|                                                                        *
 * /| |                                                                        *
 * / \                                          input/cp_parser_methods.F:1163 *
 *   ___                                                                       *
 *  /   \                                                                      *
 * [ABORT]                                                                     
 *******************************************************************************
 *   ___                                                                       *
 *  /   \                                                                      *
 * [ABORT]                                                                     *
 *  \___/    A floating point type object was expected, found <4E-4_3E>, File: *
 *    |                  '', Line: 21, Column: 3, Chunk: <4E-4_3E>             *
 **
 *  \___/    A floating point type object was expected, found <4E-4_3E>, File: *
 *    |                  '', Line: 21, Column: 3, Chunk: <4E-4_3E>             *
 *  O/|                                                                        *
 *******************************************************************************


 ===== Routine Calling Stack ===== 

            6 val_create_parsing
            5 section_vals_parse
            4 section_vals_parse
            3 section_vals_parse
            2 section_vals_parse
            1 read_input

 *******************************************************************************
 *   ___                                                                       *
 *  /   \                                                                      *
 * [ABORT]                                                                     *
 *  \___/    A floating point type object was expected, found <4E-4_3E>, File: *
 *    |                  '', Line: 21, Column: 3, Chunk: <4E-4_3E>             *
 *  O/|                                                                        *
 * /| |                                                                        *
 * / \                                          input/cp_parser_methods.F:1163 *
 *******************************************************************************
  O/|                                                                        *
 * /| |                                                                        *
 * / \                                          input/cp_parser_methods.F:1163 *
 *******************************************************************************


 *******************************************************************************
 *   ___                                                                       *
 *  /   \                                                                      *
 * [ABORT]                                                                     *
 *  \___/    A floating point type object was expected, found <4E-4_3E>, File: *
 *    |                  '', Line: 21, Column: 3, Chunk: <4E-4_3E>             *
 *  O/|                                                                        *
 * /| |                                                                        *
 * / \                                          input/cp_parser_methods.F:1163 *
 *******************************************************************************


 ===== Routine Calling Stack ===== 

            6 val_create_parsing
            5 section_vals_parse
            4 section_vals_parse
            3 section_vals_parse
            2 section_vals_parse
            1 read_input

 *******************************************************************************
 *   ___                                                                       *
 *  /   \                                                                      *
 * [ABORT]                                                                     *
 *  \___/    A floating point type object was expected, found <4E-4_3E>, File: *
 *    |                  '', Line: 21, Column: 3, Chunk: <4E-4_3E>             *
 *  O/|                                                                        *
 * /| |                                                                        *
 * / \                                          input/cp_parser_methods.F:1163 *
 *******************************************************************************


 ===== Routine Calling Stack ===== 

            6 val_create_parsing
            5 section_vals_parse

 *******************************************************************************
 *   ___                                                                       *
 *  /   \                                                                      *
 * [ABORT]                                                                     *
 *  \___/    A floating point type object was expected, found <4E-4_3E>, File: *
 *    |                  '', Line: 21, Column: 3, Chunk: <4E-4_3E>             *
 *  O/|                                                  4 section_vals_parse
            3 section_vals_parse
            2 section_vals_parse
            1 read_input

 *******************************************************************************
 *   ___                                                                       *
 *  /   \                                                                      *
 * [ABORT]                                                                     *
 *  \___/    A floating point type object was expected, found <4E-4_3E>, File: *
 *    |    
 *******************************************************************************
 *   ___                                                                       *
 *  /   \                                                                      *
 * [ABORT]                                                                     *
 *  \___/    A floating point type object was expected, found <4E-4_3E>, File: *
 *    |                  '', Line: 21, Column: 3, Chunk: <4E-4_3E>             *
 *  O/|                                                                        *
 * /| |                                                                        *
 * / \                                          input/cp_parser_methods.F:1163 *
 *******************************************************************************


 ===== Routine Calling Stack ===== 

            6 val_create_parsing
            5 section_vals_parse
            4 section_vals_parse
            3 section_vals_parse
            2 section_vals_parse
            1 read_input

 *******************************************************************************
 *   ___                                                                       *
 *  /   \                                                                      *
 * [ABORT]                                                                     *
 *  \___/    A floating point type object was expected, found <4E-4_3E>, File: *
 *    |                   * /| |                                                                        *
 * / \                                          input/cp_parser_methods.F:1163 *
 *******************************************************************************


 ===== Routine Calling Stack ===== 

            6 val_create_parsing
            5 section_vals_parse
            4 section_vals_parse
            3 section_vals_parse
            2 section_vals_parse
            1 read_input

 *******************************************************************************
 *   ___                                                                       *
 *  /   \                                                                      *
 * [ABORT]                                                                     *
 *  \___/    A floating point type object was expected, found <4E-4_3E>, File: *
 *    |                  '', Line: 21, Column: 3, Chunk: <4E-4_3E>             

 ===== Routine Calling Stack ===== 

            6 val_create_parsing
            5 section_vals_parse
            4 section_vals_parse
            3 section_vals_parse
            2 section_vals_parse
            1 read_input

 *******************************************************************************
 *   ___                                                                       *
 *  /   \                                                                      *
 * [ABORT]                                                                     *
 *  \___/    A floating point type object was expected, found <4E-4_3E>, File: *
 *    |                  '', Line: 21, Column: 3, Chunk: <4E-4_3E>             *
 *  O/|                                                                        *
 * /| |                                                                        *
 * / \                                          input/cp_parser_methods.F:1163 *
 *******************************************************************************



 ===== Routine Calling Stack ===== 

            6 val_create_parsing
            5 section_vals_parse
            4 section_vals_parse
            3 section_vals_parse
            2 section_vals_parse
            1 read_input

 *******************************************************************************
 *   ___                                                                       *
 *  /   \                                                                      *
 * [ABORT]                                                                     *
 *  \___/    A floating point type object was expected, found <4E-4_3E>, File: *
 *    |                  '', Line: 21, Column: 3, Chunk: <4E-4_3E>             *
 *  O/|                                                                        *
 * /| |                                                                        *
 * / \                                          input/cp_parser_methods.F:1163 *
 *******************************************************************************


 ===== Routine Calling Stack ===== 


 *******************************************************************************
 *   ___                                                                       *
 *  /   \                                                                      *
 * [ABORT] 
 *******************************************************************************
 *   ___                                                                       *
 *  /   \                                                                      *
 * [ABORT]                                                                     *
 *  \___/    A floating point type object was expected, found <4E-4_3E>, File: *
 *    |                  '', Line: 21, Column: 3, Chunk: <4E-4_3E>             *
 *  O/|                                                                        *
 * /| |                                                                        *
 * / \                                          input/cp_parser_methods.F:1163 *
 *******************************************************************************


 ===== Routine Calling Stack ===== 
                                                                    *
 *  \___/    A floating point type object was expected, found <4E-4_3E>, File: *

 *******************************************************************************
 *   ___                                                                       *
 *  /   \                                                                      *
 * [ABORT]                                                                     *
 *  \___/    A floating point type object was expected, found <4E-4_3E>, File: *
 *    |                  '', Line: 21, Column: 3, Chunk: <4E-4_3E>             *
 *  O/|                                                                        *
 * /| |                                                                        *
 * / \                                          input/cp_parser_methods.F:1163 *
 *******************************************************************************


 ===== Routine Calling Stack ===== 

            6 val_create_parsing
            5 section_vals_parse
            4 section_vals_parse
            3 section_vals_parse

 *******************************************************************************
 *   ___    ===== Routine Calling Stack ===== 

            6 val_create_parsing
            5 section_vals_parse
            4 section_vals_parse
            3 section_vals_parse
            2 section_vals_parse
            1 read_input
 *    |                  '', Line: 21, Column: 3, Chunk: <4E-4_3E>             *
 *  O/|                                                                        *
 * /| |                                                                        *
 * / \                                          input/cp_parser_methods.F:1163 *

 *******************************************************************************
 *   ___                                                                       *
 *  /   \                                                                      *
 * [ABORT]                                                                     *
 *  \___/    A floating point type object was expected, found <4E-4_3E>, File: *
 *    |                  '', Line: 21, Column: 3, Chunk: <4E-4_3E>             *
 *  O/|                                                                        *
 * /| |                                                                        *
 * / \                                          input/cp_parser_methods.F:1163 *
 *******************************************************************************


 ===== Routine Calling Stack ===== 

            6 val_create_parsing
            5 section_vals_parse
            4 section_vals_parse
            3 section_vals_parse
            2 section_vals_parse
            1 read_input
 *******************************************************************************


 ===== Routine Calling Stack ===== 

            6 val_create_parsing
            5 section_vals_parse
            4 section_vals_parse
            3 section_vals_parse
            2 section_vals_parse
            1 read_input
                                  *
 * /| |                                                                        *
 * / \                                          input/cp_parser_methods.F:1163 *
 *******************************************************************************


 ===== Routine Calling Stack ===== 

            6 val_create_parsing
            5 section_vals_parse
            4 section_vals_parse
            3 section_vals_parse
            2 section_vals_parse
            1 read_input
                                                                    *
 *  /   \                                                                      *
 * [ABORT]                                                                     *
 *  \___/    A floating point type object was expected, found <4E-4_3E>, File: *
 *    |                  '', Line: 21, Column: 3, Chunk: <4E-4_3E>             *
 *  O/|                                                                        *
 *              '', Line: 21, Column: 3, Chunk: <4E-4_3E>             *
 *  O/|                                                                        *
 * /| |                                                                        *
 * / \                                          input/cp_parser_methods.F:1163 *
 *******************************************************************************


 ===== Routine Calling Stack ===== 

            6 val_create_parsing
            5 section_vals_parse
            4 section_vals_parse
            3 section_vals_parse
            2 section_vals_parse
            1 read_input

 *******************************************************************************
 *   ___                                                                       *
 *  /   \                                                                      *
 * [ABORT]                                                                     *
 *  \___/    A floating point type object was expected, found <4E-4_3E>, File:'', Line: 21, Column: 3, Chunk: <4E-4_3E>             *
 *  O/|                                                                        *
 * /| |                                                                        *
 * / \                                          input/cp_parser_methods.F:1163 *
 *******************************************************************************


 ===== Routine Calling Stack ===== 

            6 val_create_parsing
            5 section_vals_parse
            4 section_vals_parse
            3 section_vals_parse
            2 section_vals_parse
            1 read_input

 *******************************************************************************
 *   ___                                                                       *
 *  /   \                                                                      *
 * [ABORT]                                                                     *
 *  \___/    *
 *  O/|                                                                        *
 * /| |                                                                        *
 * / \                                          input/cp_parser_methods.F:1163 *
 *******************************************************************************


 ===== Routine Calling Stack ===== 

            6 val_create_parsing
            5 section_vals_parse
            4 section_vals_parse
            3 section_vals_parse
            2 section_vals_parse
            1 read_input

 *******************************************************************************
 *   ___                                                                       *
 *  /   \                                                                      *
 * [ABORT]                                                                     *
 *  \___/    A floating point type object was expected, found <4E-4_3E>, File: *

 *******************************************************************************
 *   ___                                                                       *
 *  /   \                                                                      *
 * [ABORT]                                                                     *
 *  \___/    A floating point type object was expected, found <4E-4_3E>, File: *
 *    |                  '', Line: 21, Column: 3, Chunk: <4E-4_3E>             *
 *  O/|                                                                        *
 * /| |                                                                        *
 * / \                                          input/cp_parser_methods.F:1163 *
 *******************************************************************************


 ===== Routine Calling Stack ===== 
            2 section_vals_parse
            1 read_input
            6 val_create_parsing
            5 section_vals_parse
            4 section_vals_parse
            3 section_vals_parse
            2 section_vals_parse
            1 read_input

 *******************************************************************************
 *   ___                                                                       *
 *  /   \                                                                      *
 * [ABORT]                                                                     *
 *  \___/    
            6 val_create_parsing
            5 section_vals_parse
            4 section_vals_parse
            3 section_vals_parse
            2 section_vals_parse
            1 read_input

            6 val_create_parsing
            5 section_vals_parse
            4 section_vals_parse
            3 section_vals_parse
            2 section_vals_parse
            1 read_input

 *******************************************************************************
 *   ___                                                                       *
 *  /   \                                                                      *
 * [ABORT]                                                                     *
 *  \___/    A floating point type object was expected, found <4E-4_3E>, File: *
 *    |                  '', Line: 21, Column: 3, Chunk: <4E-4_3E>             *
 *  O/|                                                                        *
 * /| |                                                                        *
 * / \                                          input/cp_parser_methods.F:1163 *
 *******************************************************************************


 ===== Routine Calling Stack ===== 

            6 val_create_parsing
            5 section_vals_parse
            4 section_vals_parse
            3 section_vals_parse
            2 section_vals_parse
            1 read_input

 *******************************************************************************
 *   ___                                                                       *
 *  /   \                                                                      *
 * [ABORT]                                                                     *
 *  \___/    A floating point type object was expected, found <4E-4_3E>, File: *
 *    |                  '', Line: 21, Column: 3, Chunk: <4E-4_3E>             *
 *  O/|                                                                        *
 * /| |                                                                        *
 * / \                                          input/cp_parser_methods.F:1163 *
 *******************************************************************************


 ===== Routine Calling Stack ===== 

            6 val_create_parsing
            5 section_vals_parse
            4 section_vals_parse
            3 section_vals_parse
            2 section_vals_parse
            1 read_input

 *******************************************************************************
 *   ___                                                                       *
 *  /   \                                                                      *
 * [ABORT]                                                                     *
 *  \___/    A floating point type object was expected, found <4E-4_3E>, File: *
 *    |                  '', Line: 21, Column: 3, Chunk: <4E-4_3E>             *
 *  O/|                                                                        *
 * /| |                                                                        *
 * / \                                          input/cp_parser_methods.F:1163 *
 *******************************************************************************


 ===== Routine Calling Stack ===== 

            6 val_create_parsing
            5 section_vals_parse
            4 section_vals_parse
            3 section_vals_parse
            2 section_vals_parse
            1 read_input
 /| |                                                                        *
 * / \                                          input/cp_parser_methods.F:1163 *
 *******************************************************************************


 ===== Routine Calling Stack ===== 

            6 val_create_parsing
            5 section_vals_parse
            4 section_vals_parse
            3 section_vals_parse
            2 section_vals_parse
            1 read_input

 *******************************************************************************
 *   ___                                                                       *
 *  /   \                                                                      *
 * [ABORT]                                                                     *
 *  \___/    A floating point type object was expected, found <4E-4_3E>, File: *
 *    |                  '', Line: 21, Column: 3, Chunk: <4E-4_3E>             *
 *  O/|                                                                        *
 * /| |                                                                        *
 * / \                                          input/cp_parser_methods.F:1163 *
 *******************************************************************************


 ===== Routine Calling Stack ===== 

            6 val_create_parsing
            5 section_vals_parse
            4 section_vals_parse
            3 section_vals_parse
            2 section_vals_parse
            1 read_input

 *******************************************************************************
 *   ___                                                                       *
 *  /   \                                                                      *
 * [ABORT]                                                                     *
 *  \___/    A floating point type object was expected, found <4E-4_3E>, File: *
 *    |                  '', Line: 21, Column: 3, Chunk: <4E-4_3E>             *
 *  O/|                                                                        *
 * /| |                                                                        *
 * / \                                          input/cp_parser_methods.F:1163 *
 *******************************************************************************


 ===== Routine Calling Stack ===== 

            6 val_create_parsing
            5 section_vals_parse
            4 section_vals_parse
            3 section_vals_parse
            2 section_vals_parse
            1 read_input
 *
 *    |                  '', Line: 21, Column: 3, Chunk: <4E-4_3E>             *
 *  O/|                                                                        *
 * /| |                                                                        *
 * / \                                          input/cp_parser_methods.F:1163 *
 *******************************************************************************


 ===== Routine Calling Stack ===== 

            6 val_create_parsing
            5 section_vals_parse
            4 section_vals_parse
            3 section_vals_parse
            2 section_vals_parse
            1 read_input
A floating point type object was expected, found <4E-4_3E>, File: *
 *    |                  '', Line: 21, Column: 3, Chunk: <4E-4_3E>             *
 *  O/|                                                                        *
 * /| |                                                                        *
 * / \                                          input/cp_parser_methods.F:1163 *
 *******************************************************************************


 ===== Routine Calling Stack ===== 

            6 val_create_parsing
            5 section_vals_parse
            4 section_vals_parse
            3 section_vals_parse
            2 section_vals_parse
            1 read_input
 *    |                  '', Line: 21, Column: 3, Chunk: <4E-4_3E>             *
 *  O/|                                                                        *
 * /| |                                                                        *
 * / \                                          input/cp_parser_methods.F:1163 *
 *******************************************************************************


 ===== Routine Calling Stack ===== 

            6 val_create_parsing
            5 section_vals_parse
            4 section_vals_parse
            3 section_vals_parse
            2 section_vals_parse
            1 read_input

 *******************************************************************************
 *   ___                                                                       *
 *  /   \                                                                      *
 * [ABORT]                                                                     *
 *  \___/    A floating point type object was expected, found <4E-4_3E>, File: *
 *    |                  '', Line: 21, Column: 3, Chunk: <4E-4_3E>             *
 *  O/|                                                                        *
 * /| |                                                                        *
 * / \                                          input/cp_parser_methods.F:1163 *
 *******************************************************************************


 ===== Routine Calling Stack ===== 

            6 val_create_parsing
            5 section_vals_parse
            4 section_vals_parse
            3 section_vals_parse
            2 section_vals_parse
            1 read_input

 *******************************************************************************
 *   ___                                                                       *
 *  /   \                                                                      *
 * [ABORT]                                                                     *
 *  \___/    A floating point type object was expected, found <4E-4_3E>, File: *
 *    |                  '', Line: 21, Column: 3, Chunk: <4E-4_3E>             *
 *  O/|                                                                        *
 * /| |                                                                        *
 * / \                                          input/cp_parser_methods.F:1163 *
 *******************************************************************************


 ===== Routine Calling Stack ===== 

            6 val_create_parsing
            5 section_vals_parse
            4 section_vals_parse
            3 section_vals_parse
            2 section_vals_parse
            1 read_input

 *******************************************************************************
 *   ___                                                                       *
 *
 *******************************************************************************
 *   ___                                                                       *
 *  /   \                                                                      *
 * [ABORT]                                                                     *
 *  \___/    A floating point type object was expected, found <4E-4_3E>, File: *
 *    |                  '', Line: 21, Column: 3, Chunk: <4E-4_3E>             *
 *  O/|                                                                        *
 * /| |                                                                        *
 * / \                                          input/cp_parser_methods.F:1163 *
 *******************************************************************************


 ===== Routine Calling Stack ===== 

            6 val_create_parsing
            5 section_vals_parse
            4 section_vals_parse
            3 section_vals_parse
            2 section_vals_parse
            1 read_input
  /   \                                                                      *
 * [ABORT]                                                                     *
 *  \___/    A floating point type object was expected, found <4E-4_3E>, File:
 *******************************************************************************
 *   ___                                                                       *
 *  /   \                                                                      *
 * [ABORT]                                                                     *
 *  \___/    A floating point type object was expected, found <4E-4_3E>, File: *
 *    |                  '', Line: 21, Column: 3, Chunk: <4E-4_3E>             *
 *  O/|                                                                        *
 * /| |                                                                        *
 * / \                                          input/cp_parser_methods.F:1163 *
 *******************************************************************************


 ===== Routine Calling Stack ===== 

            6 val_create_parsing
            5 section_vals_parse
            4 section_vals_parse
            3 section_vals_parse
            2 section_vals_parse
            1 read_input
 *
 *    |                  '', Line: 21, Column: 3, Chunk: <4E-4_3E>             *
 *  O/|                                                                        
 *******************************************************************************
 *   ___                                                                       *
 *  /   \                                                                      *
 * [ABORT]                                                                     *
 *  \___/    A floating point type object was expected, found <4E-4_3E>, File: *
 *    |                  '', Line: 21, Column: 3, Chunk: <4E-4_3E>             *
 *  O/|                                                                        *
 * /| |    *
 * /| |                                                                        *
 * / \                                          input/cp_parser_methods.F:1163 *
 *******************************************************************************


 *******************************************************************************
 *   ___                                                                       *
 *  /   \                                                                      *
 * [ABORT]                                                                     *
 *  \___/    A floating point type object was expected, found <4E-4_3E>, File: *
 *    |                  '', Line: 21, Column: 3, Chunk: <4E-4_3E>             *
 *  O/|                                                                        *
 * /| |                                                                        *
 * / \                                          input/cp_parser_methods.F:1163 *
 *******************************************************************************


 ===== Routine Calling Stack ===== 

            6 val_create_parsing
            5 section_vals_parse
            4 section_vals_parse
            3 section_vals_parse
            2 section_vals_parse
            1 read_input

 ===== Routine Calling Stack ===== 

            6 val_create_parsing
            5 section_vals_parse
            4 section_vals_parse
            3 section_vals_parse
            2 section_vals_parse
            1 read_input

 *******************************************************************************
 *   ___                                                                       *
 *  /   \                                                                      *
 * [ABORT]                                                                     *
 *  \___/    A floating point type object was expected, found <4E-4_3E>, File: *
 *    |                  '', Line: 21, Column: 3, Chunk: <4E-4_3E>             *
 *  O/|                                                                        *
 * /| |                                                                        *
 * / \                                          input/cp_parser_methods.F:1163 *
 *******************************************************************************


 ===== Routine Calling Stack ===== 

            6 val_create_parsing
            5 section_vals_parse
            4 section_vals_parse
            3 section_vals_parse
            2 section_vals_parse
            1 read_input

 *******************************************************************************
 *   ___                                                                       *
 *  /   \                                                                      *
 * [ABORT]                                                                     *
 *  \___/    A floating point type object was expected, found <4E-4_3E>, File: *
 *    |                  '', Line: 21, Column: 3, Chunk: <4E-4_3E>             *
 *  O/|                                                                        *
 * /| |                                                                        *
 * / \                                          input/cp_parser_methods.F:1163 *
 *******************************************************************************


 ===== Routine Calling Stack ===== 

            6 val_create_parsing
            5 section_vals_parse
            4 section_vals_parse
            3 section_vals_parse
            2 section_vals_parse
            1 read_input

 *******************************************************************************
 *   ___                                                                       *
 *
 *******************************************************************************
 *   ___                                                                       *
 *  /   \                                                                      *
 * [ABORT]                                                                     *
 *  \___/    A floating point type object was expected, found <4E-4_3E>, File: *
 *    |                  '', Line: 21, Column: 3, Chunk: <4E-4_3E>             *
 *  O/|                                                                        *
 * /| |                                                                        *
 * / \                                          input/cp_parser_methods.F:1163 *
 *******************************************************************************


 ===== Routine Calling Stack ===== 

            6 val_create_parsing
            5 section_vals_parse
            4 section_vals_parse
            3 section_vals_parse
            2 section_vals_parse
            1 read_input
  /   \                                                                      *
 * [ABORT]                                                                     *
 *  \___/    A floating point type object was expected, found <4E-4_3E>, File: *
 *    |                  '', Line: 21, Column: 3, Chunk: <4E-4_3E>             *
 *
 *******************************************************************************
 *   ___                                                                       *
 *  /   \                                                                      *
 * [ABORT]                                                                     *
 *  \___/    A floating point type object was expected, found <4E-4_3E>, File: *
 *    |                  '', Line: 21, Column: 3, Chunk: <4E-4_3E>             *
 *  O/|                                                                        *
 * /| |                                                                        *
 * / \                                          input/cp_parser_methods.F:1163 *
 *******************************************************************************


 ===== Routine Calling Stack ===== 

            6 val_create_parsing
            5 section_vals_parse
            4 section_vals_parse
            3 section_vals_parse
            2 section_vals_parse
            1 read_input
A floating point type object was expected, found <4E-4_3E>, File: *
 *    |                  '', Line: 21, Column: 3, Chunk: <4E-4_3E>             *
 *  O/|                                                                        *
 * /| |                                                                        *
 * / \                                          input/cp_parser_methods.F:1163 *
 *******************************************************************************


 ===== Routine Calling Stack ===== 

            6 val_create_parsing
            5 section_vals_parse
            4 section_vals_parse
            3 section_vals_parse
            2 section_vals_parse
            1 read_input
  O/|                                                                        *
 * /| |                                                                        *
 * / \                                          input/cp_parser_methods.F:1163 *
 *******************************************************************************


 ===== Routine Calling Stack ===== 

            6 val_create_parsing
            5 section_vals_parse
            4 section_vals_parse
            3 section_vals_parse
            2 section_vals_parse
            1 read_input

 *******************************************************************************
 *   ___                                                                       *
 *  /   \                                                                      *
 * [ABORT]                                                                     *
 *  \___/    A floating point type object was expected, found <4E-4_3E>, File: *
 *    |                  '', Line: 21, Column: 3, Chunk: <4E-4_3E>             *
 *  O/|                                                                        *
 * /| |                                                                        *
 * / \                                          input/cp_parser_methods.F:1163 *
 *******************************************************************************


 ===== Routine Calling Stack ===== 

            6 val_create_parsing
            5 section_vals_parse
            4 section_vals_parse
            3 section_vals_parse
            2 section_vals_parse
            1 read_input

 *******************************************************************************
 *   ___                                                                       *
 *  /   \                                                                      *
 * [ABORT]                                                                     *
 *
 *******************************************************************************
 *   ___                                                                       *
 *  /   \                                                                      *
 * [ABORT]                                                                     *
 *  \___/    A floating point type object was expected, found <4E-4_3E>, File: *
 *
 *******************************************************************************
 *   ___                                                                       *
 *  /   \                                                                      *
 * [ABORT]                                                                     *
 *  \___/    A floating point type object was expected, found <4E-4_3E>, File: *
 *    |                  '', Line: 21, Column: 3, Chunk: <4E-4_3E>             *
 *  O/|                                                                        *
 * /| |                                                                        *
 * / \                                          input/cp_parser_methods.F:1163 *
 *******************************************************************************


 ===== Routine Calling Stack ===== 

            6 val_create_parsing
            5 section_vals_parse
            4 section_vals_parse
            3 section_vals_parse
            2 section_vals_parse
            1 read_input
  \___/    A floating point type object was expected, found <4E-4_3E>, File: *
 *    |                  '', Line: 21, Column: 3, Chunk: <4E-4_3E>             *
 *  O/|                                                                        *
 * /| |                                                                        *
 * / \                                          input/cp_parser_methods.F:1163 *
 *******************************************************************************


 ===== Routine Calling Stack ===== 

            6 val_create_parsing
            5 section_vals_parse
            4 section_vals_parse
            3 section_vals_parse
            2 section_vals_parse
            1 read_input
    |                  '', Line: 21, Column: 3, Chunk: <4E-4_3E>             *
 *  O/|                                                                        *
 * /| |                                                                        *
 * / \                                          input/cp_parser_methods.F:1163 *
 *******************************************************************************


 ===== Routine Calling Stack ===== 

            6 val_create_parsing
            5 section_vals_parse
            4 section_vals_parse
            3 section_vals_parse
            2 section_vals_parse
            1 read_input

 *******************************************************************************
 *   ___   
 *******************************************************************************
 *   ___                                                                       *
 *  /   \                                                                      *
 * [ABORT]                                                                     *
 *  \___/    A floating point type object was expected, found <4E-4_3E>, File: *
 *    |                  '', Line: 21, Column: 3, Chunk: <4E-4_3E>             *
 *  O/|                                                                        *
 * /| |                                                                        *
 * / \                                          input/cp_parser_methods.F:1163 *
 *******************************************************************************


 ===== Routine Calling Stack ===== 

            6 val_create_parsing
            5 section_vals_parse
            4 section_vals_parse
            3 section_vals_parse
            2 section_vals_parse
            1 read_input

 *******************************************************************************
 *   ___                                                                       *
 *  /   \                                                                      *
 * [ABORT]                                                                     *
 *  \___/    A floating point type object was expected, found <4E-4_3E>, File: *
 *    |                  '', Line: 21, Column: 3, Chunk: <4E-4_3E>             *
 *  O/|                                                                        *
 * /| |                                                                        *
 * / \                                          input/cp_parser_methods.F:1163 *
 *******************************************************************************


 ===== Routine Calling Stack ===== 

            6 val_create_parsing
            5 section_vals_parse
            4 section_vals_parse
            3 section_vals_parse
            2 section_vals_parse
            1 read_input
                                                                    *
 *  /   \                                                                      *
 * [ABORT]                                                                     *
 *  \___/    A floating point type object was expected, found <4E-4_3E>, File: *
 *    |                  '', Line: 21, Column: 3, Chunk: <4E-4_3E>             *
 *  O/|                                                                        *
 * /| |                                                                        *
 * / \                                          input/cp_parser_methods.F:1163 *
 *******************************************************************************


 ===== Routine Calling Stack ===== 

            6 val_create_parsing
                                                                    *
 * / \                                          input/cp_parser_methods.F:1163 *
 *******************************************************************************


 ===== Routine Calling Stack ===== 

            6 val_create_parsing
            5 section_vals_parse
            4 section_vals_parse
            3 section_vals_parse
            2 section_vals_parse
            1 read_input

 *******************************************************************************
 *   ___                                                                       *
 *  /   \                                                                      *
 * [ABORT]                                                                     *
 *  \___/    A floating point type object was expected, found <4E-4_3E>, File: *
 *    |                  '', Line: 21, Column: 3, Chunk: <4E-4_3E>             *
 *  O/|                                                                        *
 * /| |                                                                        *
 * / \                                          input/cp_parser_methods.F:1163 *
 *******************************************************************************


 ===== Routine Calling Stack ===== 

            6 val_create_parsing

 *******************************************************************************
 *   ___                                                                       *
 *  /   \                                                                      *
 * [ABORT]                                                                     *
 *  \___/    A floating point type object was expected, found <4E-4_3E>, File: *
 *    |                  '', Line: 21, Column: 3, Chunk: <4E-4_3E>             *
 *  O/|                                                                        *
 * /| |                                                                        *
 * / \                                          input/cp_parser_methods.F:1163 *
 *******************************************************************************


 ===== Routine Calling Stack ===== 

            6 val_create_parsing
            5 section_vals_parse

 *******************************************************************************
 *   ___                                                                       *
 *  /   \                                                                      *
 * [ABORT]                                                                     *
 *  \___/    A floating point type object was expected, found <4E-4_3E>, File: *
 *    |                  '', Line: 21, Column: 3, Chunk: <4E-4_3E>             *
 *  O/|                                                                        *
 * /| |                                                                        *
 * / \                                          input/cp_parser_methods.F:1163 *
 *******************************************************************************


 ===== Routine Calling Stack ===== 

            6 val_create_parsing
            5 section_vals_parse
            4 section_vals_parse
            3 section_vals_parse
            2 section_vals_parse
            1 read_input

 *******************************************************************************
 *   ___                                                                       *
 *  /   \                                                                      *
 * [ABORT]                                                                     *
 *  \___/    A floating point type object was expected, found <4E-4_3E>, File: *
 *    |                  '', Line: 21, Column: 3, Chunk: <4E-4_3E>             *
 *  O/|                                                                        *
 * /| |                                                                        *
 * / \                                          input/cp_parser_methods.F:1163 *
 *******************************************************************************


 ===== Routine Calling Stack ===== 

            6 val_create_parsing
            5 section_vals_parse
            4 section_vals_parse
            3 section_vals_parse
            2 section_vals_parse
            1 read_input

 *******************************************************************************
 *   ___                                                                       *
 *  /   \                                                                      *
 * [ABORT]                                                                     *
 *  \___/    A floating point type object was expected, found <4E-4_3E>, File: *
 *    |                  '', Line: 21, Column: 3, Chunk: <4E-4_3E>             *
 *  O/|                                                                        *
 * /| |                                                                        *
 * / \                                          input/cp_parser_methods.F:1163 *
 *******************************************************************************


 ===== Routine Calling Stack ===== 

            6 val_create_parsing
            5 section_vals_parse
            4 section_vals_parse
            3 section_vals_parse
            2 section_vals_parse
            1 read_input
            5 section_vals_parse
            4 section_vals_parse
            3 section_vals_parse
            2 section_vals_parse
            1 read_input
            5 section_vals_parse
            4 section_vals_parse
            3 section_vals_parse
            2 section_vals_parse
            1 read_input
            4 section_vals_parse
            3 section_vals_parse
            2 section_vals_parse
            1 read_input

 *******************************************************************************
 *   ___                                                                       
 *******************************************************************************
 *   ___                                                                       *
 *  /   \                                                                      *
 * [ABORT]                                                                     *
 *  \___/    A floating point type object was expected, found <4E-4_3E>, File: *
 *    |                  '', Line: 21, Column: 3, Chunk: <4E-4_3E>             *
 *  O/|                                                                        *
 * /| |                                      *
 *  /   \                                                                      *
 * [ABORT]                                                                     *
 *  \___/    A floating point type object was expected, found <4E-4_3E>, File: *
 *    |                  '', Line: 21, Column: 3, Chunk: <4E-4_3E>             *
 *  O/|                                                                        *
 * /| |                                                                        *
 * / \                                          input/cp_parser_methods.F:1163 *
 *******************************************************************************


 ===== Routine Calling Stack ===== 

            6 val_create_parsing
            5 section_vals_parse
            4 section_vals_parse
            3 section_vals_parse
            2 section_vals_parse
            1 read_input

 *******************************************************************************
 *   ___                                                                       *
 *  /   \                                                                      *
 * [ABORT]                                                                     *
 *  \___/    A floating point type object was expected, found <4E-4_3E>, File: *
 *    |                  '', Line: 21, Column: 3, Chunk: <4E-4_3E>             *
 *  O/|    
 *******************************************************************************
 *   ___   
 *******************************************************************************
 *   ___                                                                       *
 *  /   \                                                                      *
 * [ABORT]                                                                     *
 *  \___/    A floating point type object was expected, found <4E-4_3E>, File: *
 *    |                  '', Line: 21, Column: 3, Chunk: <4E-4_3E>                                                                    *
 *  /   \                                                                      *
 * [ABORT]                                                                     *
 *  \___/    A floating point type object was expected, found <4E-4_3E>, File: *

 *******************************************************************************
 *   ___                                                                       *
 *    |                  '', Line: 21, Column: 3, Chunk: <4E-4_3E>             *
 *  O/|                                                                        *
 *                                  *
 * / \                                          input/cp_parser_methods.F:1163 *
 *******************************************************************************


 ===== Routine Calling Stack ===== 

            6 val_create_parsing
            5 section_vals_parse
            4 section_vals_parse
            3 section_vals_parse
            2 section_vals_parse
            1 read_input
 /| |                                                                        *
 * / \                                          input/cp_parser_methods.F:1163 *
 *******************************************************************************


 ===== Routine Calling Stack ===== 

 *******************************************************************************
 *   ___                                                                       *
 *  /   \                                                                      *
 * [ABORT]                                                                     *
 *  \___/    A floating point type object was expected, found <4E-4_3E>, File: *
 *    |                  '', Line: 21, Column: 3, Chunk: <4E-4_3E>             *
 *  O/|                                                                        *
 * /| |                                                                        *
 * / \                                          input/cp_parser_methods.F:1163 *
 *******************************************************************************


            6 val_create_parsing
            5 section_vals_parse
            4 section_vals_parse
            3 section_vals_parse
            2 section_vals_parse
            1 read_input

 *******************************************************************************
 *   ___                                                                       *
 *  /   \                                                                      *
 * [ABORT]                                                                     *
 *  \___/    A floating point type object was expected, found <4E-4_3E>, File: *
 * *  /   \                                                                      *
 * [ABORT]                                                                     *
 *  \___/    A floating point type object was expected, found <4E-4_3E>, File: *
 *    |                  '', Line: 21, Column: 3, Chunk: <4E-4_3E>             *
 *  O/|                                                                                                                                            *
 * /| |                                                                        *
 * / \                                          input/cp_parser_methods.F:1163 *
 *******************************************************************************


 ===== Routine Calling Stack ===== 

            6 val_create_parsing
            5 section_vals_parse
            4 section_vals_parse
            3 section_vals_parse
            2 section_vals_parse
            1 read_input
             *
 *  O/|                                                                        *
 * /| |                                                                        *
 * / \                                          input/cp_parser_methods.F:1163 *
 *******************************************************************************


 ===== Routine Calling Stack ===== 

            6 val_create_parsing
            5 section_vals_parse
            4 section_vals_parse
            3 section_vals_parse
            2 section_vals_parse

 ===== Routine Calling Stack ===== 

            6 val_create_parsing
            5 section_vals_parse
            4 section_vals_parse
            3 section_vals_parse
            2 section_vals_parse
            1 read_input
            1 read_input
    |                  '', Line: 21, Column: 3, Chunk: <4E-4_3E>             *
 *  O/|                                                                        *
 * /| |                                                                        *
 * / \                                          input/cp_parser_methods.F:1163 *
 *******************************************************************************


 ===== Routine Calling Stack ===== 

            6 val_create_parsing
*
 * /| |                                                                        *
 * / \                                          input/cp_parser_methods.F:1163 *
 *******************************************************************************


 ===== Routine Calling Stack ===== 

            6 val_create_parsing
            5 section_vals_parse
            4 section_vals_parse
            3 section_vals_parse
            2 section_vals_parse
            1 read_input
            5 section_vals_parse
            4 section_vals_parse
            3 section_vals_parse
            2 section_vals_parse
            1 read_input
