1.000000e-03 1.000000e-03 0.000000 0 0.000000 0.000000
1.000000e-03 4.000000e-03 0.000000 0 0.000000 0.000000
1.000000e-03 1.000000e-02 0.000000 0 0.000000 0.000000
1.000000e-03 4.000000e-02 0.000000 0 0.000000 0.000000
1.000000e-03 8.000000e-02 0.000000 0 0.000000 0.000000
1.000000e-03 1.000000e-01 0.000000 0 0.000000 0.000000
1.000000e-03 4.000000e-01 0.000000 0 0.000000 0.000000
1.000000e-03 1.000000e+00 0.000000 0 0.000000 0.000000
1.000000e-03 1.500000e+00 0.000000 0 0.000000 0.000000
4.000000e-03 1.000000e-03 0.000000 0 0.000000 0.000000
4.000000e-03 4.000000e-03 0.000000 0 0.000000 0.000000
4.000000e-03 1.000000e-02 0.000000 0 0.000000 0.000000
4.000000e-03 4.000000e-02 0.000000 0 0.000000 0.000000
4.000000e-03 8.000000e-02 0.000000 0 0.000000 0.000000
4.000000e-03 1.000000e-01 0.000000 0 0.000000 0.000000
4.000000e-03 4.000000e-01 0.000000 0 0.000000 0.000000
4.000000e-03 1.000000e+00 0.000000 0 0.000000 0.000000
4.000000e-03 1.500000e+00 0.000000 0 0.000000 0.000000
1.000000e-02 1.000000e-03 0.000000 0 0.000000 0.000000
1.000000e-02 4.000000e-03 0.000000 0 0.000000 0.000000
1.000000e-02 1.000000e-02 0.000000 0 0.000000 0.000000
1.000000e-02 4.000000e-02 0.000000 0 0.000000 0.000000
1.000000e-02 8.000000e-02 0.000000 0 0.000000 0.000000
1.000000e-02 1.000000e-01 0.000000 0 0.000000 0.000000
1.000000e-02 4.000000e-01 0.000000 0 0.000000 0.000000
1.000000e-02 1.000000e+00 0.000000 0 0.000000 0.000000
1.000000e-02 1.500000e+00 0.000000 0 0.000000 0.000000
4.000000e-02 1.000000e-03 0.000000 0 0.000000 0.000000
4.000000e-02 4.000000e-03 -5417.678934 61 103.319000 23.515092
4.000000e-02 1.000000e-02 0.000000 0 0.000000 0.000000
4.000000e-02 4.000000e-02 0.000000 0 0.000000 0.000000
4.000000e-02 8.000000e-02 0.000000 0 0.000000 0.000000
4.000000e-02 1.000000e-01 0.000000 0 0.000000 0.000000
4.000000e-02 4.000000e-01 0.000000 0 0.000000 0.000000
4.000000e-02 1.000000e+00 -5417.781767 168 271.500000 23.658530
4.000000e-02 1.500000e+00 0.000000 0 0.000000 0.000000
8.000000e-02 1.000000e-03 0.000000 0 0.000000 0.000000
8.000000e-02 4.000000e-03 0.000000 0 0.000000 0.000000
8.000000e-02 1.000000e-02 0.000000 0 0.000000 0.000000
8.000000e-02 4.000000e-02 0.000000 0 0.000000 0.000000
8.000000e-02 8.000000e-02 0.000000 0 0.000000 0.000000
8.000000e-02 1.000000e-01 0.000000 0 0.000000 0.000000
8.000000e-02 4.000000e-01 0.000000 0 0.000000 0.000000
8.000000e-02 1.000000e+00 0.000000 0 0.000000 0.000000
8.000000e-02 1.500000e+00 0.000000 0 0.000000 0.000000
1.000000e-01 1.000000e-03 0.000000 0 0.000000 0.000000
1.000000e-01 4.000000e-03 0.000000 0 0.000000 0.000000
1.000000e-01 1.000000e-02 0.000000 0 0.000000 0.000000
1.000000e-01 4.000000e-02 0.000000 0 0.000000 0.000000
1.000000e-01 8.000000e-02 0.000000 0 0.000000 0.000000
1.000000e-01 1.000000e-01 0.000000 0 0.000000 0.000000
1.000000e-01 4.000000e-01 0.000000 0 0.000000 0.000000
1.000000e-01 1.000000e+00 0.000000 0 0.000000 0.000000
1.000000e-01 1.500000e+00 0.000000 0 0.000000 0.000000
4.000000e-01 1.000000e-03 0.000000 0 0.000000 0.000000
4.000000e-01 4.000000e-03 0.000000 0 0.000000 0.000000
4.000000e-01 1.000000e-02 0.000000 0 0.000000 0.000000
4.000000e-01 4.000000e-02 0.000000 0 0.000000 0.000000
4.000000e-01 8.000000e-02 -5417.778737 365 587.798000 23.653263
4.000000e-01 1.000000e-01 0.000000 0 0.000000 0.000000
4.000000e-01 4.000000e-01 0.000000 0 0.000000 0.000000
4.000000e-01 1.000000e+00 0.000000 0 0.000000 0.000000
4.000000e-01 1.500000e+00 0.000000 0 0.000000 0.000000
