0.000000e+00 -4239.174192 300 335.662000 10.735979
1.000000e+02 -4239.050940 300 336.015000 11.405710
2.000000e+02 -4239.174353 300 343.918000 10.727214
3.000000e+02 -4239.174467 101 116.344000 10.643876
4.000000e+02 -4238.756886 300 335.832000 11.548136
5.000000e+02 -4239.738032 300 336.141000 11.181469
6.000000e+02 -4239.151912 300 334.945000 0.758457
7.000000e+02 -4240.072350 300 334.636000 13.911309
8.000000e+02 -4236.691514 300 335.800000 8.684286
9.000000e+02 -4238.820988 300 335.001000 8.034629
1.000000e+03 -4239.173545 300 334.997000 0.050090
1.100000e+03 -4239.179085 281 316.284000 0.004784
1.200000e+03 -4239.184830 150 169.999000 0.001611
1.300000e+03 -4239.190792 127 143.580000 0.002108
1.400000e+03 -4239.196974 299 333.431000 0.001077
1.500000e+03 -4239.204493 300 333.906000 0.872139
1.600000e+03 -4241.715948 300 335.674000 10.401264
1.700000e+03 -4239.216871 239 267.257000 0.008258
1.800000e+03 -4239.223962 105 120.661000 0.000409
1.900000e+03 -4239.231284 145 167.055000 0.004011
2.000000e+03 -4239.241759 150 169.335000 6.776433
2.100000e+03 -4239.246639 120 134.303000 0.000094
2.200000e+03 -4239.256939 298 331.711000 6.106693
2.300000e+03 -4239.262945 85 98.544000 0.000029
2.400000e+03 -4239.272315 300 334.906000 5.158122
2.500000e+03 -4239.280219 215 241.621000 0.019354
2.600000e+03 -4239.289376 254 285.628000 3.761946
2.700000e+03 -4239.298464 222 250.018000 0.000049
2.800000e+03 -4240.218849 300 335.829000 5.679174
2.900000e+03 -4239.316377 300 334.939000 0.764199
3.000000e+03 -4239.327673 82 94.162000 0.000321
