cpu-bind=MASK - cn1048, task  0  0 [41633]: mask 0xffffffffffffffff set
5E-3 5E-4 2E-4 1E-4 5e-5 1E-5 5e-6
5E-3
5e-6
7


16.00
16
547.50000000000000000000
532.50000000000000000000
--------------------------------------------------------------------------
Open MPI failed an OFI Libfabric library call (fi_domain).  This is highly
unusual; your job may behave unpredictably (and/or abort) after this.

  Local host: cn1051
  Location: mtl_ofi_component.c:928
  Error: No data available (61)
--------------------------------------------------------------------------
[cn1048.scarf.rl.ac.uk:42349] 95 more processes have sent help message help-mtl-ofi.txt / OFI call fail
[cn1048.scarf.rl.ac.uk:42349] Set MCA parameter "orte_base_help_aggregate" to 0 to see all help / error messages
--------------------------------------------------------------------------
MPI_ABORT was invoked on rank 0 in communicator MPI_COMM_WORLD
with errorcode 1.

NOTE: invoking MPI_ABORT causes Open MPI to kill all MPI processes.
You may or may not see output from other processes, depending on
exactly when Open MPI kills them.
--------------------------------------------------------------------------
[cn1048.scarf.rl.ac.uk:42349] 95 more processes have sent help message help-mpi-api.txt / mpi-abort
