
Lmod is automatically replacing "cce/11.0.4" with "gcc/10.2.0".


Lmod is automatically replacing "PrgEnv-cray/8.0.0" with "PrgEnv-gnu/8.0.0".


Due to MODULEPATH changes, the following have been reloaded:
  1) cray-mpich/8.1.4


The following have been reloaded with a version change:
  1) PrgEnv-gnu/8.0.0 => PrgEnv-gnu/8.1.0
  2) cray-libsci/21.04.1.1 => cray-libsci/21.08.1.2
  3) cray-mpich/8.1.4 => cray-mpich/8.1.9
  4) craype/2.7.6 => craype/2.7.10
  5) gcc/10.2.0 => gcc/11.2.0


Program received signal SIGABRT: Process abort signal.

Backtrace for this error:
#0  0x2af6a72d749f in ???
#1  0x2af6a72d7420 in ???
#2  0x2af6a72d8a00 in ???
#3  0x2936d06 in __cp_output_handling_MOD_cp_print_key_unit_nr
	at /mnt/lustre/a2fs-work1/work/y07/shared/apps/core/cp2k/cp2k-2022.1/src/input/cp_output_handling.F:947
#4  0x1d87118 in __kpoint_io_MOD_write_kpoints_restart
	at /mnt/lustre/a2fs-work2/work/e05/e05/cahart/cp2k/cp2k-2022.1/cp2k-2022.1_dev-1/src/kpoint_io.F:111
#5  0x19d1669 in __qs_scf_MOD_scf_env_do_scf
	at /mnt/lustre/a2fs-work2/work/e05/e05/cahart/cp2k/cp2k-2022.1/cp2k-2022.1_dev-1/src/qs_scf.F:531
#6  0x19de747 in __qs_scf_MOD_scf
	at /mnt/lustre/a2fs-work2/work/e05/e05/cahart/cp2k/cp2k-2022.1/cp2k-2022.1_dev-1/src/qs_scf.F:243
#7  0x1011fec in __qs_energy_MOD_qs_energies
	at /mnt/lustre/a2fs-work2/work/e05/e05/cahart/cp2k/cp2k-2022.1/cp2k-2022.1_dev-1/src/qs_energy.F:93
#8  0x932a5f in __qs_force_MOD_qs_calc_energy_force
	at /mnt/lustre/a2fs-work2/work/e05/e05/cahart/cp2k/cp2k-2022.1/cp2k-2022.1_dev-1/src/qs_force.F:114
#9  0x8ecaa7 in __force_env_methods_MOD_force_env_calc_energy_force
	at /mnt/lustre/a2fs-work2/work/e05/e05/cahart/cp2k/cp2k-2022.1/cp2k-2022.1_dev-1/src/force_env_methods.F:271
#10  0x508204 in cp2k_run
	at /mnt/lustre/a2fs-work2/work/e05/e05/cahart/cp2k/cp2k-2022.1/cp2k-2022.1_dev-1/src/start/cp2k_runs.F:357
#11  0x50ac59 in __cp2k_runs_MOD_run_input
	at /mnt/lustre/a2fs-work2/work/e05/e05/cahart/cp2k/cp2k-2022.1/cp2k-2022.1_dev-1/src/start/cp2k_runs.F:993
#12  0x5052cd in cp2k
	at /mnt/lustre/a2fs-work2/work/e05/e05/cahart/cp2k/cp2k-2022.1/cp2k-2022.1_dev-1/src/start/cp2k.F:379
#13  0x4d90dc in main
	at /mnt/lustre/a2fs-work2/work/e05/e05/cahart/cp2k/cp2k-2022.1/cp2k-2022.1_dev-1/src/start/cp2k.F:44
srun: error: nid004596: task 0: Aborted (core dumped)
srun: launch/slurm: _step_signal: Terminating StepId=2943667.0
slurmstepd: error: *** STEP 2943667.0 ON nid004596 CANCELLED AT 2023-01-22T13:44:33 ***
srun: error: nid004596: tasks 1-127: Terminated
srun: Force Terminated StepId=2943667.0
