4.000000e+00 0.000000e+00 -4239.171463 300 334.295000 8.779803
4.000000e+00 2.000000e+00 -4239.170698 300 333.935000 8.778336
4.000000e+00 4.000000e+00 -4239.141730 300 335.714000 3.892189
4.000000e+00 6.000000e+00 -4239.141541 300 335.208000 3.888552
4.000000e+00 8.000000e+00 -4239.173412 300 334.775000 10.643706
4.000000e+00 1.000000e+01 -4239.162490 300 334.422000 10.650833
4.000000e+00 1.200000e+01 -4239.275843 300 334.331000 10.685452
4.000000e+00 1.400000e+01 -4239.171108 194 217.324000 8.778618
6.000000e+00 0.000000e+00 -4239.170187 300 334.911000 8.771619
6.000000e+00 2.000000e+00 -4239.140152 300 334.552000 0.079241
6.000000e+00 4.000000e+00 -4239.144607 300 334.519000 3.892710
6.000000e+00 6.000000e+00 -4239.424034 300 334.443000 12.295020
6.000000e+00 8.000000e+00 -4239.171365 204 229.702000 8.778705
6.000000e+00 1.000000e+01 -4239.839692 300 334.658000 12.587363
6.000000e+00 1.200000e+01 -4239.140997 300 335.747000 3.891419
6.000000e+00 1.400000e+01 -4239.171227 93 105.261000 8.777993
8.000000e+00 0.000000e+00 -4239.139593 300 337.892000 3.896162
8.000000e+00 2.000000e+00 -4239.171366 108 134.997000 8.778698
8.000000e+00 4.000000e+00 -4239.711277 300 337.336000 12.139306
8.000000e+00 6.000000e+00 -4239.147316 300 337.872000 3.894195
8.000000e+00 8.000000e+00 -4239.170752 300 338.624000 7.041436
8.000000e+00 1.000000e+01 -4239.163892 300 338.121000 16.263113
8.000000e+00 1.200000e+01 -4239.171369 101 118.963000 8.778770
8.000000e+00 1.400000e+01 -4239.171611 65 78.540000 8.778685
1.000000e+01 0.000000e+00 -4239.169625 300 335.075000 7.039422
1.000000e+01 2.000000e+00 -4239.171770 300 338.380000 8.777566
1.000000e+01 4.000000e+00 -4240.575365 300 334.796000 8.281030
1.000000e+01 6.000000e+00 -4239.161752 300 336.582000 10.661343
1.000000e+01 8.000000e+00 -4240.734125 300 335.538000 15.810142
1.000000e+01 1.000000e+01 -4239.139839 300 335.193000 3.889751
1.000000e+01 1.200000e+01 -4239.170740 153 175.109000 7.041721
1.000000e+01 1.400000e+01 -4239.199663 300 334.809000 10.678583
1.200000e+01 0.000000e+00 -4238.421660 300 347.067000 12.035780
1.200000e+01 2.000000e+00 -4238.671977 300 347.065000 6.890381
1.200000e+01 4.000000e+00 -4238.966950 300 336.043000 12.724702
1.200000e+01 6.000000e+00 -4239.171415 88 100.789000 8.778808
1.200000e+01 8.000000e+00 -4239.177039 300 336.704000 10.635327
1.200000e+01 1.000000e+01 -4239.363745 300 336.025000 10.639749
1.200000e+01 1.200000e+01 -4239.171322 100 113.678000 8.778359
1.200000e+01 1.400000e+01 -4239.171406 276 308.433000 8.778757
1.400000e+01 0.000000e+00 -4239.332886 300 334.794000 12.074415
1.400000e+01 2.000000e+00 -4239.174392 300 335.909000 10.643570
1.400000e+01 4.000000e+00 -4239.174747 150 169.494000 10.643861
1.400000e+01 6.000000e+00 -4239.174150 300 335.768000 10.643731
1.400000e+01 8.000000e+00 -4239.171672 87 99.562000 8.778663
1.400000e+01 1.000000e+01 -4239.171216 106 120.428000 8.778647
1.400000e+01 1.200000e+01 -4239.138644 300 335.716000 3.892014
1.400000e+01 1.400000e+01 -4240.017146 300 334.322000 10.709955
1.600000e+01 0.000000e+00 -4239.174254 102 116.357000 10.643835
1.600000e+01 2.000000e+00 -4239.175037 149 169.043000 10.643908
1.600000e+01 4.000000e+00 -4239.174153 300 335.954000 10.643888
1.600000e+01 6.000000e+00 -4239.174274 153 171.994000 10.643901
1.600000e+01 8.000000e+00 -4239.175009 300 334.924000 10.644076
1.600000e+01 1.000000e+01 -4239.175760 300 335.083000 10.644188
1.600000e+01 1.200000e+01 -4239.180582 300 335.413000 10.628827
1.600000e+01 1.400000e+01 -4239.172829 300 334.884000 10.644789
