1.000000e+02 -5417.710761 64 106.188000 23.590150
2.000000e+02 -5417.211400 19 33.564000 23.283310
3.000000e+02 -5417.230153 17 29.283000 22.930275
4.000000e+02 -5418.125528 11 21.538000 24.018523
5.000000e+02 -5417.424108 27 47.175000 24.567786
6.000000e+02 0.000000 0 0.000000 0.000000
7.000000e+02 0.000000 0 0.000000 0.000000
8.000000e+02 0.000000 0 0.000000 0.000000
9.000000e+02 0.000000 0 0.000000 0.000000
1.000000e+03 -5418.145382 78 126.106000 25.420879
1.100000e+03 -5417.137259 34 57.318000 25.028521
1.200000e+03 -5417.732404 46 77.225000 25.173658
1.300000e+03 -5418.670462 58 95.075000 25.361373
1.400000e+03 0.000000 0 0.000000 0.000000
1.500000e+03 -5417.791577 14 25.918000 23.149118
1.600000e+03 -5417.496771 11 21.542000 22.777436
1.700000e+03 -5417.525878 11 21.534000 22.709998
1.800000e+03 -5417.525581 11 21.427000 22.544276
1.900000e+03 -5417.858657 49 81.446000 22.827854
2.000000e+03 -5417.331712 9 17.557000 21.987530
2.100000e+03 -5417.361771 9 17.328000 21.640490
2.200000e+03 -5417.393514 9 19.430000 21.262577
2.300000e+03 -5417.766928 12 23.750000 21.410377
2.400000e+03 -5417.794817 12 22.788000 21.060132
2.500000e+03 -5417.726300 13 24.119000 20.661667
2.600000e+03 -5417.650198 13 25.162000 20.055394
2.700000e+03 -5417.850739 16 29.677000 19.584617
2.800000e+03 -5418.765456 17 31.212000 18.752880
2.900000e+03 -5417.301776 15 28.242000 17.435736
3.000000e+03 -5417.949673 16 30.400000 16.069591
3.100000e+03 -5417.604991 25 45.014000 15.245649
3.200000e+03 -5415.273391 20 36.473000 14.414097
3.300000e+03 -5419.500896 19 33.874000 19.544611
3.400000e+03 -5417.555526 56 90.738000 13.645287
3.500000e+03 -5416.850814 24 43.922000 12.523307
4.000000e+03 -5417.168781 93 149.402000 3.663139
