0.000000e+00 0.000000 0 0.000000 0.000000
1.000000e+01 -4239.174436 115 130.474000 10.643861
2.000000e+01 -4239.174270 136 153.052000 10.643724
3.000000e+01 -4239.174342 91 106.278000 10.643890
4.000000e+01 -4239.174449 105 123.693000 10.643880
5.000000e+01 -4239.174557 93 108.424000 10.643864
6.000000e+01 -4239.174427 114 132.180000 10.643853
7.000000e+01 -4239.173819 140 161.842000 10.643775
8.000000e+01 -4239.174264 103 117.952000 10.643889
9.000000e+01 -4239.174649 117 132.309000 10.643883
1.000000e+02 -4239.174044 106 121.968000 10.643825
1.100000e+02 -4239.174413 116 132.411000 10.643880
1.200000e+02 -4239.174388 91 104.700000 10.643963
1.300000e+02 -4239.172764 119 134.276000 10.643763
1.400000e+02 -4239.174784 137 154.250000 10.643881
1.500000e+02 -4239.171716 92 105.343000 10.643645
1.600000e+02 -4239.174513 106 122.068000 10.643845
1.700000e+02 -4239.174406 147 168.693000 10.643875
1.800000e+02 -4239.174420 121 140.296000 10.643834
1.900000e+02 -4239.174616 118 134.889000 10.643861
2.000000e+02 -4239.174726 122 139.962000 10.643860
2.100000e+02 -4239.173596 127 146.271000 10.643855
2.200000e+02 -4239.174283 101 116.294000 10.643857
2.300000e+02 -4239.174516 180 201.561000 10.643870
2.400000e+02 -4239.174396 102 119.683000 10.643900
2.500000e+02 -4239.174559 140 157.579000 10.643869
2.600000e+02 -4239.174400 119 134.699000 10.643873
2.700000e+02 -4239.174546 150 169.105000 10.643849
2.800000e+02 -4239.168258 72 82.825000 10.643415
2.900000e+02 -4239.175075 140 157.917000 10.643902
3.000000e+02 -4239.174037 114 130.620000 10.643912
