1.000000e-03 1.000000e-03 -5417.832647 500 295.254000 25.063253
1.000000e-03 4.000000e-03 -5417.715334 500 296.216000 0.078671
1.000000e-03 1.000000e-02 -5417.715942 500 295.610000 0.007351
1.000000e-03 4.000000e-02 -5417.715921 500 295.473000 0.031926
1.000000e-03 4.000000e-02 -5417.715921 500 295.473000 0.031926
1.000000e-03 1.000000e-01 -5417.832284 500 295.582000 25.063229
1.000000e-03 4.000000e-01 -5417.832142 500 294.369000 25.063429
1.000000e-03 5.000000e-01 -5417.832289 274 161.850000 25.063384
4.000000e-03 1.000000e-03 -5417.715938 392 231.425000 0.000364
4.000000e-03 4.000000e-03 -5417.715938 288 170.158000 0.000157
4.000000e-03 1.000000e-02 -5417.715938 500 295.380000 0.000417
4.000000e-03 4.000000e-02 -5417.715938 415 245.762000 0.000648
4.000000e-03 4.000000e-02 -5417.715938 415 245.762000 0.000648
4.000000e-03 1.000000e-01 -5417.832270 500 295.261000 25.063383
4.000000e-03 4.000000e-01 -5417.832267 500 295.380000 25.063392
4.000000e-03 5.000000e-01 -5417.832275 208 124.611000 25.063384
1.000000e-02 1.000000e-03 -5417.832279 129 80.553000 25.063382
1.000000e-02 4.000000e-03 -5417.715938 191 115.723000 0.000003
1.000000e-02 1.000000e-02 -5417.832274 178 108.473000 25.063384
1.000000e-02 4.000000e-02 -5417.832267 156 93.845000 25.063381
1.000000e-02 4.000000e-02 -5417.832267 156 93.845000 25.063381
1.000000e-02 1.000000e-01 -5417.832272 474 278.947000 25.063385
1.000000e-02 4.000000e-01 -5417.832274 122 73.845000 25.063384
1.000000e-02 5.000000e-01 -5417.832273 119 71.758000 25.063382
4.000000e-02 1.000000e-03 -5417.832272 62 38.747000 25.063382
4.000000e-02 4.000000e-03 -5417.832273 66 41.008000 25.063383
4.000000e-02 1.000000e-02 -5417.832273 55 34.856000 25.063403
4.000000e-02 4.000000e-02 -5417.832273 68 41.367000 25.063383
4.000000e-02 4.000000e-02 -5417.832273 68 41.367000 25.063383
4.000000e-02 1.000000e-01 -5417.832272 56 34.231000 25.063384
4.000000e-02 4.000000e-01 -5417.832273 60 37.082000 25.063383
4.000000e-02 5.000000e-01 -5417.832273 72 44.725000 25.063384
5.000000e-02 1.000000e-03 -5417.832273 57 35.713000 25.063383
5.000000e-02 4.000000e-03 -5417.832273 56 35.137000 25.063384
5.000000e-02 1.000000e-02 -5417.832274 60 37.408000 25.063383
5.000000e-02 4.000000e-02 -5417.832272 59 36.894000 25.063383
5.000000e-02 4.000000e-02 -5417.832272 59 36.894000 25.063383
5.000000e-02 1.000000e-01 -5417.832272 63 39.496000 25.063383
5.000000e-02 4.000000e-01 -5417.832269 53 32.551000 25.063377
5.000000e-02 5.000000e-01 -5417.832272 60 37.845000 25.063384
1.000000e-01 1.000000e-03 -5418.373031 500 296.259000 25.689617
1.000000e-01 4.000000e-03 -5417.944916 500 294.452000 24.927877
1.000000e-01 1.000000e-02 -5417.850998 500 296.584000 25.060941
1.000000e-01 4.000000e-02 -5417.897066 500 296.672000 25.009415
1.000000e-01 4.000000e-02 -5417.897066 500 296.672000 25.009415
1.000000e-01 1.000000e-01 -5417.832273 42 27.318000 25.063383
1.000000e-01 4.000000e-01 -5418.306538 500 295.414000 28.169731
1.000000e-01 5.000000e-01 -5418.389364 500 296.754000 25.607560
4.000000e-01 1.000000e-03 -5417.832264 500 294.755000 25.063373
4.000000e-01 4.000000e-03 -5417.875532 500 294.536000 24.967542
4.000000e-01 1.000000e-02 -5417.832210 500 295.662000 25.063329
4.000000e-01 4.000000e-02 -5417.836000 500 296.206000 25.059612
4.000000e-01 4.000000e-02 -5417.836000 500 296.206000 25.059612
4.000000e-01 1.000000e-01 -5417.832286 500 295.676000 25.063364
4.000000e-01 4.000000e-01 -5417.837191 500 296.308000 25.006134
4.000000e-01 5.000000e-01 -5417.832255 500 296.083000 25.063225
5.000000e-01 1.000000e-03 -5417.832275 500 296.184000 25.063376
5.000000e-01 4.000000e-03 -5417.832273 500 295.565000 25.063383
5.000000e-01 1.000000e-02 -5417.832273 500 295.109000 25.063383
5.000000e-01 4.000000e-02 -5417.835344 500 296.314000 25.056847
5.000000e-01 4.000000e-02 -5417.835344 500 296.314000 25.056847
5.000000e-01 1.000000e-01 -5417.832273 500 294.569000 25.063383
5.000000e-01 4.000000e-01 -5417.832300 500 297.111000 25.063295
5.000000e-01 5.000000e-01 -5417.833163 500 297.120000 25.056124
