
Lmod is automatically replacing "cce/11.0.4" with "gcc/10.2.0".


Lmod is automatically replacing "PrgEnv-cray/8.0.0" with "PrgEnv-gnu/8.0.0".


Due to MODULEPATH changes, the following have been reloaded:
  1) cray-mpich/8.1.4


The following have been reloaded with a version change:
  1) PrgEnv-gnu/8.0.0 => PrgEnv-gnu/8.1.0
  2) cray-libsci/21.04.1.1 => cray-libsci/21.08.1.2
  3) cray-mpich/8.1.4 => cray-mpich/8.1.9
  4) craype/2.7.6 => craype/2.7.10
  5) gcc/10.2.0 => gcc/11.2.0

slurmstepd: error: *** STEP 3094745.0 ON nid002492 CANCELLED AT 2023-02-15T12:01:34 DUE TO TIME LIMIT ***
slurmstepd: error: *** JOB 3094745 ON nid002492 CANCELLED AT 2023-02-15T12:01:34 DUE TO TIME LIMIT ***
process_vm_readv: No such process
PE 35: process_vm_readv returned: Invalid argument
Assertion failed in file ../src/mpid/ch4/shm/cray_common/cray_common_memops.c at line 426: 0
process_vm_readv: No such process
PE 67: process_vm_readv returned: Invalid argument
Assertion failed in file ../src/mpid/ch4/shm/cray_common/cray_common_memops.c at line 426: 0
/opt/cray/pe/lib64/libmpi_gnu_91.so.12(MPL_backtrace_show+0x26) [0x2ae9899e9c7b]
/opt/cray/pe/lib64/libmpi_gnu_91.so.12(+0x20e2744) [0x2ae98937e744]
/opt/cray/pe/lib64/libmpi_gnu_91.so.12(+0x25a2b49) [0x2ae98983eb49]
/opt/cray/pe/lib64/libmpi_gnu_91.so.12(PMPI_Recv+0x115c) [0x2ae987bc07bc]
/work/e05/e05/cahart/cp2k/cp2k-2023.1/cp2k-2023.1-dev-3/exe/ARCHER2/cp2k.psmp() [0xaaf7e05]
/work/e05/e05/cahart/cp2k/cp2k-2023.1/cp2k-2023.1-dev-3/exe/ARCHER2/cp2k.psmp() [0xaaeebd9]
/work/e05/e05/cahart/cp2k/cp2k-2023.1/cp2k-2023.1-dev-3/exe/ARCHER2/cp2k.psmp() [0xaae7fdb]
/work/e05/e05/cahart/cp2k/cp2k-2023.1/cp2k-2023.1-dev-3/exe/ARCHER2/cp2k.psmp() [0x52047e9]
/work/e05/e05/cahart/cp2k/cp2k-2023.1/cp2k-2023.1-dev-3/exe/ARCHER2/cp2k.psmp() [0x51f2e1f]
/work/e05/e05/cahart/cp2k/cp2k-2023.1/cp2k-2023.1-dev-3/exe/ARCHER2/cp2k.psmp() [0x5218918]
/work/e05/e05/cahart/cp2k/cp2k-2023.1/cp2k-2023.1-dev-3/exe/ARCHER2/cp2k.psmp() [0x51a4483]
/work/e05/e05/cahart/cp2k/cp2k-2023.1/cp2k-2023.1-dev-3/exe/ARCHER2/cp2k.psmp() [0x51547be]
/work/e05/e05/cahart/cp2k/cp2k-2023.1/cp2k-2023.1-dev-3/exe/ARCHER2/cp2k.psmp() [0x51533d8]
/work/e05/e05/cahart/cp2k/cp2k-2023.1/cp2k-2023.1-dev-3/exe/ARCHER2/cp2k.psmp() [0x5151464]
/work/e05/e05/cahart/cp2k/cp2k-2023.1/cp2k-2023.1-dev-3/exe/ARCHER2/cp2k.psmp() [0x5150a6a]
/work/e05/e05/cahart/cp2k/cp2k-2023.1/cp2k-2023.1-dev-3/exe/ARCHER2/cp2k.psmp() [0x2c1b60f]
/work/e05/e05/cahart/cp2k/cp2k-2023.1/cp2k-2023.1-dev-3/exe/ARCHER2/cp2k.psmp() [0x2c1ce8c]
/work/e05/e05/cahart/cp2k/cp2k-2023.1/cp2k-2023.1-dev-3/exe/ARCHER2/cp2k.psmp() [0x1b7737f]
/work/e05/e05/cahart/cp2k/cp2k-2023.1/cp2k-2023.1-dev-3/exe/ARCHER2/cp2k.psmp() [0x19e8bfb]
/work/e05/e05/cahart/cp2k/cp2k-2023.1/cp2k-2023.1-dev-3/exe/ARCHER2/cp2k.psmp() [0x14099b9]
/work/e05/e05/cahart/cp2k/cp2k-2023.1/cp2k-2023.1-dev-3/exe/ARCHER2/cp2k.psmp() [0x14179e8]
/work/e05/e05/cahart/cp2k/cp2k-2023.1/cp2k-2023.1-dev-3/exe/ARCHER2/cp2k.psmp() [0xd567fc]
/work/e05/e05/cahart/cp2k/cp2k-2023.1/cp2k-2023.1-dev-3/exe/ARCHER2/cp2k.psmp() [0xb2d153]
/work/e05/e05/cahart/cp2k/cp2k-2023.1/cp2k-2023.1-dev-3/exe/ARCHER2/cp2k.psmp() [0x50e4a3]
/work/e05/e05/cahart/cp2k/cp2k-2023.1/cp2k-2023.1-dev-3/exe/ARCHER2/cp2k.psmp() [0x510f9a]
/work/e05/e05/cahart/cp2k/cp2k-2023.1/cp2k-2023.1-dev-3/exe/ARCHER2/cp2k.psmp() [0x50487e]
/work/e05/e05/cahart/cp2k/cp2k-2023.1/cp2k-2023.1-dev-3/exe/ARCHER2/cp2k.psmp() [0x4d868d]
/lib64/libc.so.6(__libc_start_main+0xea) [0x2ae98a40b34a]
/work/e05/e05/cahart/cp2k/cp2k-2023.1/cp2k-2023.1-dev-3/exe/ARCHER2/cp2k.psmp() [0x502c3a]
MPICH ERROR [Rank 67] [job id 3094745.0] [Wed Feb 15 12:01:34 2023] [nid002492] - Abort(1): Internal error

