1.000000e-03 1.000000e-03 -4241.859374 300 334.325000 13.346189
1.000000e-03 4.000000e-03 -4238.861911 300 334.033000 7.237704
1.000000e-03 1.000000e-02 -4239.173824 300 334.906000 8.777904
1.000000e-03 4.000000e-02 -4239.155973 300 334.777000 8.790605
1.000000e-03 4.000000e-02 -4239.155973 300 334.777000 8.790605
1.000000e-03 1.000000e-01 -4237.827706 300 335.542000 13.878770
1.000000e-03 4.000000e-01 -4239.151679 300 335.448000 8.884248
1.000000e-03 5.000000e-01 -4238.687290 300 335.375000 16.807268
4.000000e-03 1.000000e-03 -4238.982544 300 334.518000 10.564107
4.000000e-03 4.000000e-03 -4240.040068 300 334.403000 10.569929
4.000000e-03 1.000000e-02 -4243.326177 300 335.321000 13.516367
4.000000e-03 4.000000e-02 -4239.108801 300 332.924000 8.755181
4.000000e-03 4.000000e-02 -4239.108801 300 332.924000 8.755181
4.000000e-03 1.000000e-01 -4239.896938 300 334.636000 16.480538
4.000000e-03 4.000000e-01 -4239.169357 300 335.314000 8.775304
4.000000e-03 5.000000e-01 -4239.875290 300 335.383000 10.350958
1.000000e-02 1.000000e-03 -4239.782812 300 353.945000 7.126606
1.000000e-02 4.000000e-03 -4239.137305 300 335.706000 3.969354
1.000000e-02 1.000000e-02 -4243.531241 300 338.656000 14.955680
1.000000e-02 4.000000e-02 -4239.170759 300 338.000000 8.778797
1.000000e-02 4.000000e-02 -4239.170759 300 338.000000 8.778797
1.000000e-02 1.000000e-01 -4240.218315 300 335.059000 7.618882
1.000000e-02 4.000000e-01 -4239.512448 300 335.515000 10.378925
1.000000e-02 5.000000e-01 -4239.839612 300 334.849000 7.149404
4.000000e-02 1.000000e-03 -4239.174546 158 177.013000 10.643881
4.000000e-02 4.000000e-03 -4239.174453 131 148.610000 10.643856
4.000000e-02 1.000000e-02 -4239.174441 300 334.788000 10.643756
4.000000e-02 4.000000e-02 -4247.171255 300 338.036000 16.410391
4.000000e-02 4.000000e-02 -4247.171255 300 338.036000 16.410391
4.000000e-02 1.000000e-01 -4239.765753 300 334.703000 12.114489
4.000000e-02 4.000000e-01 -4239.174216 189 211.692000 10.643837
4.000000e-02 5.000000e-01 -4236.753988 300 336.179000 10.992466
5.000000e-02 1.000000e-03 -4239.175226 300 334.326000 10.644743
5.000000e-02 4.000000e-03 -4239.174696 300 334.570000 10.643535
5.000000e-02 1.000000e-02 -4239.173367 300 334.566000 10.641064
5.000000e-02 4.000000e-02 -4238.927643 300 333.946000 12.718790
5.000000e-02 4.000000e-02 -4238.927643 300 333.946000 12.718790
5.000000e-02 1.000000e-01 -4239.095385 300 337.830000 11.335447
5.000000e-02 4.000000e-01 -4238.974451 300 338.085000 11.596154
5.000000e-02 5.000000e-01 -4240.172854 300 336.288000 13.143805
1.000000e-01 1.000000e-03 -4241.383907 300 336.639000 13.760207
1.000000e-01 4.000000e-03 -4239.271808 300 336.219000 15.517504
1.000000e-01 1.000000e-02 -4239.196515 300 336.168000 16.588526
1.000000e-01 4.000000e-02 -4239.466799 300 333.785000 15.951338
1.000000e-01 4.000000e-02 -4239.466799 300 333.785000 15.951338
1.000000e-01 1.000000e-01 -4239.642860 300 336.703000 15.900570
1.000000e-01 4.000000e-01 -4238.858640 300 336.483000 11.651767
1.000000e-01 5.000000e-01 -4236.261712 300 336.585000 12.778172
4.000000e-01 1.000000e-03 -4239.179792 300 335.065000 8.787852
4.000000e-01 4.000000e-03 -4239.171503 300 334.823000 8.778643
4.000000e-01 1.000000e-02 -4239.173784 300 334.247000 8.775913
4.000000e-01 4.000000e-02 -4239.172625 300 333.203000 8.777505
4.000000e-01 4.000000e-02 -4239.172625 300 333.203000 8.777505
4.000000e-01 1.000000e-01 -4239.171349 300 334.467000 8.770758
4.000000e-01 4.000000e-01 -4239.168827 300 335.029000 8.775142
4.000000e-01 5.000000e-01 -4235.465762 300 338.719000 5.360982
5.000000e-01 1.000000e-03 -4239.167377 300 336.462000 8.743707
5.000000e-01 4.000000e-03 -4239.172309 300 334.632000 8.744061
5.000000e-01 1.000000e-02 -4239.178347 300 338.538000 8.745081
5.000000e-01 4.000000e-02 -4239.074915 300 337.500000 8.721629
5.000000e-01 4.000000e-02 -4239.074915 300 337.500000 8.721629
5.000000e-01 1.000000e-01 -4239.175351 300 337.496000 8.761304
5.000000e-01 4.000000e-01 -4239.223762 300 334.178000 8.653245
5.000000e-01 5.000000e-01 -4239.238940 300 336.226000 8.607422
