1.000000e-03 1.000000e-03 -4239.862905 300 337.403000 11.968919
1.000000e-03 4.000000e-03 -4246.815515 300 334.498000 16.673249
1.000000e-03 1.000000e-02 -4239.172342 300 337.411000 8.777255
1.000000e-03 4.000000e-02 -4239.102306 300 333.600000 8.794566
1.000000e-03 4.000000e-02 -4239.102306 300 333.600000 8.794566
1.000000e-03 1.000000e-01 -4237.779863 300 334.362000 4.225254
1.000000e-03 4.000000e-01 -4239.112599 300 335.326000 7.049379
1.000000e-03 5.000000e-01 -4239.023821 300 335.481000 10.641644
4.000000e-03 1.000000e-03 -4241.203501 300 335.619000 10.017832
4.000000e-03 4.000000e-03 -4239.962519 300 334.643000 9.633010
4.000000e-03 1.000000e-02 -4239.341391 300 334.610000 12.041054
4.000000e-03 4.000000e-02 -4239.139647 300 333.538000 10.643877
4.000000e-03 4.000000e-02 -4239.139647 300 333.538000 10.643877
4.000000e-03 1.000000e-01 -4239.448760 300 334.078000 15.820361
4.000000e-03 4.000000e-01 -4239.062019 300 335.343000 8.718094
4.000000e-03 5.000000e-01 -4239.563124 300 334.967000 15.964406
1.000000e-02 1.000000e-03 -4239.163230 300 335.046000 8.757401
1.000000e-02 4.000000e-03 -4239.142031 300 337.641000 3.891141
1.000000e-02 1.000000e-02 -4239.417881 300 337.171000 9.300580
1.000000e-02 4.000000e-02 -4239.140170 300 332.748000 0.006462
1.000000e-02 4.000000e-02 -4239.140170 300 332.748000 0.006462
1.000000e-02 1.000000e-01 -4238.229443 300 335.313000 10.341621
1.000000e-02 4.000000e-01 -4239.763878 300 334.941000 11.496864
1.000000e-02 5.000000e-01 -4239.174401 300 335.149000 10.643847
4.000000e-02 1.000000e-03 -4239.174488 300 334.733000 10.643858
4.000000e-02 4.000000e-03 -4239.174493 179 200.490000 10.643861
4.000000e-02 1.000000e-02 -4239.174083 300 335.498000 10.643764
4.000000e-02 4.000000e-02 -4238.950439 300 333.537000 10.208326
4.000000e-02 4.000000e-02 -4238.950439 300 333.537000 10.208326
4.000000e-02 1.000000e-01 -4239.560712 300 334.660000 12.287747
4.000000e-02 4.000000e-01 -4239.174457 171 192.145000 10.643860
4.000000e-02 5.000000e-01 -4241.217370 300 334.623000 13.777991
5.000000e-02 1.000000e-03 -4239.173644 300 335.121000 10.644923
5.000000e-02 4.000000e-03 -4239.174826 300 334.473000 10.641044
5.000000e-02 1.000000e-02 -4239.173331 300 333.670000 10.643461
5.000000e-02 4.000000e-02 -4239.595243 300 332.986000 12.166469
5.000000e-02 4.000000e-02 -4239.595243 300 332.986000 12.166469
5.000000e-02 1.000000e-01 -4239.272771 300 334.658000 11.938383
5.000000e-02 4.000000e-01 -4239.784230 300 334.155000 12.914590
5.000000e-02 5.000000e-01 -4239.919524 300 333.525000 12.125614
1.000000e-01 1.000000e-03 -4239.254522 300 336.973000 15.699234
1.000000e-01 4.000000e-03 -4239.326326 300 335.125000 15.967270
1.000000e-01 1.000000e-02 -4237.841429 300 335.914000 11.127746
1.000000e-01 4.000000e-02 -4238.826889 300 334.822000 14.194651
1.000000e-01 4.000000e-02 -4238.826889 300 334.822000 14.194651
1.000000e-01 1.000000e-01 -4239.449678 300 336.570000 15.404190
1.000000e-01 4.000000e-01 -4239.030309 300 335.887000 11.835509
1.000000e-01 5.000000e-01 -4239.305459 300 335.547000 12.855170
4.000000e-01 1.000000e-03 -4239.173491 300 335.105000 8.778766
4.000000e-01 4.000000e-03 -4239.171353 300 334.320000 8.778463
4.000000e-01 1.000000e-02 -4239.171470 300 335.815000 8.778502
4.000000e-01 4.000000e-02 -4239.171517 300 333.361000 8.777944
4.000000e-01 4.000000e-02 -4239.171517 300 333.361000 8.777944
4.000000e-01 1.000000e-01 -4239.171138 300 335.043000 8.775968
4.000000e-01 4.000000e-01 -4239.172850 300 336.360000 8.777709
4.000000e-01 5.000000e-01 -4240.159382 300 334.472000 11.293921
5.000000e-01 1.000000e-03 -4239.166985 300 336.350000 8.743677
5.000000e-01 4.000000e-03 -4239.172244 300 334.455000 8.744053
5.000000e-01 1.000000e-02 -4239.178341 300 334.201000 8.745082
5.000000e-01 4.000000e-02 -4239.161080 300 332.665000 8.682786
5.000000e-01 4.000000e-02 -4239.161080 300 332.665000 8.682786
5.000000e-01 1.000000e-01 -4239.175359 300 334.790000 8.761307
5.000000e-01 4.000000e-01 -4239.254821 300 336.386000 8.759369
5.000000e-01 5.000000e-01 -4239.366921 300 334.994000 8.753451
