1.000000e-03 1.000000e-03 0.000000 0 0.000000 0.000000
1.000000e-03 4.000000e-03 0.000000 0 0.000000 0.000000
1.000000e-03 1.000000e-02 -5417.127181 159 253.750000 13.330519
1.000000e-03 4.000000e-02 0.000000 0 0.000000 0.000000
1.000000e-03 8.000000e-02 -5415.032825 17 30.058000 13.815086
1.000000e-03 1.000000e-01 -5417.880974 181 290.566000 24.029988
1.000000e-03 4.000000e-01 -5310.955209 2 5.915000 16.534780
1.000000e-03 1.000000e+00 -5310.938043 2 6.117000 16.534158
1.000000e-03 1.500000e+00 -5310.922512 2 6.179000 16.531872
4.000000e-03 1.000000e-03 -5417.457344 50 82.285000 22.960483
4.000000e-03 4.000000e-03 -5418.117888 75 121.219000 23.582149
4.000000e-03 1.000000e-02 -5416.529251 18 31.335000 19.836217
4.000000e-03 4.000000e-02 -5417.576376 33 54.282000 24.055748
4.000000e-03 8.000000e-02 -5418.350040 41 67.460000 22.985971
4.000000e-03 1.000000e-01 -5417.353437 153 244.665000 23.200659
4.000000e-03 4.000000e-01 0.000000 0 0.000000 0.000000
4.000000e-03 1.000000e+00 -5311.189301 2 6.148000 16.565050
4.000000e-03 1.500000e+00 -5311.127185 2 6.126000 16.555947
1.000000e-02 1.000000e-03 -5418.426979 37 62.481000 23.852539
1.000000e-02 4.000000e-03 -5419.237156 36 61.103000 23.914122
1.000000e-02 1.000000e-02 -5417.488781 47 77.325000 23.125713
1.000000e-02 4.000000e-02 -5418.439905 57 93.819000 22.796455
1.000000e-02 8.000000e-02 0.000000 0 0.000000 0.000000
1.000000e-02 1.000000e-01 -5416.999141 30 51.234000 22.641897
1.000000e-02 4.000000e-01 -5418.675492 81 131.527000 22.528839
1.000000e-02 1.000000e+00 -5418.468666 23 39.283000 22.772978
1.000000e-02 1.500000e+00 -5416.559632 10 18.372000 22.275461
4.000000e-02 1.000000e-03 -5417.810070 20 33.516000 24.021916
4.000000e-02 4.000000e-03 -5417.802880 18 31.264000 24.074717
4.000000e-02 1.000000e-02 -5417.917434 26 43.627000 23.790774
4.000000e-02 4.000000e-02 -5417.761022 50 82.564000 23.629423
4.000000e-02 8.000000e-02 -5417.846452 18 31.928000 23.884903
4.000000e-02 1.000000e-01 -5418.377029 14 25.251000 24.296647
4.000000e-02 4.000000e-01 -5417.132218 41 69.040000 23.441530
4.000000e-02 1.000000e+00 -5417.660611 56 90.362000 23.524261
4.000000e-02 1.500000e+00 -5417.558843 48 78.833000 22.979475
8.000000e-02 1.000000e-03 -5417.976594 19 32.492000 24.317192
8.000000e-02 4.000000e-03 -5417.982121 19 34.283000 24.342622
8.000000e-02 1.000000e-02 -5417.979665 19 34.273000 24.308730
8.000000e-02 4.000000e-02 0.000000 0 0.000000 0.000000
8.000000e-02 8.000000e-02 0.000000 0 0.000000 0.000000
8.000000e-02 1.000000e-01 -5417.756314 57 92.354000 23.657780
8.000000e-02 4.000000e-01 -5417.760248 17 28.950000 22.559776
8.000000e-02 1.000000e+00 -5418.169069 63 102.550000 23.623689
8.000000e-02 1.500000e+00 -5417.331712 9 17.547000 21.987530
1.000000e-01 1.000000e-03 0.000000 0 0.000000 0.000000
1.000000e-01 4.000000e-03 0.000000 0 0.000000 0.000000
1.000000e-01 1.000000e-02 0.000000 0 0.000000 0.000000
1.000000e-01 4.000000e-02 -5417.761242 18 31.144000 23.965938
1.000000e-01 8.000000e-02 0.000000 0 0.000000 0.000000
1.000000e-01 1.000000e-01 -5417.736220 24 40.599000 23.948682
1.000000e-01 4.000000e-01 -5417.678960 15 25.905000 23.031999
1.000000e-01 1.000000e+00 0.000000 0 0.000000 0.000000
1.000000e-01 1.500000e+00 -5417.635503 30 50.501000 23.228217
4.000000e-01 1.000000e-03 0.000000 0 0.000000 0.000000
4.000000e-01 4.000000e-03 0.000000 0 0.000000 0.000000
4.000000e-01 1.000000e-02 0.000000 0 0.000000 0.000000
4.000000e-01 4.000000e-02 0.000000 0 0.000000 0.000000
4.000000e-01 8.000000e-02 0.000000 0 0.000000 0.000000
4.000000e-01 1.000000e-01 0.000000 0 0.000000 0.000000
4.000000e-01 4.000000e-01 0.000000 0 0.000000 0.000000
4.000000e-01 1.000000e+00 0.000000 0 0.000000 0.000000
4.000000e-01 1.500000e+00 0.000000 0 0.000000 0.000000
