
Lmod is automatically replacing "cce/11.0.4" with "gcc/10.2.0".


Lmod is automatically replacing "PrgEnv-cray/8.0.0" with "PrgEnv-gnu/8.0.0".


Due to MODULEPATH changes, the following have been reloaded:
  1) cray-mpich/8.1.4


The following have been reloaded with a version change:
  1) PrgEnv-gnu/8.0.0 => PrgEnv-gnu/8.1.0
  2) cray-libsci/21.04.1.1 => cray-libsci/21.08.1.2
  3) cray-mpich/8.1.4 => cray-mpich/8.1.9
  4) craype/2.7.6 => craype/2.7.10
  5) gcc/10.2.0 => gcc/11.2.0

srun: Job step aborted: Waiting up to 32 seconds for job step to finish.
slurmstepd: error: *** STEP 3089670.0 ON nid004206 CANCELLED AT 2023-02-14T17:38:49 DUE TO TIME LIMIT ***
slurmstepd: error: *** JOB 3089670 ON nid004206 CANCELLED AT 2023-02-14T17:38:49 DUE TO TIME LIMIT ***
process_vm_readv: No such process
PE 62: process_vm_readv returned: Invalid argument
Assertion failed in file ../src/mpid/ch4/shm/cray_common/cray_common_memops.c at line 426: 0
process_vm_readv: No such process
PE 126: process_vm_readv returned: Invalid argument
Assertion failed in file ../src/mpid/ch4/shm/cray_common/cray_common_memops.c at line 426: 0
process_vm_readv: No such process
PE 94: process_vm_readv returned: Invalid argument
Assertion failed in file ../src/mpid/ch4/shm/cray_common/cray_common_memops.c at line 426: 0
process_vm_readv: No such process
PE 110: process_vm_readv returned: Invalid argument
Assertion failed in file ../src/mpid/ch4/shm/cray_common/cray_common_memops.c at line 426: 0
/opt/cray/pe/lib64/libmpi_gnu_91.so.12(MPL_backtrace_show+0x26) [0x2af3e2ca0c7b]
/opt/cray/pe/lib64/libmpi_gnu_91.so.12(+0x20e2744) [0x2af3e2635744]
/opt/cray/pe/lib64/libmpi_gnu_91.so.12(+0x25a2b49) [0x2af3e2af5b49]
/opt/cray/pe/lib64/libmpi_gnu_91.so.12(+0x25cdd58) [0x2af3e2b20d58]
/opt/cray/pe/lib64/libmpi_gnu_91.so.12(+0x259b056) [0x2af3e2aee056]
/opt/cray/pe/lib64/libmpi_gnu_91.so.12(+0xf456a2) [0x2af3e14986a2]
/opt/cray/pe/lib64/libmpi_gnu_91.so.12(+0xfa48f6) [0x2af3e14f78f6]
/opt/cray/pe/lib64/libmpi_gnu_91.so.12(+0x1ddb0f6) [0x2af3e232e0f6]
/opt/cray/pe/lib64/libmpi_gnu_91.so.12(+0x1cadfb2) [0x2af3e2200fb2]
/opt/cray/pe/lib64/libmpi_gnu_91.so.12(+0x1986f6) [0x2af3e06eb6f6]
/opt/cray/pe/lib64/libmpi_gnu_91.so.12(+0x198858) [0x2af3e06eb858]
/opt/cray/pe/lib64/libmpi_gnu_91.so.12(PMPI_Alltoallv+0xc3a) [0x2af3e06ec84a]
/opt/cray/pe/lib64/libmpifort_gnu_91.so.12(pmpi_alltoallv_+0x52) [0x2af3e0315dc2]
/work/e05/e05/cahart/cp2k/cp2k-2023.1/cp2k-2023.1-dev-3/exe/ARCHER2/cp2k.psmp() [0x2de6311]
/work/e05/e05/cahart/cp2k/cp2k-2023.1/cp2k-2023.1-dev-3/exe/ARCHER2/cp2k.psmp() [0x2b31dd2]
/work/e05/e05/cahart/cp2k/cp2k-2023.1/cp2k-2023.1-dev-3/exe/ARCHER2/cp2k.psmp() [0x2a7dab5]
/work/e05/e05/cahart/cp2k/cp2k-2023.1/cp2k-2023.1-dev-3/exe/ARCHER2/cp2k.psmp() [0x2a88be2]
/work/e05/e05/cahart/cp2k/cp2k-2023.1/cp2k-2023.1-dev-3/exe/ARCHER2/cp2k.psmp() [0x292d05a]
/work/e05/e05/cahart/cp2k/cp2k-2023.1/cp2k-2023.1-dev-3/exe/ARCHER2/cp2k.psmp() [0x27dc42c]
/work/e05/e05/cahart/cp2k/cp2k-2023.1/cp2k-2023.1-dev-3/exe/ARCHER2/cp2k.psmp() [0x28c9b01]
/work/e05/e05/cahart/cp2k/cp2k-2023.1/cp2k-2023.1-dev-3/exe/ARCHER2/cp2k.psmp() [0x28d9adf]
/work/e05/e05/cahart/cp2k/cp2k-2023.1/cp2k-2023.1-dev-3/exe/ARCHER2/cp2k.psmp() [0x14e19f4]
/work/e05/e05/cahart/cp2k/cp2k-2023.1/cp2k-2023.1-dev-3/exe/ARCHER2/cp2k.psmp() [0x95499d]
/work/e05/e05/cahart/cp2k/cp2k-2023.1/cp2k-2023.1-dev-3/exe/ARCHER2/cp2k.psmp() [0x959cb0]
/work/e05/e05/cahart/cp2k/cp2k-2023.1/cp2k-2023.1-dev-3/exe/ARCHER2/cp2k.psmp() [0x1409c2f]
/work/e05/e05/cahart/cp2k/cp2k-2023.1/cp2k-2023.1-dev-3/exe/ARCHER2/cp2k.psmp() [0x14179e8]
/work/e05/e05/cahart/cp2k/cp2k-2023.1/cp2k-2023.1-dev-3/exe/ARCHER2/cp2k.psmp() [0xd567fc]
/work/e05/e05/cahart/cp2k/cp2k-2023.1/cp2k-2023.1-dev-3/exe/ARCHER2/cp2k.psmp() [0xb2d153]
/work/e05/e05/cahart/cp2k/cp2k-2023.1/cp2k-2023.1-dev-3/exe/ARCHER2/cp2k.psmp() [0x50e4a3]
/work/e05/e05/cahart/cp2k/cp2k-2023.1/cp2k-2023.1-dev-3/exe/ARCHER2/cp2k.psmp() [0x510f9a]
/work/e05/e05/cahart/cp2k/cp2k-2023.1/cp2k-2023.1-dev-3/exe/ARCHER2/cp2k.psmp() [0x50487e]
/work/e05/e05/cahart/cp2k/cp2k-2023.1/cp2k-2023.1-dev-3/exe/ARCHER2/cp2k.psmp() [0x4d868d]
MPICH ERROR [Rank 126] [job id 3089670.0] [Tue Feb 14 17:38:49 2023] [nid004206] - Abort(1): Internal error

/opt/cray/pe/lib64/libmpi_gnu_91.so.12(MPL_backtrace_show+0x26) [0x2ac90a2f6c7b]
/opt/cray/pe/lib64/libmpi_gnu_91.so.12(+0x20e2744) [0x2ac909c8b744]
/opt/cray/pe/lib64/libmpi_gnu_91.so.12(+0x25a2b49) [0x2ac90a14bb49]
/opt/cray/pe/lib64/libmpi_gnu_91.so.12(+0x25cdd58) [0x2ac90a176d58]
/opt/cray/pe/lib64/libmpi_gnu_91.so.12(+0x259b056) [0x2ac90a144056]
/opt/cray/pe/lib64/libmpi_gnu_91.so.12(+0xf456a2) [0x2ac908aee6a2]
/opt/cray/pe/lib64/libmpi_gnu_91.so.12(+0xfa48f6) [0x2ac908b4d8f6]
/opt/cray/pe/lib64/libmpi_gnu_91.so.12(+0x1ddb0f6) [0x2ac9099840f6]
/opt/cray/pe/lib64/libmpi_gnu_91.so.12(+0x1cadfb2) [0x2ac909856fb2]
/opt/cray/pe/lib64/libmpi_gnu_91.so.12(+0x1986f6) [0x2ac907d416f6]
/opt/cray/pe/lib64/libmpi_gnu_91.so.12(+0x198858) [0x2ac907d41858]
/opt/cray/pe/lib64/libmpi_gnu_91.so.12(PMPI_Alltoallv+0xc3a) [0x2ac907d4284a]
/opt/cray/pe/lib64/libmpifort_gnu_91.so.12(pmpi_alltoallv_+0x52) [0x2ac90796bdc2]
/work/e05/e05/cahart/cp2k/cp2k-2023.1/cp2k-2023.1-dev-3/exe/ARCHER2/cp2k.psmp() [0x2de6311]
/work/e05/e05/cahart/cp2k/cp2k-2023.1/cp2k-2023.1-dev-3/exe/ARCHER2/cp2k.psmp() [0x2b31dd2]
/work/e05/e05/cahart/cp2k/cp2k-2023.1/cp2k-2023.1-dev-3/exe/ARCHER2/cp2k.psmp() [0x2a7dab5]
/work/e05/e05/cahart/cp2k/cp2k-2023.1/cp2k-2023.1-dev-3/exe/ARCHER2/cp2k.psmp() [0x2a88be2]
/work/e05/e05/cahart/cp2k/cp2k-2023.1/cp2k-2023.1-dev-3/exe/ARCHER2/cp2k.psmp() [0x292d05a]
/work/e05/e05/cahart/cp2k/cp2k-2023.1/cp2k-2023.1-dev-3/exe/ARCHER2/cp2k.psmp() [0x27dc42c]
/work/e05/e05/cahart/cp2k/cp2k-2023.1/cp2k-2023.1-dev-3/exe/ARCHER2/cp2k.psmp() [0x28c9b01]
/work/e05/e05/cahart/cp2k/cp2k-2023.1/cp2k-2023.1-dev-3/exe/ARCHER2/cp2k.psmp() [0x28d9adf]
/work/e05/e05/cahart/cp2k/cp2k-2023.1/cp2k-2023.1-dev-3/exe/ARCHER2/cp2k.psmp() [0x14e19f4]
/work/e05/e05/cahart/cp2k/cp2k-2023.1/cp2k-2023.1-dev-3/exe/ARCHER2/cp2k.psmp() [0x95499d]
/work/e05/e05/cahart/cp2k/cp2k-2023.1/cp2k-2023.1-dev-3/exe/ARCHER2/cp2k.psmp() [0x959cb0]
/work/e05/e05/cahart/cp2k/cp2k-2023.1/cp2k-2023.1-dev-3/exe/ARCHER2/cp2k.psmp() [0x1409c2f]
/work/e05/e05/cahart/cp2k/cp2k-2023.1/cp2k-2023.1-dev-3/exe/ARCHER2/cp2k.psmp() [0x14179e8]
/work/e05/e05/cahart/cp2k/cp2k-2023.1/cp2k-2023.1-dev-3/exe/ARCHER2/cp2k.psmp() [0xd567fc]
/work/e05/e05/cahart/cp2k/cp2k-2023.1/cp2k-2023.1-dev-3/exe/ARCHER2/cp2k.psmp() [0xb2d153]
/work/e05/e05/cahart/cp2k/cp2k-2023.1/cp2k-2023.1-dev-3/exe/ARCHER2/cp2k.psmp() [0x50e4a3]
/work/e05/e05/cahart/cp2k/cp2k-2023.1/cp2k-2023.1-dev-3/exe/ARCHER2/cp2k.psmp() [0x510f9a]
/work/e05/e05/cahart/cp2k/cp2k-2023.1/cp2k-2023.1-dev-3/exe/ARCHER2/cp2k.psmp() [0x50487e]
/work/e05/e05/cahart/cp2k/cp2k-2023.1/cp2k-2023.1-dev-3/exe/ARCHER2/cp2k.psmp() [0x4d868d]
MPICH ERROR [Rank 94] [job id 3089670.0] [Tue Feb 14 17:38:49 2023] [nid004206] - Abort(1): Internal error

/opt/cray/pe/lib64/libmpi_gnu_91.so.12(MPL_backtrace_show+0x26) [0x2b934cd71c7b]
/opt/cray/pe/lib64/libmpi_gnu_91.so.12(+0x20e2744) [0x2b934c706744]
/opt/cray/pe/lib64/libmpi_gnu_91.so.12(+0x25a2b49) [0x2b934cbc6b49]
/opt/cray/pe/lib64/libmpi_gnu_91.so.12(+0x25cdd58) [0x2b934cbf1d58]
/opt/cray/pe/lib64/libmpi_gnu_91.so.12(+0x259b056) [0x2b934cbbf056]
/opt/cray/pe/lib64/libmpi_gnu_91.so.12(+0xf456a2) [0x2b934b5696a2]
/opt/cray/pe/lib64/libmpi_gnu_91.so.12(+0xfa48f6) [0x2b934b5c88f6]
/opt/cray/pe/lib64/libmpi_gnu_91.so.12(+0x1ddb0f6) [0x2b934c3ff0f6]
/opt/cray/pe/lib64/libmpi_gnu_91.so.12(+0x1cadfb2) [0x2b934c2d1fb2]
/opt/cray/pe/lib64/libmpi_gnu_91.so.12(+0x1986f6) [0x2b934a7bc6f6]
/opt/cray/pe/lib64/libmpi_gnu_91.so.12(+0x198858) [0x2b934a7bc858]
/opt/cray/pe/lib64/libmpi_gnu_91.so.12(PMPI_Alltoallv+0xc3a) [0x2b934a7bd84a]
/opt/cray/pe/lib64/libmpifort_gnu_91.so.12(pmpi_alltoallv_+0x52) [0x2b934a3e6dc2]
/work/e05/e05/cahart/cp2k/cp2k-2023.1/cp2k-2023.1-dev-3/exe/ARCHER2/cp2k.psmp() [0x2de6311]
/work/e05/e05/cahart/cp2k/cp2k-2023.1/cp2k-2023.1-dev-3/exe/ARCHER2/cp2k.psmp() [0x2b31dd2]
/work/e05/e05/cahart/cp2k/cp2k-2023.1/cp2k-2023.1-dev-3/exe/ARCHER2/cp2k.psmp() [0x2a7dab5]
/work/e05/e05/cahart/cp2k/cp2k-2023.1/cp2k-2023.1-dev-3/exe/ARCHER2/cp2k.psmp() [0x2a88be2]
/work/e05/e05/cahart/cp2k/cp2k-2023.1/cp2k-2023.1-dev-3/exe/ARCHER2/cp2k.psmp() [0x292d05a]
/work/e05/e05/cahart/cp2k/cp2k-2023.1/cp2k-2023.1-dev-3/exe/ARCHER2/cp2k.psmp() [0x27dc42c]
/work/e05/e05/cahart/cp2k/cp2k-2023.1/cp2k-2023.1-dev-3/exe/ARCHER2/cp2k.psmp() [0x28c9b01]
/work/e05/e05/cahart/cp2k/cp2k-2023.1/cp2k-2023.1-dev-3/exe/ARCHER2/cp2k.psmp() [0x28d9adf]
/work/e05/e05/cahart/cp2k/cp2k-2023.1/cp2k-2023.1-dev-3/exe/ARCHER2/cp2k.psmp() [0x14e19f4]
/work/e05/e05/cahart/cp2k/cp2k-2023.1/cp2k-2023.1-dev-3/exe/ARCHER2/cp2k.psmp() [0x95499d]
/work/e05/e05/cahart/cp2k/cp2k-2023.1/cp2k-2023.1-dev-3/exe/ARCHER2/cp2k.psmp() [0x959cb0]
/work/e05/e05/cahart/cp2k/cp2k-2023.1/cp2k-2023.1-dev-3/exe/ARCHER2/cp2k.psmp() [0x1409c2f]
/work/e05/e05/cahart/cp2k/cp2k-2023.1/cp2k-2023.1-dev-3/exe/ARCHER2/cp2k.psmp() [0x14179e8]
/work/e05/e05/cahart/cp2k/cp2k-2023.1/cp2k-2023.1-dev-3/exe/ARCHER2/cp2k.psmp() [0xd567fc]
/work/e05/e05/cahart/cp2k/cp2k-2023.1/cp2k-2023.1-dev-3/exe/ARCHER2/cp2k.psmp() [0xb2d153]
/work/e05/e05/cahart/cp2k/cp2k-2023.1/cp2k-2023.1-dev-3/exe/ARCHER2/cp2k.psmp() [0x50e4a3]
/work/e05/e05/cahart/cp2k/cp2k-2023.1/cp2k-2023.1-dev-3/exe/ARCHER2/cp2k.psmp() [0x510f9a]
/work/e05/e05/cahart/cp2k/cp2k-2023.1/cp2k-2023.1-dev-3/exe/ARCHER2/cp2k.psmp() [0x50487e]
/work/e05/e05/cahart/cp2k/cp2k-2023.1/cp2k-2023.1-dev-3/exe/ARCHER2/cp2k.psmp() [0x4d868d]
MPICH ERROR [Rank 110] [job id 3089670.0] [Tue Feb 14 17:38:49 2023] [nid004206] - Abort(1): Internal error

