0.000000e+00 0.000000 0 0.000000 0.000000
1.000000e+01 -4239.174686 108 122.505000 10.643884
2.000000e+01 -4239.174193 153 172.686000 10.643870
3.000000e+01 -4239.172509 87 99.977000 10.643675
4.000000e+01 -4239.174200 105 119.521000 10.643835
5.000000e+01 -4239.174207 124 141.619000 10.643836
6.000000e+01 -4239.175803 111 125.421000 10.643931
7.000000e+01 -4239.172946 109 123.410000 10.643694
8.000000e+01 -4239.174429 139 156.883000 10.643826
9.000000e+01 -4239.174006 173 195.996000 10.643795
1.000000e+02 -4239.174744 94 107.113000 10.644028
1.100000e+02 -4239.173794 154 173.548000 10.643739
1.200000e+02 -4239.174704 82 94.488000 10.643923
1.300000e+02 -4239.172993 159 178.849000 10.643555
1.400000e+02 -4239.173660 92 106.396000 10.643798
1.500000e+02 -4239.174416 139 158.052000 10.643862
1.600000e+02 -4239.173667 131 149.151000 10.643844
1.700000e+02 -4239.174415 130 148.051000 10.643870
1.800000e+02 -4239.173374 93 105.862000 10.643749
1.900000e+02 -4239.174698 86 99.152000 10.643904
2.000000e+02 -4239.174242 114 130.781000 10.643766
2.100000e+02 -4239.174344 108 124.798000 10.643811
2.200000e+02 -4239.174342 130 147.089000 10.643844
2.300000e+02 -4239.174349 102 118.374000 10.643973
2.400000e+02 -4239.174534 149 170.386000 10.643850
2.500000e+02 -4239.173802 110 126.615000 10.643822
2.600000e+02 -4239.174435 100 113.317000 10.643885
2.700000e+02 -4239.175109 105 120.695000 10.643945
2.800000e+02 -4239.174620 108 122.247000 10.643804
2.900000e+02 -4239.173811 114 129.380000 10.643976
3.000000e+02 -4239.173041 85 98.209000 10.643557
