cpu-bind=MASK - cn1048, task  0  0 [9412]: mask 0xffffffffffffffff set
5E-3 5E-4 4E-4 3E-4 2E-4 1E-4 5E-5 4E-5 3E-5 2E-5 1E-5 5E-6
5E-3
5E-6
12


16.00
16
547.50000000000000000000
532.50000000000000000000
--------------------------------------------------------------------------
Open MPI failed an OFI Libfabric library call (fi_domain).  This is highly
unusual; your job may behave unpredictably (and/or abort) after this.

  Local host: cn1048
  Location: mtl_ofi_component.c:928
  Error: No data available (61)
--------------------------------------------------------------------------
[cn1048.scarf.rl.ac.uk:10137] 95 more processes have sent help message help-mtl-ofi.txt / OFI call fail
[cn1048.scarf.rl.ac.uk:10137] Set MCA parameter "orte_base_help_aggregate" to 0 to see all help / error messages
--------------------------------------------------------------------------
Primary job  terminated normally, but 1 process returned
a non-zero exit code. Per user-direction, the job has been aborted.
--------------------------------------------------------------------------
--------------------------------------------------------------------------
mpirun noticed that process rank 52 with PID 19659 on node cn1050 exited on signal 9 (Killed).
--------------------------------------------------------------------------
