2.000000e-01 5.000000e-01 0.000000 0 0.000000 0.000000
2.000000e-01 6.000000e-01 0.000000 0 0.000000 0.000000
2.000000e-01 7.000000e-01 0.000000 0 0.000000 0.000000
2.000000e-01 8.000000e-01 0.000000 0 0.000000 0.000000
2.100000e-01 5.000000e-01 0.000000 0 0.000000 0.000000
2.100000e-01 6.000000e-01 0.000000 0 0.000000 0.000000
2.100000e-01 7.000000e-01 0.000000 0 0.000000 0.000000
2.100000e-01 8.000000e-01 0.000000 0 0.000000 0.000000
2.200000e-01 5.000000e-01 0.000000 0 0.000000 0.000000
2.200000e-01 6.000000e-01 0.000000 0 0.000000 0.000000
2.200000e-01 7.000000e-01 0.000000 0 0.000000 0.000000
2.200000e-01 8.000000e-01 0.000000 0 0.000000 0.000000
2.300000e-01 5.000000e-01 0.000000 0 0.000000 0.000000
2.300000e-01 6.000000e-01 0.000000 0 0.000000 0.000000
2.300000e-01 7.000000e-01 0.000000 0 0.000000 0.000000
2.300000e-01 8.000000e-01 0.000000 0 0.000000 0.000000
2.400000e-01 5.000000e-01 0.000000 0 0.000000 0.000000
2.400000e-01 6.000000e-01 0.000000 0 0.000000 0.000000
2.400000e-01 7.000000e-01 0.000000 0 0.000000 0.000000
2.400000e-01 8.000000e-01 0.000000 0 0.000000 0.000000
2.500000e-01 5.000000e-01 -5417.740258 182 291.392000 0.519582
2.500000e-01 6.000000e-01 0.000000 0 0.000000 0.000000
2.500000e-01 7.000000e-01 0.000000 0 0.000000 0.000000
2.500000e-01 8.000000e-01 0.000000 0 0.000000 0.000000
2.600000e-01 5.000000e-01 -5417.756743 108 173.399000 0.531408
2.600000e-01 6.000000e-01 0.000000 0 0.000000 0.000000
2.600000e-01 7.000000e-01 0.000000 0 0.000000 0.000000
2.600000e-01 8.000000e-01 0.000000 0 0.000000 0.000000
2.700000e-01 5.000000e-01 -5417.758632 151 244.980000 2.415045
2.700000e-01 6.000000e-01 0.000000 0 0.000000 0.000000
2.700000e-01 7.000000e-01 0.000000 0 0.000000 0.000000
2.700000e-01 8.000000e-01 0.000000 0 0.000000 0.000000
2.800000e-01 5.000000e-01 0.000000 0 0.000000 0.000000
2.800000e-01 6.000000e-01 0.000000 0 0.000000 0.000000
2.800000e-01 7.000000e-01 0.000000 0 0.000000 0.000000
2.800000e-01 8.000000e-01 0.000000 0 0.000000 0.000000
2.900000e-01 5.000000e-01 0.000000 0 0.000000 0.000000
2.900000e-01 6.000000e-01 0.000000 0 0.000000 0.000000
2.900000e-01 7.000000e-01 0.000000 0 0.000000 0.000000
2.900000e-01 8.000000e-01 0.000000 0 0.000000 0.000000
3.000000e-01 5.000000e-01 0.000000 0 0.000000 0.000000
3.000000e-01 6.000000e-01 0.000000 0 0.000000 0.000000
3.000000e-01 7.000000e-01 0.000000 0 0.000000 0.000000
3.000000e-01 8.000000e-01 0.000000 0 0.000000 0.000000
3.100000e-01 5.000000e-01 0.000000 0 0.000000 0.000000
3.100000e-01 6.000000e-01 0.000000 0 0.000000 0.000000
3.100000e-01 7.000000e-01 0.000000 0 0.000000 0.000000
3.100000e-01 8.000000e-01 0.000000 0 0.000000 0.000000
3.200000e-01 5.000000e-01 0.000000 0 0.000000 0.000000
3.200000e-01 6.000000e-01 0.000000 0 0.000000 0.000000
3.200000e-01 7.000000e-01 0.000000 0 0.000000 0.000000
3.200000e-01 8.000000e-01 0.000000 0 0.000000 0.000000
3.300000e-01 5.000000e-01 0.000000 0 0.000000 0.000000
3.300000e-01 6.000000e-01 0.000000 0 0.000000 0.000000
3.300000e-01 7.000000e-01 0.000000 0 0.000000 0.000000
3.300000e-01 8.000000e-01 0.000000 0 0.000000 0.000000
3.400000e-01 5.000000e-01 0.000000 0 0.000000 0.000000
3.400000e-01 6.000000e-01 0.000000 0 0.000000 0.000000
3.400000e-01 7.000000e-01 0.000000 0 0.000000 0.000000
3.400000e-01 8.000000e-01 0.000000 0 0.000000 0.000000
3.500000e-01 5.000000e-01 0.000000 0 0.000000 0.000000
3.500000e-01 6.000000e-01 0.000000 0 0.000000 0.000000
3.500000e-01 7.000000e-01 0.000000 0 0.000000 0.000000
3.500000e-01 8.000000e-01 0.000000 0 0.000000 0.000000
3.600000e-01 5.000000e-01 0.000000 0 0.000000 0.000000
3.600000e-01 6.000000e-01 0.000000 0 0.000000 0.000000
3.600000e-01 7.000000e-01 0.000000 0 0.000000 0.000000
3.600000e-01 8.000000e-01 0.000000 0 0.000000 0.000000
3.700000e-01 5.000000e-01 -5417.737737 295 476.011000 1.481035
3.700000e-01 6.000000e-01 0.000000 0 0.000000 0.000000
3.700000e-01 7.000000e-01 0.000000 0 0.000000 0.000000
3.700000e-01 8.000000e-01 0.000000 0 0.000000 0.000000
3.800000e-01 5.000000e-01 0.000000 0 0.000000 0.000000
3.800000e-01 6.000000e-01 0.000000 0 0.000000 0.000000
3.800000e-01 7.000000e-01 0.000000 0 0.000000 0.000000
3.800000e-01 8.000000e-01 0.000000 0 0.000000 0.000000
3.900000e-01 5.000000e-01 0.000000 0 0.000000 0.000000
3.900000e-01 6.000000e-01 0.000000 0 0.000000 0.000000
3.900000e-01 7.000000e-01 0.000000 0 0.000000 0.000000
3.900000e-01 8.000000e-01 0.000000 0 0.000000 0.000000
4.000000e-01 5.000000e-01 0.000000 0 0.000000 0.000000
4.000000e-01 6.000000e-01 0.000000 0 0.000000 0.000000
4.000000e-01 7.000000e-01 0.000000 0 0.000000 0.000000
4.000000e-01 8.000000e-01 0.000000 0 0.000000 0.000000
4.100000e-01 5.000000e-01 0.000000 0 0.000000 0.000000
4.100000e-01 6.000000e-01 0.000000 0 0.000000 0.000000
4.100000e-01 7.000000e-01 0.000000 0 0.000000 0.000000
4.100000e-01 8.000000e-01 0.000000 0 0.000000 0.000000
4.200000e-01 5.000000e-01 0.000000 0 0.000000 0.000000
4.200000e-01 6.000000e-01 0.000000 0 0.000000 0.000000
4.200000e-01 7.000000e-01 0.000000 0 0.000000 0.000000
4.200000e-01 8.000000e-01 0.000000 0 0.000000 0.000000
4.300000e-01 5.000000e-01 -5417.719527 326 525.361000 2.695707
4.300000e-01 6.000000e-01 0.000000 0 0.000000 0.000000
4.300000e-01 7.000000e-01 0.000000 0 0.000000 0.000000
4.300000e-01 8.000000e-01 0.000000 0 0.000000 0.000000
4.400000e-01 5.000000e-01 0.000000 0 0.000000 0.000000
4.400000e-01 6.000000e-01 0.000000 0 0.000000 0.000000
4.400000e-01 7.000000e-01 0.000000 0 0.000000 0.000000
4.400000e-01 8.000000e-01 0.000000 0 0.000000 0.000000
4.500000e-01 5.000000e-01 0.000000 0 0.000000 0.000000
4.500000e-01 6.000000e-01 0.000000 0 0.000000 0.000000
4.500000e-01 7.000000e-01 0.000000 0 0.000000 0.000000
4.500000e-01 8.000000e-01 0.000000 0 0.000000 0.000000
4.600000e-01 5.000000e-01 0.000000 0 0.000000 0.000000
4.600000e-01 6.000000e-01 0.000000 0 0.000000 0.000000
4.600000e-01 7.000000e-01 0.000000 0 0.000000 0.000000
4.600000e-01 8.000000e-01 0.000000 0 0.000000 0.000000
4.700000e-01 5.000000e-01 0.000000 0 0.000000 0.000000
4.700000e-01 6.000000e-01 0.000000 0 0.000000 0.000000
4.700000e-01 7.000000e-01 0.000000 0 0.000000 0.000000
4.700000e-01 8.000000e-01 0.000000 0 0.000000 0.000000
4.800000e-01 5.000000e-01 0.000000 0 0.000000 0.000000
4.800000e-01 6.000000e-01 0.000000 0 0.000000 0.000000
4.800000e-01 7.000000e-01 -5417.778527 156 249.095000 23.685037
4.800000e-01 8.000000e-01 0.000000 0 0.000000 0.000000
4.900000e-01 5.000000e-01 0.000000 0 0.000000 0.000000
4.900000e-01 6.000000e-01 0.000000 0 0.000000 0.000000
4.900000e-01 7.000000e-01 0.000000 0 0.000000 0.000000
4.900000e-01 8.000000e-01 0.000000 0 0.000000 0.000000
5.000000e-01 5.000000e-01 0.000000 0 0.000000 0.000000
5.000000e-01 6.000000e-01 0.000000 0 0.000000 0.000000
5.000000e-01 7.000000e-01 0.000000 0 0.000000 0.000000
5.000000e-01 8.000000e-01 0.000000 0 0.000000 0.000000
5.100000e-01 5.000000e-01 0.000000 0 0.000000 0.000000
5.100000e-01 6.000000e-01 0.000000 0 0.000000 0.000000
5.100000e-01 7.000000e-01 0.000000 0 0.000000 0.000000
5.100000e-01 8.000000e-01 0.000000 0 0.000000 0.000000
5.200000e-01 5.000000e-01 0.000000 0 0.000000 0.000000
5.200000e-01 6.000000e-01 0.000000 0 0.000000 0.000000
5.200000e-01 7.000000e-01 0.000000 0 0.000000 0.000000
5.200000e-01 8.000000e-01 0.000000 0 0.000000 0.000000
5.300000e-01 5.000000e-01 0.000000 0 0.000000 0.000000
5.300000e-01 6.000000e-01 0.000000 0 0.000000 0.000000
5.300000e-01 7.000000e-01 0.000000 0 0.000000 0.000000
5.300000e-01 8.000000e-01 0.000000 0 0.000000 0.000000
5.400000e-01 5.000000e-01 0.000000 0 0.000000 0.000000
5.400000e-01 6.000000e-01 0.000000 0 0.000000 0.000000
5.400000e-01 7.000000e-01 0.000000 0 0.000000 0.000000
5.400000e-01 8.000000e-01 -5417.804727 141 228.926000 23.670952
5.500000e-01 5.000000e-01 0.000000 0 0.000000 0.000000
5.500000e-01 6.000000e-01 0.000000 0 0.000000 0.000000
5.500000e-01 7.000000e-01 0.000000 0 0.000000 0.000000
5.500000e-01 8.000000e-01 0.000000 0 0.000000 0.000000
5.600000e-01 5.000000e-01 0.000000 0 0.000000 0.000000
5.600000e-01 6.000000e-01 0.000000 0 0.000000 0.000000
5.600000e-01 7.000000e-01 0.000000 0 0.000000 0.000000
5.600000e-01 8.000000e-01 0.000000 0 0.000000 0.000000
5.700000e-01 5.000000e-01 0.000000 0 0.000000 0.000000
5.700000e-01 6.000000e-01 0.000000 0 0.000000 0.000000
5.700000e-01 7.000000e-01 -5417.765244 201 322.538000 23.622602
5.700000e-01 8.000000e-01 0.000000 0 0.000000 0.000000
5.800000e-01 5.000000e-01 0.000000 0 0.000000 0.000000
5.800000e-01 6.000000e-01 0.000000 0 0.000000 0.000000
5.800000e-01 7.000000e-01 0.000000 0 0.000000 0.000000
5.800000e-01 8.000000e-01 -5417.828062 41 70.214000 23.653461
5.900000e-01 5.000000e-01 0.000000 0 0.000000 0.000000
5.900000e-01 6.000000e-01 0.000000 0 0.000000 0.000000
5.900000e-01 7.000000e-01 0.000000 0 0.000000 0.000000
5.900000e-01 8.000000e-01 0.000000 0 0.000000 0.000000
6.000000e-01 5.000000e-01 0.000000 0 0.000000 0.000000
6.000000e-01 6.000000e-01 -5417.760533 187 298.762000 23.682989
6.000000e-01 7.000000e-01 0.000000 0 0.000000 0.000000
6.000000e-01 8.000000e-01 -5417.783806 259 414.762000 23.681582
6.100000e-01 5.000000e-01 0.000000 0 0.000000 0.000000
6.100000e-01 6.000000e-01 0.000000 0 0.000000 0.000000
6.100000e-01 7.000000e-01 -5417.754439 201 321.360000 23.661458
6.100000e-01 8.000000e-01 -5417.752950 115 186.482000 23.623403
6.200000e-01 5.000000e-01 0.000000 0 0.000000 0.000000
6.200000e-01 6.000000e-01 0.000000 0 0.000000 0.000000
6.200000e-01 7.000000e-01 0.000000 0 0.000000 0.000000
6.200000e-01 8.000000e-01 0.000000 0 0.000000 0.000000
6.300000e-01 5.000000e-01 0.000000 0 0.000000 0.000000
6.300000e-01 6.000000e-01 -5417.788899 294 468.327000 23.611208
6.300000e-01 7.000000e-01 -5417.814143 179 287.005000 23.642421
6.300000e-01 8.000000e-01 -5417.766263 147 238.155000 23.597414
6.400000e-01 5.000000e-01 0.000000 0 0.000000 0.000000
6.400000e-01 6.000000e-01 0.000000 0 0.000000 0.000000
6.400000e-01 7.000000e-01 0.000000 0 0.000000 0.000000
6.400000e-01 8.000000e-01 -5417.775286 243 390.598000 23.643515
6.500000e-01 5.000000e-01 0.000000 0 0.000000 0.000000
6.500000e-01 6.000000e-01 0.000000 0 0.000000 0.000000
6.500000e-01 7.000000e-01 -5417.713553 22 38.210000 23.551970
6.500000e-01 8.000000e-01 0.000000 0 0.000000 0.000000
6.600000e-01 5.000000e-01 0.000000 0 0.000000 0.000000
6.600000e-01 6.000000e-01 0.000000 0 0.000000 0.000000
6.600000e-01 7.000000e-01 -5417.766322 53 86.662000 23.647128
6.600000e-01 8.000000e-01 0.000000 0 0.000000 0.000000
6.700000e-01 5.000000e-01 0.000000 0 0.000000 0.000000
6.700000e-01 6.000000e-01 0.000000 0 0.000000 0.000000
6.700000e-01 7.000000e-01 -5417.711705 49 79.946000 23.665367
6.700000e-01 8.000000e-01 0.000000 0 0.000000 0.000000
6.800000e-01 5.000000e-01 0.000000 0 0.000000 0.000000
6.800000e-01 6.000000e-01 0.000000 0 0.000000 0.000000
6.800000e-01 7.000000e-01 -5417.880890 44 77.555000 23.683789
6.800000e-01 8.000000e-01 -5417.879380 142 230.714000 23.645775
6.900000e-01 5.000000e-01 0.000000 0 0.000000 0.000000
6.900000e-01 6.000000e-01 0.000000 0 0.000000 0.000000
6.900000e-01 7.000000e-01 0.000000 0 0.000000 0.000000
6.900000e-01 8.000000e-01 0.000000 0 0.000000 0.000000
7.000000e-01 5.000000e-01 0.000000 0 0.000000 0.000000
7.000000e-01 6.000000e-01 -5417.788253 260 413.638000 23.651922
7.000000e-01 7.000000e-01 0.000000 0 0.000000 0.000000
7.000000e-01 8.000000e-01 0.000000 0 0.000000 0.000000
7.100000e-01 5.000000e-01 0.000000 0 0.000000 0.000000
7.100000e-01 6.000000e-01 0.000000 0 0.000000 0.000000
7.100000e-01 7.000000e-01 -5417.779146 232 373.577000 23.660975
7.100000e-01 8.000000e-01 0.000000 0 0.000000 0.000000
7.200000e-01 5.000000e-01 0.000000 0 0.000000 0.000000
7.200000e-01 6.000000e-01 0.000000 0 0.000000 0.000000
7.200000e-01 7.000000e-01 -5417.802636 55 91.015000 23.680933
7.200000e-01 8.000000e-01 0.000000 0 0.000000 0.000000
7.300000e-01 5.000000e-01 0.000000 0 0.000000 0.000000
7.300000e-01 6.000000e-01 0.000000 0 0.000000 0.000000
7.300000e-01 7.000000e-01 0.000000 0 0.000000 0.000000
7.300000e-01 8.000000e-01 0.000000 0 0.000000 0.000000
7.400000e-01 5.000000e-01 0.000000 0 0.000000 0.000000
7.400000e-01 6.000000e-01 0.000000 0 0.000000 0.000000
7.400000e-01 7.000000e-01 -5417.779234 288 462.437000 23.652486
7.400000e-01 8.000000e-01 0.000000 0 0.000000 0.000000
7.500000e-01 5.000000e-01 0.000000 0 0.000000 0.000000
7.500000e-01 6.000000e-01 0.000000 0 0.000000 0.000000
7.500000e-01 7.000000e-01 0.000000 0 0.000000 0.000000
7.500000e-01 8.000000e-01 -5417.745534 145 233.487000 23.640744
7.600000e-01 5.000000e-01 0.000000 0 0.000000 0.000000
7.600000e-01 6.000000e-01 0.000000 0 0.000000 0.000000
7.600000e-01 7.000000e-01 0.000000 0 0.000000 0.000000
7.600000e-01 8.000000e-01 -5417.797892 123 197.979000 23.615673
7.700000e-01 5.000000e-01 -5417.875523 46 76.242000 22.981063
7.700000e-01 6.000000e-01 0.000000 0 0.000000 0.000000
7.700000e-01 7.000000e-01 0.000000 0 0.000000 0.000000
7.700000e-01 8.000000e-01 0.000000 0 0.000000 0.000000
7.800000e-01 5.000000e-01 0.000000 0 0.000000 0.000000
7.800000e-01 6.000000e-01 0.000000 0 0.000000 0.000000
7.800000e-01 7.000000e-01 0.000000 0 0.000000 0.000000
7.800000e-01 8.000000e-01 -5417.864471 137 222.086000 23.631080
7.900000e-01 5.000000e-01 0.000000 0 0.000000 0.000000
7.900000e-01 6.000000e-01 0.000000 0 0.000000 0.000000
7.900000e-01 7.000000e-01 0.000000 0 0.000000 0.000000
7.900000e-01 8.000000e-01 0.000000 0 0.000000 0.000000
8.000000e-01 5.000000e-01 0.000000 0 0.000000 0.000000
8.000000e-01 6.000000e-01 0.000000 0 0.000000 0.000000
8.000000e-01 7.000000e-01 0.000000 0 0.000000 0.000000
8.000000e-01 8.000000e-01 0.000000 0 0.000000 0.000000
